This file contains any messages produced by compilers while
running configure, to aid debugging if configure makes a mistake.

It was created by GNU Make configure 4.4.1, which was
generated by GNU Autoconf 2.72.  Invocation command line was

  $ configure --disable-nls --no-create --no-recursion

## --------- ##
## Platform. ##
## --------- ##

hostname = ritadeiMac.local
uname -m = x86_64
uname -r = 22.6.0
uname -s = Darwin
uname -v = Darwin Kernel Version 22.6.0: Tue Nov  7 21:48:06 PST 2023; root:xnu-8796.141.3.702.9~2/RELEASE_X86_64

/usr/bin/uname -p = i386
/bin/uname -X     = unknown

/bin/arch              = unknown
/usr/bin/arch -k       = unknown
/usr/convex/getsysinfo = unknown
/usr/bin/hostinfo      = Mach kernel version:
	 Darwin Kernel Version 22.6.0: Tue Nov  7 21:48:06 PST 2023; root:xnu-8796.141.3.702.9~2/RELEASE_X86_64
Kernel configured for up to 4 processors.
4 processors are physically available.
4 processors are logically available.
Processor type: x86_64h (Intel x86-64h Haswell)
Processors active: 0 1 2 3
Primary memory available: 8.00 gigabytes
Default processor set: 528 tasks, 2083 threads, 4 processors
Load average: 3.90, Mach factor: 0.78
/bin/machine           = unknown
/usr/bin/oslevel       = unknown
/bin/universe          = unknown

PATH: /Users/rita/.bun/bin/
PATH: /usr/local/bin/
PATH: /System/Cryptexes/App/usr/bin/
PATH: /usr/bin/
PATH: /bin/
PATH: /usr/sbin/
PATH: /sbin/
PATH: /Library/TeX/texbin/
PATH: /Library/Apple/usr/bin/
PATH: /var/run/com.apple.security.cryptexd/codex.system/bootstrap/usr/local/bin/
PATH: /var/run/com.apple.security.cryptexd/codex.system/bootstrap/usr/bin/
PATH: /var/run/com.apple.security.cryptexd/codex.system/bootstrap/usr/appleinternal/bin/
PATH: /Users/rita/.bun/bin/
PATH: /Users/rita/.zvm/bin/
PATH: /Users/rita/.zvm/bin/


## ----------- ##
## Core tests. ##
## ----------- ##

configure:2975: looking for aux files: config.rpath config.guess config.sub compile missing install-sh
configure:2988:  trying ./build-aux/
configure:3017:   ./build-aux/config.rpath found
configure:3017:   ./build-aux/config.guess found
configure:3017:   ./build-aux/config.sub found
configure:3017:   ./build-aux/compile found
configure:3017:   ./build-aux/missing found
configure:2999:   ./build-aux/install-sh found
configure:3163: checking for a BSD-compatible install
configure:3237: result: /usr/local/bin/ginstall -c
configure:3248: checking whether build environment is sane
configure:3303: result: yes
configure:3464: checking for a race-free mkdir -p
configure:3507: result: /usr/local/bin/gmkdir -p
configure:3514: checking for gawk
configure:3550: result: no
configure:3514: checking for mawk
configure:3550: result: no
configure:3514: checking for nawk
configure:3550: result: no
configure:3514: checking for awk
configure:3535: found /usr/bin/awk
configure:3547: result: awk
configure:3558: checking whether make sets $(MAKE)
configure:3582: result: yes
configure:3612: checking whether make supports nested variables
configure:3631: result: yes
configure:3782: checking whether make supports the include directive
configure:3797: make -f confmf.GNU && cat confinc.out
this is the am__doit target
configure:3800: $? = 0
configure:3819: result: yes (GNU style)
configure:3896: checking for gcc
configure:3917: found /usr/bin/gcc
configure:3929: result: gcc
configure:4288: checking for C compiler version
configure:4297: gcc --version >&5
Apple clang version 14.0.3 (clang-1403.0.22.14.1)
Target: x86_64-apple-darwin22.6.0
Thread model: posix
InstalledDir: /Library/Developer/CommandLineTools/usr/bin
configure:4308: $? = 0
configure:4297: gcc -v >&5
Apple clang version 14.0.3 (clang-1403.0.22.14.1)
Target: x86_64-apple-darwin22.6.0
Thread model: posix
InstalledDir: /Library/Developer/CommandLineTools/usr/bin
configure:4308: $? = 0
configure:4297: gcc -V >&5
clang: error: argument to '-V' is missing (expected 1 value)
clang: error: no input files
configure:4308: $? = 1
configure:4297: gcc -qversion >&5
clang: error: unknown argument '-qversion'; did you mean '--version'?
clang: error: no input files
configure:4308: $? = 1
configure:4297: gcc -version >&5
clang: error: unknown argument '-version'; did you mean '--version'?
clang: error: no input files
configure:4308: $? = 1
configure:4328: checking whether the C compiler works
configure:4350: gcc    conftest.c  >&5
configure:4354: $? = 0
configure:4405: result: yes
configure:4409: checking for C compiler default output file name
configure:4411: result: a.out
configure:4417: checking for suffix of executables
configure:4424: gcc -o conftest    conftest.c  >&5
configure:4428: $? = 0
configure:4452: result: 
configure:4476: checking whether we are cross compiling
configure:4484: gcc -o conftest    conftest.c  >&5
configure:4488: $? = 0
configure:4495: ./conftest
configure:4499: $? = 0
configure:4514: result: no
configure:4520: checking for suffix of object files
configure:4543: gcc -c   conftest.c >&5
configure:4547: $? = 0
configure:4571: result: o
configure:4575: checking whether the compiler supports GNU C
configure:4595: gcc -c   conftest.c >&5
configure:4595: $? = 0
configure:4607: result: yes
configure:4618: checking whether gcc accepts -g
configure:4639: gcc -c -g  conftest.c >&5
configure:4639: $? = 0
configure:4686: result: yes
configure:4706: checking for gcc option to enable C11 features
configure:4721: gcc  -c -g -O2  conftest.c >&5
configure:4721: $? = 0
configure:4740: result: none needed
configure:4864: checking whether gcc understands -c and -o together
configure:4887: gcc -c conftest.c -o conftest2.o
configure:4890: $? = 0
configure:4887: gcc -c conftest.c -o conftest2.o
configure:4890: $? = 0
configure:4903: result: yes
configure:4921: checking whether the compiler is clang
configure:4943: gcc -c -g -O2  conftest.c >&5
conftest.c:13:12: error: unknown type name 'barfbarf'
           barfbarf
           ^
1 error generated.
configure:4943: $? = 1
configure: failed program was:
| /* confdefs.h */
| #define PACKAGE_NAME "GNU Make"
| #define PACKAGE_TARNAME "make"
| #define PACKAGE_VERSION "4.4.1"
| #define PACKAGE_STRING "GNU Make 4.4.1"
| #define PACKAGE_BUGREPORT "bug-make@gnu.org"
| #define PACKAGE_URL "https://www.gnu.org/software/make/"
| #define PACKAGE "make"
| #define VERSION "4.4.1"
| /* end confdefs.h.  */
| 
|            #ifdef __clang__
|            barfbarf
|            #endif
| 
| int
| main (void)
| {
| 
|   ;
|   return 0;
| }
| 
configure:4954: result: yes
configure:4958: checking for compiler option needed when checking for declarations
configure:4978: gcc -c -g -O2  conftest.c >&5 -Werror=implicit-function-declaration
configure:4978: $? = 0
configure:4993: result: -Werror=implicit-function-declaration
configure:5004: checking dependency style of gcc
configure:5117: result: gcc3
configure:5137: checking for stdio.h
configure:5137: gcc -c -g -O2  conftest.c >&5
configure:5137: $? = 0
configure:5137: result: yes
configure:5137: checking for stdlib.h
configure:5137: gcc -c -g -O2  conftest.c >&5
configure:5137: $? = 0
configure:5137: result: yes
configure:5137: checking for string.h
configure:5137: gcc -c -g -O2  conftest.c >&5
configure:5137: $? = 0
configure:5137: result: yes
configure:5137: checking for inttypes.h
configure:5137: gcc -c -g -O2  conftest.c >&5
configure:5137: $? = 0
configure:5137: result: yes
configure:5137: checking for stdint.h
configure:5137: gcc -c -g -O2  conftest.c >&5
configure:5137: $? = 0
configure:5137: result: yes
configure:5137: checking for strings.h
configure:5137: gcc -c -g -O2  conftest.c >&5
configure:5137: $? = 0
configure:5137: result: yes
configure:5137: checking for sys/stat.h
configure:5137: gcc -c -g -O2  conftest.c >&5
configure:5137: $? = 0
configure:5137: result: yes
configure:5137: checking for sys/types.h
configure:5137: gcc -c -g -O2  conftest.c >&5
configure:5137: $? = 0
configure:5137: result: yes
configure:5137: checking for unistd.h
configure:5137: gcc -c -g -O2  conftest.c >&5
configure:5137: $? = 0
configure:5137: result: yes
configure:5137: checking for wchar.h
configure:5137: gcc -c -g -O2  conftest.c >&5
configure:5137: $? = 0
configure:5137: result: yes
configure:5137: checking for minix/config.h
configure:5137: gcc -c -g -O2  conftest.c >&5
conftest.c:49:10: fatal error: 'minix/config.h' file not found
#include <minix/config.h>
         ^~~~~~~~~~~~~~~~
1 error generated.
configure:5137: $? = 1
configure: failed program was:
| /* confdefs.h */
| #define PACKAGE_NAME "GNU Make"
| #define PACKAGE_TARNAME "make"
| #define PACKAGE_VERSION "4.4.1"
| #define PACKAGE_STRING "GNU Make 4.4.1"
| #define PACKAGE_BUGREPORT "bug-make@gnu.org"
| #define PACKAGE_URL "https://www.gnu.org/software/make/"
| #define PACKAGE "make"
| #define VERSION "4.4.1"
| #define HAVE_STDIO_H 1
| #define HAVE_STDLIB_H 1
| #define HAVE_STRING_H 1
| #define HAVE_INTTYPES_H 1
| #define HAVE_STDINT_H 1
| #define HAVE_STRINGS_H 1
| #define HAVE_SYS_STAT_H 1
| #define HAVE_SYS_TYPES_H 1
| #define HAVE_UNISTD_H 1
| #define HAVE_WCHAR_H 1
| /* end confdefs.h.  */
| #include <stddef.h>
| #ifdef HAVE_STDIO_H
| # include <stdio.h>
| #endif
| #ifdef HAVE_STDLIB_H
| # include <stdlib.h>
| #endif
| #ifdef HAVE_STRING_H
| # include <string.h>
| #endif
| #ifdef HAVE_INTTYPES_H
| # include <inttypes.h>
| #endif
| #ifdef HAVE_STDINT_H
| # include <stdint.h>
| #endif
| #ifdef HAVE_STRINGS_H
| # include <strings.h>
| #endif
| #ifdef HAVE_SYS_TYPES_H
| # include <sys/types.h>
| #endif
| #ifdef HAVE_SYS_STAT_H
| # include <sys/stat.h>
| #endif
| #ifdef HAVE_UNISTD_H
| # include <unistd.h>
| #endif
| #include <minix/config.h>
configure:5137: result: no
configure:5137: checking for sys/param.h
configure:5137: gcc -c -g -O2  conftest.c >&5
configure:5137: $? = 0
configure:5137: result: yes
configure:5137: checking for stdbool.h
configure:5137: gcc -c -g -O2  conftest.c >&5
configure:5137: $? = 0
configure:5137: result: yes
configure:5137: checking for vfork.h
configure:5137: gcc -c -g -O2  conftest.c >&5
conftest.c:51:10: fatal error: 'vfork.h' file not found
#include <vfork.h>
         ^~~~~~~~~
1 error generated.
configure:5137: $? = 1
configure: failed program was:
| /* confdefs.h */
| #define PACKAGE_NAME "GNU Make"
| #define PACKAGE_TARNAME "make"
| #define PACKAGE_VERSION "4.4.1"
| #define PACKAGE_STRING "GNU Make 4.4.1"
| #define PACKAGE_BUGREPORT "bug-make@gnu.org"
| #define PACKAGE_URL "https://www.gnu.org/software/make/"
| #define PACKAGE "make"
| #define VERSION "4.4.1"
| #define HAVE_STDIO_H 1
| #define HAVE_STDLIB_H 1
| #define HAVE_STRING_H 1
| #define HAVE_INTTYPES_H 1
| #define HAVE_STDINT_H 1
| #define HAVE_STRINGS_H 1
| #define HAVE_SYS_STAT_H 1
| #define HAVE_SYS_TYPES_H 1
| #define HAVE_UNISTD_H 1
| #define HAVE_WCHAR_H 1
| #define HAVE_SYS_PARAM_H 1
| #define HAVE_STDBOOL_H 1
| /* end confdefs.h.  */
| #include <stddef.h>
| #ifdef HAVE_STDIO_H
| # include <stdio.h>
| #endif
| #ifdef HAVE_STDLIB_H
| # include <stdlib.h>
| #endif
| #ifdef HAVE_STRING_H
| # include <string.h>
| #endif
| #ifdef HAVE_INTTYPES_H
| # include <inttypes.h>
| #endif
| #ifdef HAVE_STDINT_H
| # include <stdint.h>
| #endif
| #ifdef HAVE_STRINGS_H
| # include <strings.h>
| #endif
| #ifdef HAVE_SYS_TYPES_H
| # include <sys/types.h>
| #endif
| #ifdef HAVE_SYS_STAT_H
| # include <sys/stat.h>
| #endif
| #ifdef HAVE_UNISTD_H
| # include <unistd.h>
| #endif
| #include <vfork.h>
configure:5137: result: no
configure:5168: checking whether it is safe to define __EXTENSIONS__
configure:5187: gcc -c -g -O2  conftest.c >&5
configure:5187: $? = 0
configure:5197: result: yes
configure:5200: checking whether _XOPEN_SOURCE should be defined
configure:5222: gcc -c -g -O2  conftest.c >&5
configure:5222: $? = 0
configure:5251: result: no
configure:5364: checking for gcc
configure:5397: result: gcc
configure:5756: checking for C compiler version
configure:5765: gcc --version >&5
Apple clang version 14.0.3 (clang-1403.0.22.14.1)
Target: x86_64-apple-darwin22.6.0
Thread model: posix
InstalledDir: /Library/Developer/CommandLineTools/usr/bin
configure:5776: $? = 0
configure:5765: gcc -v >&5
Apple clang version 14.0.3 (clang-1403.0.22.14.1)
Target: x86_64-apple-darwin22.6.0
Thread model: posix
InstalledDir: /Library/Developer/CommandLineTools/usr/bin
configure:5776: $? = 0
configure:5765: gcc -V >&5
clang: error: argument to '-V' is missing (expected 1 value)
clang: error: no input files
configure:5776: $? = 1
configure:5765: gcc -qversion >&5
clang: error: unknown argument '-qversion'; did you mean '--version'?
clang: error: no input files
configure:5776: $? = 1
configure:5765: gcc -version >&5
clang: error: unknown argument '-version'; did you mean '--version'?
clang: error: no input files
configure:5776: $? = 1
configure:5780: checking whether the compiler supports GNU C
configure:5812: result: yes
configure:5823: checking whether gcc accepts -g
configure:5891: result: yes
configure:5911: checking for gcc option to enable C11 features
configure:5945: result: none needed
configure:6069: checking whether gcc understands -c and -o together
configure:6108: result: yes
configure:6126: checking whether the compiler is clang
configure:6159: result: yes
configure:6163: checking for compiler option needed when checking for declarations
configure:6198: result: -Werror=implicit-function-declaration
configure:6209: checking dependency style of gcc
configure:6322: result: gcc3
configure:6407: checking for g++
configure:6428: found /usr/bin/g++
configure:6440: result: g++
configure:6467: checking for C++ compiler version
configure:6476: g++ --version >&5
Apple clang version 14.0.3 (clang-1403.0.22.14.1)
Target: x86_64-apple-darwin22.6.0
Thread model: posix
InstalledDir: /Library/Developer/CommandLineTools/usr/bin
configure:6487: $? = 0
configure:6476: g++ -v >&5
Apple clang version 14.0.3 (clang-1403.0.22.14.1)
Target: x86_64-apple-darwin22.6.0
Thread model: posix
InstalledDir: /Library/Developer/CommandLineTools/usr/bin
configure:6487: $? = 0
configure:6476: g++ -V >&5
clang: error: argument to '-V' is missing (expected 1 value)
clang: error: no input files
configure:6487: $? = 1
configure:6476: g++ -qversion >&5
clang: error: unknown argument '-qversion'; did you mean '--version'?
clang: error: no input files
configure:6487: $? = 1
configure:6491: checking whether the compiler supports GNU C++
configure:6511: g++ -c   conftest.cpp >&5
configure:6511: $? = 0
configure:6523: result: yes
configure:6534: checking whether g++ accepts -g
configure:6555: g++ -c -g  conftest.cpp >&5
configure:6555: $? = 0
configure:6602: result: yes
configure:6622: checking for g++ option to enable C++11 features
configure:6637: g++  -c -g -O2  conftest.cpp >&5
conftest.cpp:87:3: error: "Compiler does not advertise C++11 conformance"
# error "Compiler does not advertise C++11 conformance"
  ^
conftest.cpp:92:3: error: unknown type name 'constexpr'
  constexpr int get_val() { return 20; }
  ^
conftest.cpp:104:17: error: delegating constructors are permitted only in C++11
    delegate(): delegate(2354) {}
                ^~~~~~~~
conftest.cpp:115:26: warning: 'override' keyword is a C++11 extension [-Wc++11-extensions]
    virtual int getval() override final { return this->n * 2; }
                         ^
conftest.cpp:115:35: warning: 'final' keyword is a C++11 extension [-Wc++11-extensions]
    virtual int getval() override final { return this->n * 2; }
                                  ^
conftest.cpp:122:16: warning: defaulted function definitions are a C++11 extension [-Wc++11-extensions]
    nocopy() = default;
               ^
conftest.cpp:123:29: warning: deleted function definitions are a C++11 extension [-Wc++11-extensions]
    nocopy(const nocopy&) = delete;
                            ^
conftest.cpp:124:41: warning: deleted function definitions are a C++11 extension [-Wc++11-extensions]
    nocopy & operator=(const nocopy&) = delete;
                                        ^
conftest.cpp:136:25: warning: 'auto' type specifier is a C++11 extension [-Wc++11-extensions]
  template <typename V> auto sum(V first) -> V
                        ^
conftest.cpp:136:25: error: 'auto' not allowed in function return type
  template <typename V> auto sum(V first) -> V
                        ^~~~
conftest.cpp:136:42: error: expected ';' at end of declaration
  template <typename V> auto sum(V first) -> V
                                         ^
                                         ;
conftest.cpp:136:43: error: cannot use arrow operator on a type
  template <typename V> auto sum(V first) -> V
                                          ^
conftest.cpp:140:33: warning: variadic templates are a C++11 extension [-Wc++11-extensions]
  template <typename V, typename... Args> auto sum(V first, Args... rest) -> V
                                ^
conftest.cpp:140:43: warning: 'auto' type specifier is a C++11 extension [-Wc++11-extensions]
  template <typename V, typename... Args> auto sum(V first, Args... rest) -> V
                                          ^
conftest.cpp:140:43: error: 'auto' not allowed in function return type
  template <typename V, typename... Args> auto sum(V first, Args... rest) -> V
                                          ^~~~
conftest.cpp:140:74: error: expected ';' at end of declaration
  template <typename V, typename... Args> auto sum(V first, Args... rest) -> V
                                                                         ^
                                                                         ;
conftest.cpp:140:75: error: cannot use arrow operator on a type
  template <typename V, typename... Args> auto sum(V first, Args... rest) -> V
                                                                          ^
conftest.cpp:164:3: warning: 'auto' type specifier is a C++11 extension [-Wc++11-extensions]
  auto a1 = 6538;
  ^
conftest.cpp:165:3: warning: 'auto' type specifier is a C++11 extension [-Wc++11-extensions]
  auto a2 = 48573953.4;
  ^
conftest.cpp:166:3: warning: 'auto' type specifier is a C++11 extension [-Wc++11-extensions]
  auto a3 = "String literal";
  ^
conftest.cpp:169:8: warning: 'auto' type specifier is a C++11 extension [-Wc++11-extensions]
  for (auto i = a3; *i; ++i) { total += *i; }
       ^
conftest.cpp:185:8: warning: 'auto' type specifier is a C++11 extension [-Wc++11-extensions]
  for (auto &x : array) { x += 23; }
       ^
conftest.cpp:185:16: warning: range-based for loop is a C++11 extension [-Wc++11-extensions]
  for (auto &x : array) { x += 23; }
               ^
conftest.cpp:190:17: error: expected expression
  assert (eval ([](int x) { return x*2; }, 21) == 42);
                ^
conftest.cpp:192:17: error: expected expression
  assert (eval ([&](double x) { return d += x; }, 3.0) == 5.0);
                ^
conftest.cpp:194:17: error: expected expression
  assert (eval ([=](double x) mutable { return d += x; }, 4.0) == 9.0);
                ^
conftest.cpp:200:3: warning: 'auto' type specifier is a C++11 extension [-Wc++11-extensions]
  auto a = sum(1);
  ^
conftest.cpp:200:12: error: no matching function for call to 'sum'
  auto a = sum(1);
           ^~~
conftest.cpp:201:3: warning: 'auto' type specifier is a C++11 extension [-Wc++11-extensions]
  auto b = sum(1, 2);
  ^
conftest.cpp:201:12: error: no matching function for call to 'sum'
  auto b = sum(1, 2);
           ^~~
conftest.cpp:202:3: warning: 'auto' type specifier is a C++11 extension [-Wc++11-extensions]
  auto c = sum(1.0, 2.0, 3.0);
  ^
conftest.cpp:202:12: error: no matching function for call to 'sum'
  auto c = sum(1.0, 2.0, 3.0);
           ^~~
conftest.cpp:207:25: warning: empty parentheses interpreted as a function declaration [-Wvexing-parse]
  cxx11test::delegate d2();
                        ^~
conftest.cpp:207:25: note: remove parentheses to declare a variable
  cxx11test::delegate d2();
                        ^~
conftest.cpp:220:16: error: found '<::' after a template name which forms the digraph '<:' (aka '[') and a ':', did you mean '< ::'?
  test_template<::test_template<int>> v(test_template<int>(12));
               ^~~
               < ::
conftest.cpp:220:36: error: a space is required between consecutive right angle brackets (use '> >')
  test_template<::test_template<int>> v(test_template<int>(12));
                                   ^~
                                   > >
conftest.cpp:224:22: error: use of undeclared identifier 'u8'
  char const *utf8 = u8"UTF-8 string \u2500";
                     ^
conftest.cpp:224:24: error: expected ';' at end of declaration
  char const *utf8 = u8"UTF-8 string \u2500";
                       ^
                       ;
fatal error: too many errors emitted, stopping now [-ferror-limit=]
18 warnings and 20 errors generated.
configure:6637: $? = 1
configure: failed program was:
| /* confdefs.h */
| #define PACKAGE_NAME "GNU Make"
| #define PACKAGE_TARNAME "make"
| #define PACKAGE_VERSION "4.4.1"
| #define PACKAGE_STRING "GNU Make 4.4.1"
| #define PACKAGE_BUGREPORT "bug-make@gnu.org"
| #define PACKAGE_URL "https://www.gnu.org/software/make/"
| #define PACKAGE "make"
| #define VERSION "4.4.1"
| #define HAVE_STDIO_H 1
| #define HAVE_STDLIB_H 1
| #define HAVE_STRING_H 1
| #define HAVE_INTTYPES_H 1
| #define HAVE_STDINT_H 1
| #define HAVE_STRINGS_H 1
| #define HAVE_SYS_STAT_H 1
| #define HAVE_SYS_TYPES_H 1
| #define HAVE_UNISTD_H 1
| #define HAVE_WCHAR_H 1
| #define HAVE_SYS_PARAM_H 1
| #define HAVE_STDBOOL_H 1
| #define STDC_HEADERS 1
| #define _ALL_SOURCE 1
| #define _DARWIN_C_SOURCE 1
| #define _GNU_SOURCE 1
| #define _HPUX_ALT_XOPEN_SOCKET_API 1
| #define _NETBSD_SOURCE 1
| #define _OPENBSD_SOURCE 1
| #define _POSIX_PTHREAD_SEMANTICS 1
| #define __STDC_WANT_IEC_60559_ATTRIBS_EXT__ 1
| #define __STDC_WANT_IEC_60559_BFP_EXT__ 1
| #define __STDC_WANT_IEC_60559_DFP_EXT__ 1
| #define __STDC_WANT_IEC_60559_EXT__ 1
| #define __STDC_WANT_IEC_60559_FUNCS_EXT__ 1
| #define __STDC_WANT_IEC_60559_TYPES_EXT__ 1
| #define __STDC_WANT_LIB_EXT2__ 1
| #define __STDC_WANT_MATH_SPEC_FUNCS__ 1
| #define _TANDEM_SOURCE 1
| #define __EXTENSIONS__ 1
| /* end confdefs.h.  */
| 
| // Does the compiler advertise C++98 conformance?
| #if !defined __cplusplus || __cplusplus < 199711L
| # error "Compiler does not advertise C++98 conformance"
| #endif
| 
| // These inclusions are to reject old compilers that
| // lack the unsuffixed header files.
| #include <cstdlib>
| #include <exception>
| 
| // <cassert> and <cstring> are *not* freestanding headers in C++98.
| extern void assert (int);
| namespace std {
|   extern int strcmp (const char *, const char *);
| }
| 
| // Namespaces, exceptions, and templates were all added after "C++ 2.0".
| using std::exception;
| using std::strcmp;
| 
| namespace {
| 
| void test_exception_syntax()
| {
|   try {
|     throw "test";
|   } catch (const char *s) {
|     // Extra parentheses suppress a warning when building autoconf itself,
|     // due to lint rules shared with more typical C programs.
|     assert (!(strcmp) (s, "test"));
|   }
| }
| 
| template <typename T> struct test_template
| {
|   T const val;
|   explicit test_template(T t) : val(t) {}
|   template <typename U> T add(U u) { return static_cast<T>(u) + val; }
| };
| 
| } // anonymous namespace
| 
| 
| // Does the compiler advertise C++ 2011 conformance?
| #if !defined __cplusplus || __cplusplus < 201103L
| # error "Compiler does not advertise C++11 conformance"
| #endif
| 
| namespace cxx11test
| {
|   constexpr int get_val() { return 20; }
| 
|   struct testinit
|   {
|     int i;
|     double d;
|   };
| 
|   class delegate
|   {
|   public:
|     delegate(int n) : n(n) {}
|     delegate(): delegate(2354) {}
| 
|     virtual int getval() { return this->n; };
|   protected:
|     int n;
|   };
| 
|   class overridden : public delegate
|   {
|   public:
|     overridden(int n): delegate(n) {}
|     virtual int getval() override final { return this->n * 2; }
|   };
| 
|   class nocopy
|   {
|   public:
|     nocopy(int i): i(i) {}
|     nocopy() = default;
|     nocopy(const nocopy&) = delete;
|     nocopy & operator=(const nocopy&) = delete;
|   private:
|     int i;
|   };
| 
|   // for testing lambda expressions
|   template <typename Ret, typename Fn> Ret eval(Fn f, Ret v)
|   {
|     return f(v);
|   }
| 
|   // for testing variadic templates and trailing return types
|   template <typename V> auto sum(V first) -> V
|   {
|     return first;
|   }
|   template <typename V, typename... Args> auto sum(V first, Args... rest) -> V
|   {
|     return first + sum(rest...);
|   }
| }
| 
| 
| int
| main (int argc, char **argv)
| {
|   int ok = 0;
|   
|   assert (argc);
|   assert (! argv[0]);
| {
|   test_exception_syntax ();
|   test_template<double> tt (2.0);
|   assert (tt.add (4) == 6.0);
|   assert (true && !false);
| }
| 
|   
| {
|   // Test auto and decltype
|   auto a1 = 6538;
|   auto a2 = 48573953.4;
|   auto a3 = "String literal";
| 
|   int total = 0;
|   for (auto i = a3; *i; ++i) { total += *i; }
| 
|   decltype(a2) a4 = 34895.034;
| }
| {
|   // Test constexpr
|   short sa[cxx11test::get_val()] = { 0 };
| }
| {
|   // Test initializer lists
|   cxx11test::testinit il = { 4323, 435234.23544 };
| }
| {
|   // Test range-based for
|   int array[] = {9, 7, 13, 15, 4, 18, 12, 10, 5, 3,
|                  14, 19, 17, 8, 6, 20, 16, 2, 11, 1};
|   for (auto &x : array) { x += 23; }
| }
| {
|   // Test lambda expressions
|   using cxx11test::eval;
|   assert (eval ([](int x) { return x*2; }, 21) == 42);
|   double d = 2.0;
|   assert (eval ([&](double x) { return d += x; }, 3.0) == 5.0);
|   assert (d == 5.0);
|   assert (eval ([=](double x) mutable { return d += x; }, 4.0) == 9.0);
|   assert (d == 5.0);
| }
| {
|   // Test use of variadic templates
|   using cxx11test::sum;
|   auto a = sum(1);
|   auto b = sum(1, 2);
|   auto c = sum(1.0, 2.0, 3.0);
| }
| {
|   // Test constructor delegation
|   cxx11test::delegate d1;
|   cxx11test::delegate d2();
|   cxx11test::delegate d3(45);
| }
| {
|   // Test override and final
|   cxx11test::overridden o1(55464);
| }
| {
|   // Test nullptr
|   char *c = nullptr;
| }
| {
|   // Test template brackets
|   test_template<::test_template<int>> v(test_template<int>(12));
| }
| {
|   // Unicode literals
|   char const *utf8 = u8"UTF-8 string \u2500";
|   char16_t const *utf16 = u"UTF-8 string \u2500";
|   char32_t const *utf32 = U"UTF-32 string \u2500";
| }
| 
|   return ok;
| }
| 
configure:6637: g++ -std=gnu++11 -c -g -O2  conftest.cpp >&5
conftest.cpp:207:25: warning: empty parentheses interpreted as a function declaration [-Wvexing-parse]
  cxx11test::delegate d2();
                        ^~
conftest.cpp:207:25: note: remove parentheses to declare a variable
  cxx11test::delegate d2();
                        ^~
1 warning generated.
configure:6637: $? = 0
configure:6659: result: -std=gnu++11
configure:6727: checking dependency style of g++ -std=gnu++11
configure:6840: result: gcc3
configure:6866: checking build system type
configure:6882: result: x86_64-apple-darwin22.6.0
configure:6902: checking host system type
configure:6917: result: x86_64-apple-darwin22.6.0
configure:6954: checking how to run the C preprocessor
configure:6980: gcc -E  conftest.c
configure:6980: $? = 0
configure:6996: gcc -E  conftest.c
conftest.c:42:10: fatal error: 'ac_nonexistent.h' file not found
#include <ac_nonexistent.h>
         ^~~~~~~~~~~~~~~~~~
1 error generated.
configure:6996: $? = 1
configure: failed program was:
| /* confdefs.h */
| #define PACKAGE_NAME "GNU Make"
| #define PACKAGE_TARNAME "make"
| #define PACKAGE_VERSION "4.4.1"
| #define PACKAGE_STRING "GNU Make 4.4.1"
| #define PACKAGE_BUGREPORT "bug-make@gnu.org"
| #define PACKAGE_URL "https://www.gnu.org/software/make/"
| #define PACKAGE "make"
| #define VERSION "4.4.1"
| #define HAVE_STDIO_H 1
| #define HAVE_STDLIB_H 1
| #define HAVE_STRING_H 1
| #define HAVE_INTTYPES_H 1
| #define HAVE_STDINT_H 1
| #define HAVE_STRINGS_H 1
| #define HAVE_SYS_STAT_H 1
| #define HAVE_SYS_TYPES_H 1
| #define HAVE_UNISTD_H 1
| #define HAVE_WCHAR_H 1
| #define HAVE_SYS_PARAM_H 1
| #define HAVE_STDBOOL_H 1
| #define STDC_HEADERS 1
| #define _ALL_SOURCE 1
| #define _DARWIN_C_SOURCE 1
| #define _GNU_SOURCE 1
| #define _HPUX_ALT_XOPEN_SOCKET_API 1
| #define _NETBSD_SOURCE 1
| #define _OPENBSD_SOURCE 1
| #define _POSIX_PTHREAD_SEMANTICS 1
| #define __STDC_WANT_IEC_60559_ATTRIBS_EXT__ 1
| #define __STDC_WANT_IEC_60559_BFP_EXT__ 1
| #define __STDC_WANT_IEC_60559_DFP_EXT__ 1
| #define __STDC_WANT_IEC_60559_EXT__ 1
| #define __STDC_WANT_IEC_60559_FUNCS_EXT__ 1
| #define __STDC_WANT_IEC_60559_TYPES_EXT__ 1
| #define __STDC_WANT_LIB_EXT2__ 1
| #define __STDC_WANT_MATH_SPEC_FUNCS__ 1
| #define _TANDEM_SOURCE 1
| #define __EXTENSIONS__ 1
| #define MAKE_CXX "g++ -std=gnu++11"
| /* end confdefs.h.  */
| #include <ac_nonexistent.h>
configure:7025: result: gcc -E
configure:7039: gcc -E  conftest.c
configure:7039: $? = 0
configure:7055: gcc -E  conftest.c
conftest.c:42:10: fatal error: 'ac_nonexistent.h' file not found
#include <ac_nonexistent.h>
         ^~~~~~~~~~~~~~~~~~
1 error generated.
configure:7055: $? = 1
configure: failed program was:
| /* confdefs.h */
| #define PACKAGE_NAME "GNU Make"
| #define PACKAGE_TARNAME "make"
| #define PACKAGE_VERSION "4.4.1"
| #define PACKAGE_STRING "GNU Make 4.4.1"
| #define PACKAGE_BUGREPORT "bug-make@gnu.org"
| #define PACKAGE_URL "https://www.gnu.org/software/make/"
| #define PACKAGE "make"
| #define VERSION "4.4.1"
| #define HAVE_STDIO_H 1
| #define HAVE_STDLIB_H 1
| #define HAVE_STRING_H 1
| #define HAVE_INTTYPES_H 1
| #define HAVE_STDINT_H 1
| #define HAVE_STRINGS_H 1
| #define HAVE_SYS_STAT_H 1
| #define HAVE_SYS_TYPES_H 1
| #define HAVE_UNISTD_H 1
| #define HAVE_WCHAR_H 1
| #define HAVE_SYS_PARAM_H 1
| #define HAVE_STDBOOL_H 1
| #define STDC_HEADERS 1
| #define _ALL_SOURCE 1
| #define _DARWIN_C_SOURCE 1
| #define _GNU_SOURCE 1
| #define _HPUX_ALT_XOPEN_SOCKET_API 1
| #define _NETBSD_SOURCE 1
| #define _OPENBSD_SOURCE 1
| #define _POSIX_PTHREAD_SEMANTICS 1
| #define __STDC_WANT_IEC_60559_ATTRIBS_EXT__ 1
| #define __STDC_WANT_IEC_60559_BFP_EXT__ 1
| #define __STDC_WANT_IEC_60559_DFP_EXT__ 1
| #define __STDC_WANT_IEC_60559_EXT__ 1
| #define __STDC_WANT_IEC_60559_FUNCS_EXT__ 1
| #define __STDC_WANT_IEC_60559_TYPES_EXT__ 1
| #define __STDC_WANT_LIB_EXT2__ 1
| #define __STDC_WANT_MATH_SPEC_FUNCS__ 1
| #define _TANDEM_SOURCE 1
| #define __EXTENSIONS__ 1
| #define MAKE_CXX "g++ -std=gnu++11"
| /* end confdefs.h.  */
| #include <ac_nonexistent.h>
configure:7088: checking for egrep -e
configure:7218: result: /usr/bin/grep -E
configure:7225: checking for Minix Amsterdam compiler
configure:7253: result: no
configure:7316: checking for ar
configure:7337: found /usr/bin/ar
configure:7349: result: ar
configure:7430: checking for ranlib
configure:7451: found /usr/bin/ranlib
configure:7463: result: ranlib
configure:7496: checking for gcc option to enable large file support
configure:7531: gcc -c -g -O2  conftest.c >&5
configure:7531: $? = 0
configure:7537: gcc -DFTYPE=ino_t -c -g -O2  conftest.c >&5
configure:7537: $? = 0
configure:7574: result: none needed
configure:7735: checking for size_t
configure:7735: gcc -c -g -O2  conftest.c >&5
configure:7735: $? = 0
configure:7735: gcc -c -g -O2  conftest.c >&5
conftest.c:73:21: error: expected expression
if (sizeof ((size_t)))
                    ^
1 error generated.
configure:7735: $? = 1
configure: failed program was:
| /* confdefs.h */
| #define PACKAGE_NAME "GNU Make"
| #define PACKAGE_TARNAME "make"
| #define PACKAGE_VERSION "4.4.1"
| #define PACKAGE_STRING "GNU Make 4.4.1"
| #define PACKAGE_BUGREPORT "bug-make@gnu.org"
| #define PACKAGE_URL "https://www.gnu.org/software/make/"
| #define PACKAGE "make"
| #define VERSION "4.4.1"
| #define HAVE_STDIO_H 1
| #define HAVE_STDLIB_H 1
| #define HAVE_STRING_H 1
| #define HAVE_INTTYPES_H 1
| #define HAVE_STDINT_H 1
| #define HAVE_STRINGS_H 1
| #define HAVE_SYS_STAT_H 1
| #define HAVE_SYS_TYPES_H 1
| #define HAVE_UNISTD_H 1
| #define HAVE_WCHAR_H 1
| #define HAVE_SYS_PARAM_H 1
| #define HAVE_STDBOOL_H 1
| #define STDC_HEADERS 1
| #define _ALL_SOURCE 1
| #define _DARWIN_C_SOURCE 1
| #define _GNU_SOURCE 1
| #define _HPUX_ALT_XOPEN_SOCKET_API 1
| #define _NETBSD_SOURCE 1
| #define _OPENBSD_SOURCE 1
| #define _POSIX_PTHREAD_SEMANTICS 1
| #define __STDC_WANT_IEC_60559_ATTRIBS_EXT__ 1
| #define __STDC_WANT_IEC_60559_BFP_EXT__ 1
| #define __STDC_WANT_IEC_60559_DFP_EXT__ 1
| #define __STDC_WANT_IEC_60559_EXT__ 1
| #define __STDC_WANT_IEC_60559_FUNCS_EXT__ 1
| #define __STDC_WANT_IEC_60559_TYPES_EXT__ 1
| #define __STDC_WANT_LIB_EXT2__ 1
| #define __STDC_WANT_MATH_SPEC_FUNCS__ 1
| #define _TANDEM_SOURCE 1
| #define __EXTENSIONS__ 1
| #define MAKE_CXX "g++ -std=gnu++11"
| /* end confdefs.h.  */
| #include <stddef.h>
| #ifdef HAVE_STDIO_H
| # include <stdio.h>
| #endif
| #ifdef HAVE_STDLIB_H
| # include <stdlib.h>
| #endif
| #ifdef HAVE_STRING_H
| # include <string.h>
| #endif
| #ifdef HAVE_INTTYPES_H
| # include <inttypes.h>
| #endif
| #ifdef HAVE_STDINT_H
| # include <stdint.h>
| #endif
| #ifdef HAVE_STRINGS_H
| # include <strings.h>
| #endif
| #ifdef HAVE_SYS_TYPES_H
| # include <sys/types.h>
| #endif
| #ifdef HAVE_SYS_STAT_H
| # include <sys/stat.h>
| #endif
| #ifdef HAVE_UNISTD_H
| # include <unistd.h>
| #endif
| int
| main (void)
| {
| if (sizeof ((size_t)))
| 	    return 0;
|   ;
|   return 0;
| }
configure:7735: result: yes
configure:7748: checking for working alloca.h
configure:7766: gcc -o conftest -g -O2   conftest.c  >&5
configure:7766: $? = 0
configure:7777: result: yes
configure:7785: checking for alloca
configure:7830: result: yes
configure:7904: checking for eaccess
configure:7904: gcc -o conftest -g -O2   conftest.c  >&5
Undefined symbols for architecture x86_64:
  "_eaccess", referenced from:
      _main in conftest-b65652.o
ld: symbol(s) not found for architecture x86_64
clang: error: linker command failed with exit code 1 (use -v to see invocation)
configure:7904: $? = 1
configure: failed program was:
| /* confdefs.h */
| #define PACKAGE_NAME "GNU Make"
| #define PACKAGE_TARNAME "make"
| #define PACKAGE_VERSION "4.4.1"
| #define PACKAGE_STRING "GNU Make 4.4.1"
| #define PACKAGE_BUGREPORT "bug-make@gnu.org"
| #define PACKAGE_URL "https://www.gnu.org/software/make/"
| #define PACKAGE "make"
| #define VERSION "4.4.1"
| #define HAVE_STDIO_H 1
| #define HAVE_STDLIB_H 1
| #define HAVE_STRING_H 1
| #define HAVE_INTTYPES_H 1
| #define HAVE_STDINT_H 1
| #define HAVE_STRINGS_H 1
| #define HAVE_SYS_STAT_H 1
| #define HAVE_SYS_TYPES_H 1
| #define HAVE_UNISTD_H 1
| #define HAVE_WCHAR_H 1
| #define HAVE_SYS_PARAM_H 1
| #define HAVE_STDBOOL_H 1
| #define STDC_HEADERS 1
| #define _ALL_SOURCE 1
| #define _DARWIN_C_SOURCE 1
| #define _GNU_SOURCE 1
| #define _HPUX_ALT_XOPEN_SOCKET_API 1
| #define _NETBSD_SOURCE 1
| #define _OPENBSD_SOURCE 1
| #define _POSIX_PTHREAD_SEMANTICS 1
| #define __STDC_WANT_IEC_60559_ATTRIBS_EXT__ 1
| #define __STDC_WANT_IEC_60559_BFP_EXT__ 1
| #define __STDC_WANT_IEC_60559_DFP_EXT__ 1
| #define __STDC_WANT_IEC_60559_EXT__ 1
| #define __STDC_WANT_IEC_60559_FUNCS_EXT__ 1
| #define __STDC_WANT_IEC_60559_TYPES_EXT__ 1
| #define __STDC_WANT_LIB_EXT2__ 1
| #define __STDC_WANT_MATH_SPEC_FUNCS__ 1
| #define _TANDEM_SOURCE 1
| #define __EXTENSIONS__ 1
| #define MAKE_CXX "g++ -std=gnu++11"
| #define HAVE_ALLOCA_H 1
| #define HAVE_ALLOCA 1
| /* end confdefs.h.  */
| /* Define eaccess to an innocuous variant, in case <limits.h> declares eaccess.
|    For example, HP-UX 11i <limits.h> declares gettimeofday.  */
| #define eaccess innocuous_eaccess
| 
| /* System header to define __stub macros and hopefully few prototypes,
|    which can conflict with char eaccess (void); below.  */
| 
| #include <limits.h>
| #undef eaccess
| 
| /* Override any GCC internal prototype to avoid an error.
|    Use char because int might match the return type of a GCC
|    builtin and then its argument prototype would still apply.  */
| #ifdef __cplusplus
| extern "C"
| #endif
| char eaccess (void);
| /* The GNU C library defines this for functions which it implements
|     to always fail with ENOSYS.  Some functions are actually named
|     something starting with __ and the normal name is an alias.  */
| #if defined __stub_eaccess || defined __stub___eaccess
| choke me
| #endif
| 
| int
| main (void)
| {
| return eaccess ();
|   ;
|   return 0;
| }
configure:7904: result: no
configure:7932: checking for gcc options needed to detect all undeclared functions
configure:7954: gcc -c -g -O2   conftest.c >&5
conftest.c:49:8: error: call to undeclared library function 'strchr' with type 'char *(const char *, int)'; ISO C99 and later do not support implicit function declarations [-Wimplicit-function-declaration]
(void) strchr;
       ^
conftest.c:49:8: note: include the header <string.h> or explicitly provide a declaration for 'strchr'
1 error generated.
configure:7954: $? = 1
configure: failed program was:
| /* confdefs.h */
| #define PACKAGE_NAME "GNU Make"
| #define PACKAGE_TARNAME "make"
| #define PACKAGE_VERSION "4.4.1"
| #define PACKAGE_STRING "GNU Make 4.4.1"
| #define PACKAGE_BUGREPORT "bug-make@gnu.org"
| #define PACKAGE_URL "https://www.gnu.org/software/make/"
| #define PACKAGE "make"
| #define VERSION "4.4.1"
| #define HAVE_STDIO_H 1
| #define HAVE_STDLIB_H 1
| #define HAVE_STRING_H 1
| #define HAVE_INTTYPES_H 1
| #define HAVE_STDINT_H 1
| #define HAVE_STRINGS_H 1
| #define HAVE_SYS_STAT_H 1
| #define HAVE_SYS_TYPES_H 1
| #define HAVE_UNISTD_H 1
| #define HAVE_WCHAR_H 1
| #define HAVE_SYS_PARAM_H 1
| #define HAVE_STDBOOL_H 1
| #define STDC_HEADERS 1
| #define _ALL_SOURCE 1
| #define _DARWIN_C_SOURCE 1
| #define _GNU_SOURCE 1
| #define _HPUX_ALT_XOPEN_SOCKET_API 1
| #define _NETBSD_SOURCE 1
| #define _OPENBSD_SOURCE 1
| #define _POSIX_PTHREAD_SEMANTICS 1
| #define __STDC_WANT_IEC_60559_ATTRIBS_EXT__ 1
| #define __STDC_WANT_IEC_60559_BFP_EXT__ 1
| #define __STDC_WANT_IEC_60559_DFP_EXT__ 1
| #define __STDC_WANT_IEC_60559_EXT__ 1
| #define __STDC_WANT_IEC_60559_FUNCS_EXT__ 1
| #define __STDC_WANT_IEC_60559_TYPES_EXT__ 1
| #define __STDC_WANT_LIB_EXT2__ 1
| #define __STDC_WANT_MATH_SPEC_FUNCS__ 1
| #define _TANDEM_SOURCE 1
| #define __EXTENSIONS__ 1
| #define MAKE_CXX "g++ -std=gnu++11"
| #define HAVE_ALLOCA_H 1
| #define HAVE_ALLOCA 1
| #define eaccess access
| /* end confdefs.h.  */
| 
| int
| main (void)
| {
| (void) strchr;
|   ;
|   return 0;
| }
configure:7981: gcc -c -g -O2   conftest.c >&5
configure:7981: $? = 0
configure:8001: result: none needed
configure:8057: checking host CPU and C ABI
configure:8087: gcc -c -g -O2  conftest.c >&5
configure:8087: $? = 0
configure:8098: gcc -c -g -O2  conftest.c >&5
conftest.c:48:21: error: unknown type name 'error'
                    error fail
                    ^
conftest.c:48:31: error: expected ';' after top level declarator
                    error fail
                              ^
                              ;
2 errors generated.
configure:8098: $? = 1
configure: failed program was:
| /* confdefs.h */
| #define PACKAGE_NAME "GNU Make"
| #define PACKAGE_TARNAME "make"
| #define PACKAGE_VERSION "4.4.1"
| #define PACKAGE_STRING "GNU Make 4.4.1"
| #define PACKAGE_BUGREPORT "bug-make@gnu.org"
| #define PACKAGE_URL "https://www.gnu.org/software/make/"
| #define PACKAGE "make"
| #define VERSION "4.4.1"
| #define HAVE_STDIO_H 1
| #define HAVE_STDLIB_H 1
| #define HAVE_STRING_H 1
| #define HAVE_INTTYPES_H 1
| #define HAVE_STDINT_H 1
| #define HAVE_STRINGS_H 1
| #define HAVE_SYS_STAT_H 1
| #define HAVE_SYS_TYPES_H 1
| #define HAVE_UNISTD_H 1
| #define HAVE_WCHAR_H 1
| #define HAVE_SYS_PARAM_H 1
| #define HAVE_STDBOOL_H 1
| #define STDC_HEADERS 1
| #define _ALL_SOURCE 1
| #define _DARWIN_C_SOURCE 1
| #define _GNU_SOURCE 1
| #define _HPUX_ALT_XOPEN_SOCKET_API 1
| #define _NETBSD_SOURCE 1
| #define _OPENBSD_SOURCE 1
| #define _POSIX_PTHREAD_SEMANTICS 1
| #define __STDC_WANT_IEC_60559_ATTRIBS_EXT__ 1
| #define __STDC_WANT_IEC_60559_BFP_EXT__ 1
| #define __STDC_WANT_IEC_60559_DFP_EXT__ 1
| #define __STDC_WANT_IEC_60559_EXT__ 1
| #define __STDC_WANT_IEC_60559_FUNCS_EXT__ 1
| #define __STDC_WANT_IEC_60559_TYPES_EXT__ 1
| #define __STDC_WANT_LIB_EXT2__ 1
| #define __STDC_WANT_MATH_SPEC_FUNCS__ 1
| #define _TANDEM_SOURCE 1
| #define __EXTENSIONS__ 1
| #define MAKE_CXX "g++ -std=gnu++11"
| #define HAVE_ALLOCA_H 1
| #define HAVE_ALLOCA 1
| #define eaccess access
| /* end confdefs.h.  */
| #if defined __ILP32__ || defined _ILP32
|                     int ok;
|                    #else
|                     error fail
|                    #endif
| 
configure:8452: result: x86_64
configure:8564: checking for C compiler option to allow warnings
configure:8573: gcc -g -O2  -c conftest.c 2>conftest1.err
configure:8576: $? = 0
configure:8579: gcc -g -O2  -Wno-error -c conftest.c 2>conftest2.err
configure:8582: $? = 0
configure:8593: result: -Wno-error
configure:8633: gcc -g -O2  -E conftest.c > conftest.out
configure:8636: $? = 0
configure:8683: checking for alloca as a compiler built-in
configure:8711: result: yes
configure:8785: checking for getloadavg
configure:8785: gcc -o conftest -g -O2   conftest.c  >&5
configure:8785: $? = 0
configure:8785: result: yes
configure:9196: checking for sys/loadavg.h
configure:9196: gcc -c -g -O2  conftest.c >&5
conftest.c:80:10: fatal error: 'sys/loadavg.h' file not found
#include <sys/loadavg.h>
         ^~~~~~~~~~~~~~~
1 error generated.
configure:9196: $? = 1
configure: failed program was:
| /* confdefs.h */
| #define PACKAGE_NAME "GNU Make"
| #define PACKAGE_TARNAME "make"
| #define PACKAGE_VERSION "4.4.1"
| #define PACKAGE_STRING "GNU Make 4.4.1"
| #define PACKAGE_BUGREPORT "bug-make@gnu.org"
| #define PACKAGE_URL "https://www.gnu.org/software/make/"
| #define PACKAGE "make"
| #define VERSION "4.4.1"
| #define HAVE_STDIO_H 1
| #define HAVE_STDLIB_H 1
| #define HAVE_STRING_H 1
| #define HAVE_INTTYPES_H 1
| #define HAVE_STDINT_H 1
| #define HAVE_STRINGS_H 1
| #define HAVE_SYS_STAT_H 1
| #define HAVE_SYS_TYPES_H 1
| #define HAVE_UNISTD_H 1
| #define HAVE_WCHAR_H 1
| #define HAVE_SYS_PARAM_H 1
| #define HAVE_STDBOOL_H 1
| #define STDC_HEADERS 1
| #define _ALL_SOURCE 1
| #define _DARWIN_C_SOURCE 1
| #define _GNU_SOURCE 1
| #define _HPUX_ALT_XOPEN_SOCKET_API 1
| #define _NETBSD_SOURCE 1
| #define _OPENBSD_SOURCE 1
| #define _POSIX_PTHREAD_SEMANTICS 1
| #define __STDC_WANT_IEC_60559_ATTRIBS_EXT__ 1
| #define __STDC_WANT_IEC_60559_BFP_EXT__ 1
| #define __STDC_WANT_IEC_60559_DFP_EXT__ 1
| #define __STDC_WANT_IEC_60559_EXT__ 1
| #define __STDC_WANT_IEC_60559_FUNCS_EXT__ 1
| #define __STDC_WANT_IEC_60559_TYPES_EXT__ 1
| #define __STDC_WANT_LIB_EXT2__ 1
| #define __STDC_WANT_MATH_SPEC_FUNCS__ 1
| #define _TANDEM_SOURCE 1
| #define __EXTENSIONS__ 1
| #define MAKE_CXX "g++ -std=gnu++11"
| #define HAVE_ALLOCA_H 1
| #define HAVE_ALLOCA 1
| #define eaccess access
| #ifndef __x86_64__
| #define __x86_64__ 1
| #endif
| #ifndef __x86_64__
| #define __x86_64__ 1
| #endif
| #define HAVE_ALLOCA 1
| /* end confdefs.h.  */
| #include <stddef.h>
| #ifdef HAVE_STDIO_H
| # include <stdio.h>
| #endif
| #ifdef HAVE_STDLIB_H
| # include <stdlib.h>
| #endif
| #ifdef HAVE_STRING_H
| # include <string.h>
| #endif
| #ifdef HAVE_INTTYPES_H
| # include <inttypes.h>
| #endif
| #ifdef HAVE_STDINT_H
| # include <stdint.h>
| #endif
| #ifdef HAVE_STRINGS_H
| # include <strings.h>
| #endif
| #ifdef HAVE_SYS_TYPES_H
| # include <sys/types.h>
| #endif
| #ifdef HAVE_SYS_STAT_H
| # include <sys/stat.h>
| #endif
| #ifdef HAVE_UNISTD_H
| # include <unistd.h>
| #endif
| #include <sys/loadavg.h>
configure:9196: result: no
configure:9208: checking whether getloadavg is declared
configure:9208: gcc -c -g -O2   conftest.c >&5 -Werror=implicit-function-declaration
configure:9208: $? = 0
configure:9208: result: yes
configure:9376: checking if system libc has working GNU glob
configure:9450: gcc -o conftest -g -O2   conftest.c  >&5
conftest.c:53:10: fatal error: 'features.h' file not found
#include <features.h>
         ^~~~~~~~~~~~
1 error generated.
configure:9450: $? = 1
configure: program exited with status 1
configure: failed program was:
| /* confdefs.h */
| #define PACKAGE_NAME "GNU Make"
| #define PACKAGE_TARNAME "make"
| #define PACKAGE_VERSION "4.4.1"
| #define PACKAGE_STRING "GNU Make 4.4.1"
| #define PACKAGE_BUGREPORT "bug-make@gnu.org"
| #define PACKAGE_URL "https://www.gnu.org/software/make/"
| #define PACKAGE "make"
| #define VERSION "4.4.1"
| #define HAVE_STDIO_H 1
| #define HAVE_STDLIB_H 1
| #define HAVE_STRING_H 1
| #define HAVE_INTTYPES_H 1
| #define HAVE_STDINT_H 1
| #define HAVE_STRINGS_H 1
| #define HAVE_SYS_STAT_H 1
| #define HAVE_SYS_TYPES_H 1
| #define HAVE_UNISTD_H 1
| #define HAVE_WCHAR_H 1
| #define HAVE_SYS_PARAM_H 1
| #define HAVE_STDBOOL_H 1
| #define STDC_HEADERS 1
| #define _ALL_SOURCE 1
| #define _DARWIN_C_SOURCE 1
| #define _GNU_SOURCE 1
| #define _HPUX_ALT_XOPEN_SOCKET_API 1
| #define _NETBSD_SOURCE 1
| #define _OPENBSD_SOURCE 1
| #define _POSIX_PTHREAD_SEMANTICS 1
| #define __STDC_WANT_IEC_60559_ATTRIBS_EXT__ 1
| #define __STDC_WANT_IEC_60559_BFP_EXT__ 1
| #define __STDC_WANT_IEC_60559_DFP_EXT__ 1
| #define __STDC_WANT_IEC_60559_EXT__ 1
| #define __STDC_WANT_IEC_60559_FUNCS_EXT__ 1
| #define __STDC_WANT_IEC_60559_TYPES_EXT__ 1
| #define __STDC_WANT_LIB_EXT2__ 1
| #define __STDC_WANT_MATH_SPEC_FUNCS__ 1
| #define _TANDEM_SOURCE 1
| #define __EXTENSIONS__ 1
| #define MAKE_CXX "g++ -std=gnu++11"
| #define HAVE_ALLOCA_H 1
| #define HAVE_ALLOCA 1
| #define eaccess access
| #ifndef __x86_64__
| #define __x86_64__ 1
| #endif
| #ifndef __x86_64__
| #define __x86_64__ 1
| #endif
| #define HAVE_ALLOCA 1
| #define GNULIB_TEST_GETLOADAVG 1
| /* end confdefs.h.  */
| #include <features.h>
|             #include <gnu-versions.h>
|             #include <glob.h>
|             #include <fnmatch.h>
| 
| int
| main (void)
| {
| 
|             #if _GNU_GLOB_INTERFACE_VERSION == 0
|             return 1;
|             #else
|             glob_t found;
|             if (glob ("conf*-globtest", 0, 0, &found) == GLOB_NOMATCH)
|               return 1;
|             globfree (&found);
|             #endif
| 
|   ;
|   return 0;
| }
configure:9467: result: no
configure:9483: checking whether system uses MSDOS-style paths
configure:9505: gcc -c -g -O2  conftest.c >&5
conftest.c:55:1: error: unknown type name 'neither'
neither MSDOS nor Windows nor OS2
^
conftest.c:55:14: error: expected ';' after top level declarator
neither MSDOS nor Windows nor OS2
             ^
             ;
2 errors generated.
configure:9505: $? = 1
configure: failed program was:
| /* confdefs.h */
| #define PACKAGE_NAME "GNU Make"
| #define PACKAGE_TARNAME "make"
| #define PACKAGE_VERSION "4.4.1"
| #define PACKAGE_STRING "GNU Make 4.4.1"
| #define PACKAGE_BUGREPORT "bug-make@gnu.org"
| #define PACKAGE_URL "https://www.gnu.org/software/make/"
| #define PACKAGE "make"
| #define VERSION "4.4.1"
| #define HAVE_STDIO_H 1
| #define HAVE_STDLIB_H 1
| #define HAVE_STRING_H 1
| #define HAVE_INTTYPES_H 1
| #define HAVE_STDINT_H 1
| #define HAVE_STRINGS_H 1
| #define HAVE_SYS_STAT_H 1
| #define HAVE_SYS_TYPES_H 1
| #define HAVE_UNISTD_H 1
| #define HAVE_WCHAR_H 1
| #define HAVE_SYS_PARAM_H 1
| #define HAVE_STDBOOL_H 1
| #define STDC_HEADERS 1
| #define _ALL_SOURCE 1
| #define _DARWIN_C_SOURCE 1
| #define _GNU_SOURCE 1
| #define _HPUX_ALT_XOPEN_SOCKET_API 1
| #define _NETBSD_SOURCE 1
| #define _OPENBSD_SOURCE 1
| #define _POSIX_PTHREAD_SEMANTICS 1
| #define __STDC_WANT_IEC_60559_ATTRIBS_EXT__ 1
| #define __STDC_WANT_IEC_60559_BFP_EXT__ 1
| #define __STDC_WANT_IEC_60559_DFP_EXT__ 1
| #define __STDC_WANT_IEC_60559_EXT__ 1
| #define __STDC_WANT_IEC_60559_FUNCS_EXT__ 1
| #define __STDC_WANT_IEC_60559_TYPES_EXT__ 1
| #define __STDC_WANT_LIB_EXT2__ 1
| #define __STDC_WANT_MATH_SPEC_FUNCS__ 1
| #define _TANDEM_SOURCE 1
| #define __EXTENSIONS__ 1
| #define MAKE_CXX "g++ -std=gnu++11"
| #define HAVE_ALLOCA_H 1
| #define HAVE_ALLOCA 1
| #define eaccess access
| #ifndef __x86_64__
| #define __x86_64__ 1
| #endif
| #ifndef __x86_64__
| #define __x86_64__ 1
| #endif
| #define HAVE_ALLOCA 1
| #define GNULIB_TEST_GETLOADAVG 1
| /* end confdefs.h.  */
| 
| #if !defined _WIN32 && !defined __WIN32__ && !defined __MSDOS__ && !defined __EMX__ && !defined __MSYS__ && !defined __CYGWIN__
| neither MSDOS nor Windows nor OS2
| #endif
| 
| int
| main (void)
| {
| 
|   ;
|   return 0;
| }
configure:9515: result: no
configure:9526: checking for bool, true, false
configure:9541: gcc -c -g -O2  conftest.c >&5
conftest.c:55:13: error: "true == false"
           #error "true == false"
            ^
conftest.c:57:18: error: unknown type name 'bool'
          extern bool b;
                 ^
conftest.c:58:11: error: unknown type name 'bool'
          bool b = true == false;
          ^
conftest.c:58:20: error: use of undeclared identifier 'true'
          bool b = true == false;
                   ^
conftest.c:58:28: error: use of undeclared identifier 'false'
          bool b = true == false;
                           ^
5 errors generated.
configure:9541: $? = 1
configure: failed program was:
| /* confdefs.h */
| #define PACKAGE_NAME "GNU Make"
| #define PACKAGE_TARNAME "make"
| #define PACKAGE_VERSION "4.4.1"
| #define PACKAGE_STRING "GNU Make 4.4.1"
| #define PACKAGE_BUGREPORT "bug-make@gnu.org"
| #define PACKAGE_URL "https://www.gnu.org/software/make/"
| #define PACKAGE "make"
| #define VERSION "4.4.1"
| #define HAVE_STDIO_H 1
| #define HAVE_STDLIB_H 1
| #define HAVE_STRING_H 1
| #define HAVE_INTTYPES_H 1
| #define HAVE_STDINT_H 1
| #define HAVE_STRINGS_H 1
| #define HAVE_SYS_STAT_H 1
| #define HAVE_SYS_TYPES_H 1
| #define HAVE_UNISTD_H 1
| #define HAVE_WCHAR_H 1
| #define HAVE_SYS_PARAM_H 1
| #define HAVE_STDBOOL_H 1
| #define STDC_HEADERS 1
| #define _ALL_SOURCE 1
| #define _DARWIN_C_SOURCE 1
| #define _GNU_SOURCE 1
| #define _HPUX_ALT_XOPEN_SOCKET_API 1
| #define _NETBSD_SOURCE 1
| #define _OPENBSD_SOURCE 1
| #define _POSIX_PTHREAD_SEMANTICS 1
| #define __STDC_WANT_IEC_60559_ATTRIBS_EXT__ 1
| #define __STDC_WANT_IEC_60559_BFP_EXT__ 1
| #define __STDC_WANT_IEC_60559_DFP_EXT__ 1
| #define __STDC_WANT_IEC_60559_EXT__ 1
| #define __STDC_WANT_IEC_60559_FUNCS_EXT__ 1
| #define __STDC_WANT_IEC_60559_TYPES_EXT__ 1
| #define __STDC_WANT_LIB_EXT2__ 1
| #define __STDC_WANT_MATH_SPEC_FUNCS__ 1
| #define _TANDEM_SOURCE 1
| #define __EXTENSIONS__ 1
| #define MAKE_CXX "g++ -std=gnu++11"
| #define HAVE_ALLOCA_H 1
| #define HAVE_ALLOCA 1
| #define eaccess access
| #ifndef __x86_64__
| #define __x86_64__ 1
| #endif
| #ifndef __x86_64__
| #define __x86_64__ 1
| #endif
| #define HAVE_ALLOCA 1
| #define GNULIB_TEST_GETLOADAVG 1
| /* end confdefs.h.  */
| 
|           #if true == false
|            #error "true == false"
|           #endif
|           extern bool b;
|           bool b = true == false;
configure:9551: result: no
configure:9660: checking for ranlib
configure:9693: result: ranlib
configure:9720: checking how to run the C preprocessor
configure:9791: result: gcc -E
configure:9805: gcc -E  conftest.c
configure:9805: $? = 0
configure:9821: gcc -E  conftest.c
conftest.c:53:10: fatal error: 'ac_nonexistent.h' file not found
#include <ac_nonexistent.h>
         ^~~~~~~~~~~~~~~~~~
1 error generated.
configure:9821: $? = 1
configure: failed program was:
| /* confdefs.h */
| #define PACKAGE_NAME "GNU Make"
| #define PACKAGE_TARNAME "make"
| #define PACKAGE_VERSION "4.4.1"
| #define PACKAGE_STRING "GNU Make 4.4.1"
| #define PACKAGE_BUGREPORT "bug-make@gnu.org"
| #define PACKAGE_URL "https://www.gnu.org/software/make/"
| #define PACKAGE "make"
| #define VERSION "4.4.1"
| #define HAVE_STDIO_H 1
| #define HAVE_STDLIB_H 1
| #define HAVE_STRING_H 1
| #define HAVE_INTTYPES_H 1
| #define HAVE_STDINT_H 1
| #define HAVE_STRINGS_H 1
| #define HAVE_SYS_STAT_H 1
| #define HAVE_SYS_TYPES_H 1
| #define HAVE_UNISTD_H 1
| #define HAVE_WCHAR_H 1
| #define HAVE_SYS_PARAM_H 1
| #define HAVE_STDBOOL_H 1
| #define STDC_HEADERS 1
| #define _ALL_SOURCE 1
| #define _DARWIN_C_SOURCE 1
| #define _GNU_SOURCE 1
| #define _HPUX_ALT_XOPEN_SOCKET_API 1
| #define _NETBSD_SOURCE 1
| #define _OPENBSD_SOURCE 1
| #define _POSIX_PTHREAD_SEMANTICS 1
| #define __STDC_WANT_IEC_60559_ATTRIBS_EXT__ 1
| #define __STDC_WANT_IEC_60559_BFP_EXT__ 1
| #define __STDC_WANT_IEC_60559_DFP_EXT__ 1
| #define __STDC_WANT_IEC_60559_EXT__ 1
| #define __STDC_WANT_IEC_60559_FUNCS_EXT__ 1
| #define __STDC_WANT_IEC_60559_TYPES_EXT__ 1
| #define __STDC_WANT_LIB_EXT2__ 1
| #define __STDC_WANT_MATH_SPEC_FUNCS__ 1
| #define _TANDEM_SOURCE 1
| #define __EXTENSIONS__ 1
| #define MAKE_CXX "g++ -std=gnu++11"
| #define HAVE_ALLOCA_H 1
| #define HAVE_ALLOCA 1
| #define eaccess access
| #ifndef __x86_64__
| #define __x86_64__ 1
| #endif
| #ifndef __x86_64__
| #define __x86_64__ 1
| #endif
| #define HAVE_ALLOCA 1
| #define GNULIB_TEST_GETLOADAVG 1
| /* end confdefs.h.  */
| #include <ac_nonexistent.h>
configure:9855: checking for ar
configure:9889: result: ar
configure:9900: checking for perl
configure:9921: found /usr/bin/perl
configure:9934: result: perl
configure:9945: checking whether byte ordering is bigendian
configure:9961: gcc -c -g -O2  conftest.c >&5
configure:9961: $? = 0
configure:10007: gcc -c -g -O2  conftest.c >&5
configure:10007: $? = 0
configure:10026: gcc -c -g -O2  conftest.c >&5
conftest.c:60:4: error: use of undeclared identifier 'not'
                 not big endian
                 ^
1 error generated.
configure:10026: $? = 1
configure: failed program was:
| /* confdefs.h */
| #define PACKAGE_NAME "GNU Make"
| #define PACKAGE_TARNAME "make"
| #define PACKAGE_VERSION "4.4.1"
| #define PACKAGE_STRING "GNU Make 4.4.1"
| #define PACKAGE_BUGREPORT "bug-make@gnu.org"
| #define PACKAGE_URL "https://www.gnu.org/software/make/"
| #define PACKAGE "make"
| #define VERSION "4.4.1"
| #define HAVE_STDIO_H 1
| #define HAVE_STDLIB_H 1
| #define HAVE_STRING_H 1
| #define HAVE_INTTYPES_H 1
| #define HAVE_STDINT_H 1
| #define HAVE_STRINGS_H 1
| #define HAVE_SYS_STAT_H 1
| #define HAVE_SYS_TYPES_H 1
| #define HAVE_UNISTD_H 1
| #define HAVE_WCHAR_H 1
| #define HAVE_SYS_PARAM_H 1
| #define HAVE_STDBOOL_H 1
| #define STDC_HEADERS 1
| #define _ALL_SOURCE 1
| #define _DARWIN_C_SOURCE 1
| #define _GNU_SOURCE 1
| #define _HPUX_ALT_XOPEN_SOCKET_API 1
| #define _NETBSD_SOURCE 1
| #define _OPENBSD_SOURCE 1
| #define _POSIX_PTHREAD_SEMANTICS 1
| #define __STDC_WANT_IEC_60559_ATTRIBS_EXT__ 1
| #define __STDC_WANT_IEC_60559_BFP_EXT__ 1
| #define __STDC_WANT_IEC_60559_DFP_EXT__ 1
| #define __STDC_WANT_IEC_60559_EXT__ 1
| #define __STDC_WANT_IEC_60559_FUNCS_EXT__ 1
| #define __STDC_WANT_IEC_60559_TYPES_EXT__ 1
| #define __STDC_WANT_LIB_EXT2__ 1
| #define __STDC_WANT_MATH_SPEC_FUNCS__ 1
| #define _TANDEM_SOURCE 1
| #define __EXTENSIONS__ 1
| #define MAKE_CXX "g++ -std=gnu++11"
| #define HAVE_ALLOCA_H 1
| #define HAVE_ALLOCA 1
| #define eaccess access
| #ifndef __x86_64__
| #define __x86_64__ 1
| #endif
| #ifndef __x86_64__
| #define __x86_64__ 1
| #endif
| #define HAVE_ALLOCA 1
| #define GNULIB_TEST_GETLOADAVG 1
| /* end confdefs.h.  */
| #include <sys/types.h>
| 		#include <sys/param.h>
| 
| int
| main (void)
| {
| #if BYTE_ORDER != BIG_ENDIAN
| 		 not big endian
| 		#endif
| 
|   ;
|   return 0;
| }
configure:10167: result: no
configure:10188: checking for a sed that does not truncate output
configure:10260: result: /usr/local/bin/gsed
configure:10266: checking whether NLS is requested
configure:10277: result: no
configure:10317: checking for msgfmt
configure: trying /usr/local/bin/msgfmt...
0 translated messages.
configure:10351: result: /usr/local/bin/msgfmt
configure:10360: checking for gmsgfmt
configure:10397: result: /usr/local/bin/msgfmt
configure:10447: checking for xgettext
configure: trying /usr/local/bin/xgettext...
/usr/local/bin/xgettext: warning: file '/dev/null' extension '' is unknown; will try C
configure:10481: result: /usr/local/bin/xgettext
configure:10526: checking for msgmerge
configure: trying /usr/local/bin/msgmerge...
configure:10559: result: /usr/local/bin/msgmerge
configure:10619: checking for ld used by gcc
configure:10688: result: /Library/Developer/CommandLineTools/usr/bin/ld
configure:10695: checking if the linker (/Library/Developer/CommandLineTools/usr/bin/ld) is GNU ld
configure:10712: result: no
configure:10720: checking for shared library run path origin
configure:10735: result: done
configure:11314: checking for CFPreferencesCopyAppValue
configure:11333: gcc -o conftest -g -O2   conftest.c  -Wl,-framework -Wl,CoreFoundation >&5
conftest.c:57:37: warning: null passed to a callee that requires a non-null argument [-Wnonnull]
CFPreferencesCopyAppValue(NULL, NULL)
                          ~~~~      ^
conftest.c:57:37: warning: null passed to a callee that requires a non-null argument [-Wnonnull]
CFPreferencesCopyAppValue(NULL, NULL)
                                ~~~~^
2 warnings generated.
configure:11333: $? = 0
configure:11345: result: yes
configure:11352: checking for CFLocaleCopyCurrent
configure:11371: gcc -o conftest -g -O2   conftest.c  -Wl,-framework -Wl,CoreFoundation >&5
configure:11371: $? = 0
configure:11383: result: yes
configure:12321: checking whether to use NLS
configure:12323: result: no
configure:12396: checking for library containing strerror
configure:12432: gcc -o conftest -g -O2   conftest.c  >&5
conftest.c:65:6: warning: incompatible redeclaration of library function 'strerror' [-Wincompatible-library-redeclaration]
char strerror (void);
     ^
conftest.c:65:6: note: 'strerror' is a builtin with type 'char *(int)'
1 warning generated.
configure:12432: $? = 0
configure:12454: result: none required
configure:12463: checking for library containing getpwnam
configure:12499: gcc -o conftest -g -O2   conftest.c  >&5
configure:12499: $? = 0
configure:12521: result: none required
configure:12534: checking for dirent.h that defines DIR
configure:12554: gcc -c -g -O2  conftest.c >&5
configure:12554: $? = 0
configure:12565: result: yes
configure:12579: checking for library containing opendir
configure:12615: gcc -o conftest -g -O2   conftest.c  >&5
configure:12615: $? = 0
configure:12637: result: none required
configure:12716: checking whether stat file-mode macros are broken
configure:12744: gcc -c -g -O2  conftest.c >&5
configure:12744: $? = 0
configure:12754: result: no
configure:12763: checking for stdlib.h
configure:12763: result: yes
configure:12769: checking for string.h
configure:12769: result: yes
configure:12775: checking for strings.h
configure:12775: result: yes
configure:12781: checking for locale.h
configure:12781: gcc -c -g -O2  conftest.c >&5
configure:12781: $? = 0
configure:12781: result: yes
configure:12787: checking for unistd.h
configure:12787: result: yes
configure:12793: checking for limits.h
configure:12793: gcc -c -g -O2  conftest.c >&5
configure:12793: $? = 0
configure:12793: result: yes
configure:12799: checking for memory.h
configure:12799: gcc -c -g -O2  conftest.c >&5
configure:12799: $? = 0
configure:12799: result: yes
configure:12805: checking for sys/param.h
configure:12805: result: yes
configure:12811: checking for sys/resource.h
configure:12811: gcc -c -g -O2  conftest.c >&5
configure:12811: $? = 0
configure:12811: result: yes
configure:12817: checking for sys/timeb.h
configure:12817: gcc -c -g -O2  conftest.c >&5
configure:12817: $? = 0
configure:12817: result: yes
configure:12823: checking for sys/time.h
configure:12823: gcc -c -g -O2  conftest.c >&5
configure:12823: $? = 0
configure:12823: result: yes
configure:12829: checking for sys/select.h
configure:12829: gcc -c -g -O2  conftest.c >&5
configure:12829: $? = 0
configure:12829: result: yes
configure:12835: checking for sys/file.h
configure:12835: gcc -c -g -O2  conftest.c >&5
configure:12835: $? = 0
configure:12835: result: yes
configure:12841: checking for fcntl.h
configure:12841: gcc -c -g -O2  conftest.c >&5
configure:12841: $? = 0
configure:12841: result: yes
configure:12847: checking for spawn.h
configure:12847: gcc -c -g -O2  conftest.c >&5
configure:12847: $? = 0
configure:12847: result: yes
configure:12856: checking for an ANSI C-conforming const
configure:12923: gcc -c -g -O2  conftest.c >&5
configure:12923: $? = 0
configure:12933: result: yes
configure:12941: checking for uid_t
configure:12941: gcc -c -g -O2  conftest.c >&5
configure:12941: $? = 0
configure:12941: gcc -c -g -O2  conftest.c >&5
conftest.c:102:20: error: expected expression
if (sizeof ((uid_t)))
                   ^
1 error generated.
configure:12941: $? = 1
configure: failed program was:
| /* confdefs.h */
| #define PACKAGE_NAME "GNU Make"
| #define PACKAGE_TARNAME "make"
| #define PACKAGE_VERSION "4.4.1"
| #define PACKAGE_STRING "GNU Make 4.4.1"
| #define PACKAGE_BUGREPORT "bug-make@gnu.org"
| #define PACKAGE_URL "https://www.gnu.org/software/make/"
| #define PACKAGE "make"
| #define VERSION "4.4.1"
| #define HAVE_STDIO_H 1
| #define HAVE_STDLIB_H 1
| #define HAVE_STRING_H 1
| #define HAVE_INTTYPES_H 1
| #define HAVE_STDINT_H 1
| #define HAVE_STRINGS_H 1
| #define HAVE_SYS_STAT_H 1
| #define HAVE_SYS_TYPES_H 1
| #define HAVE_UNISTD_H 1
| #define HAVE_WCHAR_H 1
| #define HAVE_SYS_PARAM_H 1
| #define HAVE_STDBOOL_H 1
| #define STDC_HEADERS 1
| #define _ALL_SOURCE 1
| #define _DARWIN_C_SOURCE 1
| #define _GNU_SOURCE 1
| #define _HPUX_ALT_XOPEN_SOCKET_API 1
| #define _NETBSD_SOURCE 1
| #define _OPENBSD_SOURCE 1
| #define _POSIX_PTHREAD_SEMANTICS 1
| #define __STDC_WANT_IEC_60559_ATTRIBS_EXT__ 1
| #define __STDC_WANT_IEC_60559_BFP_EXT__ 1
| #define __STDC_WANT_IEC_60559_DFP_EXT__ 1
| #define __STDC_WANT_IEC_60559_EXT__ 1
| #define __STDC_WANT_IEC_60559_FUNCS_EXT__ 1
| #define __STDC_WANT_IEC_60559_TYPES_EXT__ 1
| #define __STDC_WANT_LIB_EXT2__ 1
| #define __STDC_WANT_MATH_SPEC_FUNCS__ 1
| #define _TANDEM_SOURCE 1
| #define __EXTENSIONS__ 1
| #define MAKE_CXX "g++ -std=gnu++11"
| #define HAVE_ALLOCA_H 1
| #define HAVE_ALLOCA 1
| #define eaccess access
| #ifndef __x86_64__
| #define __x86_64__ 1
| #endif
| #ifndef __x86_64__
| #define __x86_64__ 1
| #endif
| #define HAVE_ALLOCA 1
| #define GNULIB_TEST_GETLOADAVG 1
| #define HAVE_CFPREFERENCESCOPYAPPVALUE 1
| #define HAVE_CFLOCALECOPYCURRENT 1
| #define HAVE_DIRENT_H 1
| #define HAVE_STDLIB_H 1
| #define HAVE_STRING_H 1
| #define HAVE_STRINGS_H 1
| #define HAVE_LOCALE_H 1
| #define HAVE_UNISTD_H 1
| #define HAVE_LIMITS_H 1
| #define HAVE_MEMORY_H 1
| #define HAVE_SYS_PARAM_H 1
| #define HAVE_SYS_RESOURCE_H 1
| #define HAVE_SYS_TIMEB_H 1
| #define HAVE_SYS_TIME_H 1
| #define HAVE_SYS_SELECT_H 1
| #define HAVE_SYS_FILE_H 1
| #define HAVE_FCNTL_H 1
| #define HAVE_SPAWN_H 1
| /* end confdefs.h.  */
| #include <stddef.h>
| #ifdef HAVE_STDIO_H
| # include <stdio.h>
| #endif
| #ifdef HAVE_STDLIB_H
| # include <stdlib.h>
| #endif
| #ifdef HAVE_STRING_H
| # include <string.h>
| #endif
| #ifdef HAVE_INTTYPES_H
| # include <inttypes.h>
| #endif
| #ifdef HAVE_STDINT_H
| # include <stdint.h>
| #endif
| #ifdef HAVE_STRINGS_H
| # include <strings.h>
| #endif
| #ifdef HAVE_SYS_TYPES_H
| # include <sys/types.h>
| #endif
| #ifdef HAVE_SYS_STAT_H
| # include <sys/stat.h>
| #endif
| #ifdef HAVE_UNISTD_H
| # include <unistd.h>
| #endif
| int
| main (void)
| {
| if (sizeof ((uid_t)))
| 	    return 0;
|   ;
|   return 0;
| }
configure:12941: result: yes
configure:12952: checking for gid_t
configure:12952: gcc -c -g -O2  conftest.c >&5
configure:12952: $? = 0
configure:12952: gcc -c -g -O2  conftest.c >&5
conftest.c:102:20: error: expected expression
if (sizeof ((gid_t)))
                   ^
1 error generated.
configure:12952: $? = 1
configure: failed program was:
| /* confdefs.h */
| #define PACKAGE_NAME "GNU Make"
| #define PACKAGE_TARNAME "make"
| #define PACKAGE_VERSION "4.4.1"
| #define PACKAGE_STRING "GNU Make 4.4.1"
| #define PACKAGE_BUGREPORT "bug-make@gnu.org"
| #define PACKAGE_URL "https://www.gnu.org/software/make/"
| #define PACKAGE "make"
| #define VERSION "4.4.1"
| #define HAVE_STDIO_H 1
| #define HAVE_STDLIB_H 1
| #define HAVE_STRING_H 1
| #define HAVE_INTTYPES_H 1
| #define HAVE_STDINT_H 1
| #define HAVE_STRINGS_H 1
| #define HAVE_SYS_STAT_H 1
| #define HAVE_SYS_TYPES_H 1
| #define HAVE_UNISTD_H 1
| #define HAVE_WCHAR_H 1
| #define HAVE_SYS_PARAM_H 1
| #define HAVE_STDBOOL_H 1
| #define STDC_HEADERS 1
| #define _ALL_SOURCE 1
| #define _DARWIN_C_SOURCE 1
| #define _GNU_SOURCE 1
| #define _HPUX_ALT_XOPEN_SOCKET_API 1
| #define _NETBSD_SOURCE 1
| #define _OPENBSD_SOURCE 1
| #define _POSIX_PTHREAD_SEMANTICS 1
| #define __STDC_WANT_IEC_60559_ATTRIBS_EXT__ 1
| #define __STDC_WANT_IEC_60559_BFP_EXT__ 1
| #define __STDC_WANT_IEC_60559_DFP_EXT__ 1
| #define __STDC_WANT_IEC_60559_EXT__ 1
| #define __STDC_WANT_IEC_60559_FUNCS_EXT__ 1
| #define __STDC_WANT_IEC_60559_TYPES_EXT__ 1
| #define __STDC_WANT_LIB_EXT2__ 1
| #define __STDC_WANT_MATH_SPEC_FUNCS__ 1
| #define _TANDEM_SOURCE 1
| #define __EXTENSIONS__ 1
| #define MAKE_CXX "g++ -std=gnu++11"
| #define HAVE_ALLOCA_H 1
| #define HAVE_ALLOCA 1
| #define eaccess access
| #ifndef __x86_64__
| #define __x86_64__ 1
| #endif
| #ifndef __x86_64__
| #define __x86_64__ 1
| #endif
| #define HAVE_ALLOCA 1
| #define GNULIB_TEST_GETLOADAVG 1
| #define HAVE_CFPREFERENCESCOPYAPPVALUE 1
| #define HAVE_CFLOCALECOPYCURRENT 1
| #define HAVE_DIRENT_H 1
| #define HAVE_STDLIB_H 1
| #define HAVE_STRING_H 1
| #define HAVE_STRINGS_H 1
| #define HAVE_LOCALE_H 1
| #define HAVE_UNISTD_H 1
| #define HAVE_LIMITS_H 1
| #define HAVE_MEMORY_H 1
| #define HAVE_SYS_PARAM_H 1
| #define HAVE_SYS_RESOURCE_H 1
| #define HAVE_SYS_TIMEB_H 1
| #define HAVE_SYS_TIME_H 1
| #define HAVE_SYS_SELECT_H 1
| #define HAVE_SYS_FILE_H 1
| #define HAVE_FCNTL_H 1
| #define HAVE_SPAWN_H 1
| /* end confdefs.h.  */
| #include <stddef.h>
| #ifdef HAVE_STDIO_H
| # include <stdio.h>
| #endif
| #ifdef HAVE_STDLIB_H
| # include <stdlib.h>
| #endif
| #ifdef HAVE_STRING_H
| # include <string.h>
| #endif
| #ifdef HAVE_INTTYPES_H
| # include <inttypes.h>
| #endif
| #ifdef HAVE_STDINT_H
| # include <stdint.h>
| #endif
| #ifdef HAVE_STRINGS_H
| # include <strings.h>
| #endif
| #ifdef HAVE_SYS_TYPES_H
| # include <sys/types.h>
| #endif
| #ifdef HAVE_SYS_STAT_H
| # include <sys/stat.h>
| #endif
| #ifdef HAVE_UNISTD_H
| # include <unistd.h>
| #endif
| int
| main (void)
| {
| if (sizeof ((gid_t)))
| 	    return 0;
|   ;
|   return 0;
| }
configure:12952: result: yes
configure:12964: checking for pid_t
configure:12964: gcc -c -g -O2  conftest.c >&5
configure:12964: $? = 0
configure:12964: gcc -c -g -O2  conftest.c >&5
conftest.c:103:20: error: expected expression
if (sizeof ((pid_t)))
                   ^
1 error generated.
configure:12964: $? = 1
configure: failed program was:
| /* confdefs.h */
| #define PACKAGE_NAME "GNU Make"
| #define PACKAGE_TARNAME "make"
| #define PACKAGE_VERSION "4.4.1"
| #define PACKAGE_STRING "GNU Make 4.4.1"
| #define PACKAGE_BUGREPORT "bug-make@gnu.org"
| #define PACKAGE_URL "https://www.gnu.org/software/make/"
| #define PACKAGE "make"
| #define VERSION "4.4.1"
| #define HAVE_STDIO_H 1
| #define HAVE_STDLIB_H 1
| #define HAVE_STRING_H 1
| #define HAVE_INTTYPES_H 1
| #define HAVE_STDINT_H 1
| #define HAVE_STRINGS_H 1
| #define HAVE_SYS_STAT_H 1
| #define HAVE_SYS_TYPES_H 1
| #define HAVE_UNISTD_H 1
| #define HAVE_WCHAR_H 1
| #define HAVE_SYS_PARAM_H 1
| #define HAVE_STDBOOL_H 1
| #define STDC_HEADERS 1
| #define _ALL_SOURCE 1
| #define _DARWIN_C_SOURCE 1
| #define _GNU_SOURCE 1
| #define _HPUX_ALT_XOPEN_SOCKET_API 1
| #define _NETBSD_SOURCE 1
| #define _OPENBSD_SOURCE 1
| #define _POSIX_PTHREAD_SEMANTICS 1
| #define __STDC_WANT_IEC_60559_ATTRIBS_EXT__ 1
| #define __STDC_WANT_IEC_60559_BFP_EXT__ 1
| #define __STDC_WANT_IEC_60559_DFP_EXT__ 1
| #define __STDC_WANT_IEC_60559_EXT__ 1
| #define __STDC_WANT_IEC_60559_FUNCS_EXT__ 1
| #define __STDC_WANT_IEC_60559_TYPES_EXT__ 1
| #define __STDC_WANT_LIB_EXT2__ 1
| #define __STDC_WANT_MATH_SPEC_FUNCS__ 1
| #define _TANDEM_SOURCE 1
| #define __EXTENSIONS__ 1
| #define MAKE_CXX "g++ -std=gnu++11"
| #define HAVE_ALLOCA_H 1
| #define HAVE_ALLOCA 1
| #define eaccess access
| #ifndef __x86_64__
| #define __x86_64__ 1
| #endif
| #ifndef __x86_64__
| #define __x86_64__ 1
| #endif
| #define HAVE_ALLOCA 1
| #define GNULIB_TEST_GETLOADAVG 1
| #define HAVE_CFPREFERENCESCOPYAPPVALUE 1
| #define HAVE_CFLOCALECOPYCURRENT 1
| #define HAVE_DIRENT_H 1
| #define HAVE_STDLIB_H 1
| #define HAVE_STRING_H 1
| #define HAVE_STRINGS_H 1
| #define HAVE_LOCALE_H 1
| #define HAVE_UNISTD_H 1
| #define HAVE_LIMITS_H 1
| #define HAVE_MEMORY_H 1
| #define HAVE_SYS_PARAM_H 1
| #define HAVE_SYS_RESOURCE_H 1
| #define HAVE_SYS_TIMEB_H 1
| #define HAVE_SYS_TIME_H 1
| #define HAVE_SYS_SELECT_H 1
| #define HAVE_SYS_FILE_H 1
| #define HAVE_FCNTL_H 1
| #define HAVE_SPAWN_H 1
| /* end confdefs.h.  */
| #include <stddef.h>
| #ifdef HAVE_STDIO_H
| # include <stdio.h>
| #endif
| #ifdef HAVE_STDLIB_H
| # include <stdlib.h>
| #endif
| #ifdef HAVE_STRING_H
| # include <string.h>
| #endif
| #ifdef HAVE_INTTYPES_H
| # include <inttypes.h>
| #endif
| #ifdef HAVE_STDINT_H
| # include <stdint.h>
| #endif
| #ifdef HAVE_STRINGS_H
| # include <strings.h>
| #endif
| #ifdef HAVE_SYS_TYPES_H
| # include <sys/types.h>
| #endif
| #ifdef HAVE_SYS_STAT_H
| # include <sys/stat.h>
| #endif
| #ifdef HAVE_UNISTD_H
| # include <unistd.h>
| #endif
| 
| int
| main (void)
| {
| if (sizeof ((pid_t)))
| 	    return 0;
|   ;
|   return 0;
| }
configure:12964: result: yes
configure:13002: checking for off_t
configure:13002: gcc -c -g -O2  conftest.c >&5
configure:13002: $? = 0
configure:13002: gcc -c -g -O2  conftest.c >&5
conftest.c:102:20: error: expected expression
if (sizeof ((off_t)))
                   ^
1 error generated.
configure:13002: $? = 1
configure: failed program was:
| /* confdefs.h */
| #define PACKAGE_NAME "GNU Make"
| #define PACKAGE_TARNAME "make"
| #define PACKAGE_VERSION "4.4.1"
| #define PACKAGE_STRING "GNU Make 4.4.1"
| #define PACKAGE_BUGREPORT "bug-make@gnu.org"
| #define PACKAGE_URL "https://www.gnu.org/software/make/"
| #define PACKAGE "make"
| #define VERSION "4.4.1"
| #define HAVE_STDIO_H 1
| #define HAVE_STDLIB_H 1
| #define HAVE_STRING_H 1
| #define HAVE_INTTYPES_H 1
| #define HAVE_STDINT_H 1
| #define HAVE_STRINGS_H 1
| #define HAVE_SYS_STAT_H 1
| #define HAVE_SYS_TYPES_H 1
| #define HAVE_UNISTD_H 1
| #define HAVE_WCHAR_H 1
| #define HAVE_SYS_PARAM_H 1
| #define HAVE_STDBOOL_H 1
| #define STDC_HEADERS 1
| #define _ALL_SOURCE 1
| #define _DARWIN_C_SOURCE 1
| #define _GNU_SOURCE 1
| #define _HPUX_ALT_XOPEN_SOCKET_API 1
| #define _NETBSD_SOURCE 1
| #define _OPENBSD_SOURCE 1
| #define _POSIX_PTHREAD_SEMANTICS 1
| #define __STDC_WANT_IEC_60559_ATTRIBS_EXT__ 1
| #define __STDC_WANT_IEC_60559_BFP_EXT__ 1
| #define __STDC_WANT_IEC_60559_DFP_EXT__ 1
| #define __STDC_WANT_IEC_60559_EXT__ 1
| #define __STDC_WANT_IEC_60559_FUNCS_EXT__ 1
| #define __STDC_WANT_IEC_60559_TYPES_EXT__ 1
| #define __STDC_WANT_LIB_EXT2__ 1
| #define __STDC_WANT_MATH_SPEC_FUNCS__ 1
| #define _TANDEM_SOURCE 1
| #define __EXTENSIONS__ 1
| #define MAKE_CXX "g++ -std=gnu++11"
| #define HAVE_ALLOCA_H 1
| #define HAVE_ALLOCA 1
| #define eaccess access
| #ifndef __x86_64__
| #define __x86_64__ 1
| #endif
| #ifndef __x86_64__
| #define __x86_64__ 1
| #endif
| #define HAVE_ALLOCA 1
| #define GNULIB_TEST_GETLOADAVG 1
| #define HAVE_CFPREFERENCESCOPYAPPVALUE 1
| #define HAVE_CFLOCALECOPYCURRENT 1
| #define HAVE_DIRENT_H 1
| #define HAVE_STDLIB_H 1
| #define HAVE_STRING_H 1
| #define HAVE_STRINGS_H 1
| #define HAVE_LOCALE_H 1
| #define HAVE_UNISTD_H 1
| #define HAVE_LIMITS_H 1
| #define HAVE_MEMORY_H 1
| #define HAVE_SYS_PARAM_H 1
| #define HAVE_SYS_RESOURCE_H 1
| #define HAVE_SYS_TIMEB_H 1
| #define HAVE_SYS_TIME_H 1
| #define HAVE_SYS_SELECT_H 1
| #define HAVE_SYS_FILE_H 1
| #define HAVE_FCNTL_H 1
| #define HAVE_SPAWN_H 1
| /* end confdefs.h.  */
| #include <stddef.h>
| #ifdef HAVE_STDIO_H
| # include <stdio.h>
| #endif
| #ifdef HAVE_STDLIB_H
| # include <stdlib.h>
| #endif
| #ifdef HAVE_STRING_H
| # include <string.h>
| #endif
| #ifdef HAVE_INTTYPES_H
| # include <inttypes.h>
| #endif
| #ifdef HAVE_STDINT_H
| # include <stdint.h>
| #endif
| #ifdef HAVE_STRINGS_H
| # include <strings.h>
| #endif
| #ifdef HAVE_SYS_TYPES_H
| # include <sys/types.h>
| #endif
| #ifdef HAVE_SYS_STAT_H
| # include <sys/stat.h>
| #endif
| #ifdef HAVE_UNISTD_H
| # include <unistd.h>
| #endif
| int
| main (void)
| {
| if (sizeof ((off_t)))
| 	    return 0;
|   ;
|   return 0;
| }
configure:13002: result: yes
configure:13013: checking for size_t
configure:13013: result: yes
configure:13024: checking for ssize_t
configure:13024: gcc -c -g -O2  conftest.c >&5
configure:13024: $? = 0
configure:13024: gcc -c -g -O2  conftest.c >&5
conftest.c:102:22: error: expected expression
if (sizeof ((ssize_t)))
                     ^
1 error generated.
configure:13024: $? = 1
configure: failed program was:
| /* confdefs.h */
| #define PACKAGE_NAME "GNU Make"
| #define PACKAGE_TARNAME "make"
| #define PACKAGE_VERSION "4.4.1"
| #define PACKAGE_STRING "GNU Make 4.4.1"
| #define PACKAGE_BUGREPORT "bug-make@gnu.org"
| #define PACKAGE_URL "https://www.gnu.org/software/make/"
| #define PACKAGE "make"
| #define VERSION "4.4.1"
| #define HAVE_STDIO_H 1
| #define HAVE_STDLIB_H 1
| #define HAVE_STRING_H 1
| #define HAVE_INTTYPES_H 1
| #define HAVE_STDINT_H 1
| #define HAVE_STRINGS_H 1
| #define HAVE_SYS_STAT_H 1
| #define HAVE_SYS_TYPES_H 1
| #define HAVE_UNISTD_H 1
| #define HAVE_WCHAR_H 1
| #define HAVE_SYS_PARAM_H 1
| #define HAVE_STDBOOL_H 1
| #define STDC_HEADERS 1
| #define _ALL_SOURCE 1
| #define _DARWIN_C_SOURCE 1
| #define _GNU_SOURCE 1
| #define _HPUX_ALT_XOPEN_SOCKET_API 1
| #define _NETBSD_SOURCE 1
| #define _OPENBSD_SOURCE 1
| #define _POSIX_PTHREAD_SEMANTICS 1
| #define __STDC_WANT_IEC_60559_ATTRIBS_EXT__ 1
| #define __STDC_WANT_IEC_60559_BFP_EXT__ 1
| #define __STDC_WANT_IEC_60559_DFP_EXT__ 1
| #define __STDC_WANT_IEC_60559_EXT__ 1
| #define __STDC_WANT_IEC_60559_FUNCS_EXT__ 1
| #define __STDC_WANT_IEC_60559_TYPES_EXT__ 1
| #define __STDC_WANT_LIB_EXT2__ 1
| #define __STDC_WANT_MATH_SPEC_FUNCS__ 1
| #define _TANDEM_SOURCE 1
| #define __EXTENSIONS__ 1
| #define MAKE_CXX "g++ -std=gnu++11"
| #define HAVE_ALLOCA_H 1
| #define HAVE_ALLOCA 1
| #define eaccess access
| #ifndef __x86_64__
| #define __x86_64__ 1
| #endif
| #ifndef __x86_64__
| #define __x86_64__ 1
| #endif
| #define HAVE_ALLOCA 1
| #define GNULIB_TEST_GETLOADAVG 1
| #define HAVE_CFPREFERENCESCOPYAPPVALUE 1
| #define HAVE_CFLOCALECOPYCURRENT 1
| #define HAVE_DIRENT_H 1
| #define HAVE_STDLIB_H 1
| #define HAVE_STRING_H 1
| #define HAVE_STRINGS_H 1
| #define HAVE_LOCALE_H 1
| #define HAVE_UNISTD_H 1
| #define HAVE_LIMITS_H 1
| #define HAVE_MEMORY_H 1
| #define HAVE_SYS_PARAM_H 1
| #define HAVE_SYS_RESOURCE_H 1
| #define HAVE_SYS_TIMEB_H 1
| #define HAVE_SYS_TIME_H 1
| #define HAVE_SYS_SELECT_H 1
| #define HAVE_SYS_FILE_H 1
| #define HAVE_FCNTL_H 1
| #define HAVE_SPAWN_H 1
| /* end confdefs.h.  */
| #include <stddef.h>
| #ifdef HAVE_STDIO_H
| # include <stdio.h>
| #endif
| #ifdef HAVE_STDLIB_H
| # include <stdlib.h>
| #endif
| #ifdef HAVE_STRING_H
| # include <string.h>
| #endif
| #ifdef HAVE_INTTYPES_H
| # include <inttypes.h>
| #endif
| #ifdef HAVE_STDINT_H
| # include <stdint.h>
| #endif
| #ifdef HAVE_STRINGS_H
| # include <strings.h>
| #endif
| #ifdef HAVE_SYS_TYPES_H
| # include <sys/types.h>
| #endif
| #ifdef HAVE_SYS_STAT_H
| # include <sys/stat.h>
| #endif
| #ifdef HAVE_UNISTD_H
| # include <unistd.h>
| #endif
| int
| main (void)
| {
| if (sizeof ((ssize_t)))
| 	    return 0;
|   ;
|   return 0;
| }
configure:13024: result: yes
configure:13036: checking for unsigned long long int
configure:13078: gcc -o conftest -g -O2   conftest.c  >&5
configure:13078: $? = 0
configure:13090: result: yes
configure:13100: checking for long long int
configure:13142: gcc -o conftest -g -O2   conftest.c  >&5
configure:13142: $? = 0
configure:13142: ./conftest
configure:13142: $? = 0
configure:13158: result: yes
configure:13168: checking for intmax_t
configure:13168: gcc -c -g -O2  conftest.c >&5
configure:13168: $? = 0
configure:13168: gcc -c -g -O2  conftest.c >&5
conftest.c:104:23: error: expected expression
if (sizeof ((intmax_t)))
                      ^
1 error generated.
configure:13168: $? = 1
configure: failed program was:
| /* confdefs.h */
| #define PACKAGE_NAME "GNU Make"
| #define PACKAGE_TARNAME "make"
| #define PACKAGE_VERSION "4.4.1"
| #define PACKAGE_STRING "GNU Make 4.4.1"
| #define PACKAGE_BUGREPORT "bug-make@gnu.org"
| #define PACKAGE_URL "https://www.gnu.org/software/make/"
| #define PACKAGE "make"
| #define VERSION "4.4.1"
| #define HAVE_STDIO_H 1
| #define HAVE_STDLIB_H 1
| #define HAVE_STRING_H 1
| #define HAVE_INTTYPES_H 1
| #define HAVE_STDINT_H 1
| #define HAVE_STRINGS_H 1
| #define HAVE_SYS_STAT_H 1
| #define HAVE_SYS_TYPES_H 1
| #define HAVE_UNISTD_H 1
| #define HAVE_WCHAR_H 1
| #define HAVE_SYS_PARAM_H 1
| #define HAVE_STDBOOL_H 1
| #define STDC_HEADERS 1
| #define _ALL_SOURCE 1
| #define _DARWIN_C_SOURCE 1
| #define _GNU_SOURCE 1
| #define _HPUX_ALT_XOPEN_SOCKET_API 1
| #define _NETBSD_SOURCE 1
| #define _OPENBSD_SOURCE 1
| #define _POSIX_PTHREAD_SEMANTICS 1
| #define __STDC_WANT_IEC_60559_ATTRIBS_EXT__ 1
| #define __STDC_WANT_IEC_60559_BFP_EXT__ 1
| #define __STDC_WANT_IEC_60559_DFP_EXT__ 1
| #define __STDC_WANT_IEC_60559_EXT__ 1
| #define __STDC_WANT_IEC_60559_FUNCS_EXT__ 1
| #define __STDC_WANT_IEC_60559_TYPES_EXT__ 1
| #define __STDC_WANT_LIB_EXT2__ 1
| #define __STDC_WANT_MATH_SPEC_FUNCS__ 1
| #define _TANDEM_SOURCE 1
| #define __EXTENSIONS__ 1
| #define MAKE_CXX "g++ -std=gnu++11"
| #define HAVE_ALLOCA_H 1
| #define HAVE_ALLOCA 1
| #define eaccess access
| #ifndef __x86_64__
| #define __x86_64__ 1
| #endif
| #ifndef __x86_64__
| #define __x86_64__ 1
| #endif
| #define HAVE_ALLOCA 1
| #define GNULIB_TEST_GETLOADAVG 1
| #define HAVE_CFPREFERENCESCOPYAPPVALUE 1
| #define HAVE_CFLOCALECOPYCURRENT 1
| #define HAVE_DIRENT_H 1
| #define HAVE_STDLIB_H 1
| #define HAVE_STRING_H 1
| #define HAVE_STRINGS_H 1
| #define HAVE_LOCALE_H 1
| #define HAVE_UNISTD_H 1
| #define HAVE_LIMITS_H 1
| #define HAVE_MEMORY_H 1
| #define HAVE_SYS_PARAM_H 1
| #define HAVE_SYS_RESOURCE_H 1
| #define HAVE_SYS_TIMEB_H 1
| #define HAVE_SYS_TIME_H 1
| #define HAVE_SYS_SELECT_H 1
| #define HAVE_SYS_FILE_H 1
| #define HAVE_FCNTL_H 1
| #define HAVE_SPAWN_H 1
| #define HAVE_UNSIGNED_LONG_LONG_INT 1
| #define HAVE_LONG_LONG_INT 1
| /* end confdefs.h.  */
| #include <stddef.h>
| #ifdef HAVE_STDIO_H
| # include <stdio.h>
| #endif
| #ifdef HAVE_STDLIB_H
| # include <stdlib.h>
| #endif
| #ifdef HAVE_STRING_H
| # include <string.h>
| #endif
| #ifdef HAVE_INTTYPES_H
| # include <inttypes.h>
| #endif
| #ifdef HAVE_STDINT_H
| # include <stdint.h>
| #endif
| #ifdef HAVE_STRINGS_H
| # include <strings.h>
| #endif
| #ifdef HAVE_SYS_TYPES_H
| # include <sys/types.h>
| #endif
| #ifdef HAVE_SYS_STAT_H
| # include <sys/stat.h>
| #endif
| #ifdef HAVE_UNISTD_H
| # include <unistd.h>
| #endif
| int
| main (void)
| {
| if (sizeof ((intmax_t)))
| 	    return 0;
|   ;
|   return 0;
| }
configure:13168: result: yes
configure:13187: checking for uintmax_t
configure:13187: gcc -c -g -O2  conftest.c >&5
configure:13187: $? = 0
configure:13187: gcc -c -g -O2  conftest.c >&5
conftest.c:105:24: error: expected expression
if (sizeof ((uintmax_t)))
                       ^
1 error generated.
configure:13187: $? = 1
configure: failed program was:
| /* confdefs.h */
| #define PACKAGE_NAME "GNU Make"
| #define PACKAGE_TARNAME "make"
| #define PACKAGE_VERSION "4.4.1"
| #define PACKAGE_STRING "GNU Make 4.4.1"
| #define PACKAGE_BUGREPORT "bug-make@gnu.org"
| #define PACKAGE_URL "https://www.gnu.org/software/make/"
| #define PACKAGE "make"
| #define VERSION "4.4.1"
| #define HAVE_STDIO_H 1
| #define HAVE_STDLIB_H 1
| #define HAVE_STRING_H 1
| #define HAVE_INTTYPES_H 1
| #define HAVE_STDINT_H 1
| #define HAVE_STRINGS_H 1
| #define HAVE_SYS_STAT_H 1
| #define HAVE_SYS_TYPES_H 1
| #define HAVE_UNISTD_H 1
| #define HAVE_WCHAR_H 1
| #define HAVE_SYS_PARAM_H 1
| #define HAVE_STDBOOL_H 1
| #define STDC_HEADERS 1
| #define _ALL_SOURCE 1
| #define _DARWIN_C_SOURCE 1
| #define _GNU_SOURCE 1
| #define _HPUX_ALT_XOPEN_SOCKET_API 1
| #define _NETBSD_SOURCE 1
| #define _OPENBSD_SOURCE 1
| #define _POSIX_PTHREAD_SEMANTICS 1
| #define __STDC_WANT_IEC_60559_ATTRIBS_EXT__ 1
| #define __STDC_WANT_IEC_60559_BFP_EXT__ 1
| #define __STDC_WANT_IEC_60559_DFP_EXT__ 1
| #define __STDC_WANT_IEC_60559_EXT__ 1
| #define __STDC_WANT_IEC_60559_FUNCS_EXT__ 1
| #define __STDC_WANT_IEC_60559_TYPES_EXT__ 1
| #define __STDC_WANT_LIB_EXT2__ 1
| #define __STDC_WANT_MATH_SPEC_FUNCS__ 1
| #define _TANDEM_SOURCE 1
| #define __EXTENSIONS__ 1
| #define MAKE_CXX "g++ -std=gnu++11"
| #define HAVE_ALLOCA_H 1
| #define HAVE_ALLOCA 1
| #define eaccess access
| #ifndef __x86_64__
| #define __x86_64__ 1
| #endif
| #ifndef __x86_64__
| #define __x86_64__ 1
| #endif
| #define HAVE_ALLOCA 1
| #define GNULIB_TEST_GETLOADAVG 1
| #define HAVE_CFPREFERENCESCOPYAPPVALUE 1
| #define HAVE_CFLOCALECOPYCURRENT 1
| #define HAVE_DIRENT_H 1
| #define HAVE_STDLIB_H 1
| #define HAVE_STRING_H 1
| #define HAVE_STRINGS_H 1
| #define HAVE_LOCALE_H 1
| #define HAVE_UNISTD_H 1
| #define HAVE_LIMITS_H 1
| #define HAVE_MEMORY_H 1
| #define HAVE_SYS_PARAM_H 1
| #define HAVE_SYS_RESOURCE_H 1
| #define HAVE_SYS_TIMEB_H 1
| #define HAVE_SYS_TIME_H 1
| #define HAVE_SYS_SELECT_H 1
| #define HAVE_SYS_FILE_H 1
| #define HAVE_FCNTL_H 1
| #define HAVE_SPAWN_H 1
| #define HAVE_UNSIGNED_LONG_LONG_INT 1
| #define HAVE_LONG_LONG_INT 1
| #define HAVE_INTMAX_T 1
| /* end confdefs.h.  */
| #include <stddef.h>
| #ifdef HAVE_STDIO_H
| # include <stdio.h>
| #endif
| #ifdef HAVE_STDLIB_H
| # include <stdlib.h>
| #endif
| #ifdef HAVE_STRING_H
| # include <string.h>
| #endif
| #ifdef HAVE_INTTYPES_H
| # include <inttypes.h>
| #endif
| #ifdef HAVE_STDINT_H
| # include <stdint.h>
| #endif
| #ifdef HAVE_STRINGS_H
| # include <strings.h>
| #endif
| #ifdef HAVE_SYS_TYPES_H
| # include <sys/types.h>
| #endif
| #ifdef HAVE_SYS_STAT_H
| # include <sys/stat.h>
| #endif
| #ifdef HAVE_UNISTD_H
| # include <unistd.h>
| #endif
| int
| main (void)
| {
| if (sizeof ((uintmax_t)))
| 	    return 0;
|   ;
|   return 0;
| }
configure:13187: result: yes
configure:13207: checking for sig_atomic_t
configure:13207: gcc -c -g -O2  conftest.c >&5
configure:13207: $? = 0
configure:13207: gcc -c -g -O2  conftest.c >&5
conftest.c:80:27: error: expected expression
if (sizeof ((sig_atomic_t)))
                          ^
1 error generated.
configure:13207: $? = 1
configure: failed program was:
| /* confdefs.h */
| #define PACKAGE_NAME "GNU Make"
| #define PACKAGE_TARNAME "make"
| #define PACKAGE_VERSION "4.4.1"
| #define PACKAGE_STRING "GNU Make 4.4.1"
| #define PACKAGE_BUGREPORT "bug-make@gnu.org"
| #define PACKAGE_URL "https://www.gnu.org/software/make/"
| #define PACKAGE "make"
| #define VERSION "4.4.1"
| #define HAVE_STDIO_H 1
| #define HAVE_STDLIB_H 1
| #define HAVE_STRING_H 1
| #define HAVE_INTTYPES_H 1
| #define HAVE_STDINT_H 1
| #define HAVE_STRINGS_H 1
| #define HAVE_SYS_STAT_H 1
| #define HAVE_SYS_TYPES_H 1
| #define HAVE_UNISTD_H 1
| #define HAVE_WCHAR_H 1
| #define HAVE_SYS_PARAM_H 1
| #define HAVE_STDBOOL_H 1
| #define STDC_HEADERS 1
| #define _ALL_SOURCE 1
| #define _DARWIN_C_SOURCE 1
| #define _GNU_SOURCE 1
| #define _HPUX_ALT_XOPEN_SOCKET_API 1
| #define _NETBSD_SOURCE 1
| #define _OPENBSD_SOURCE 1
| #define _POSIX_PTHREAD_SEMANTICS 1
| #define __STDC_WANT_IEC_60559_ATTRIBS_EXT__ 1
| #define __STDC_WANT_IEC_60559_BFP_EXT__ 1
| #define __STDC_WANT_IEC_60559_DFP_EXT__ 1
| #define __STDC_WANT_IEC_60559_EXT__ 1
| #define __STDC_WANT_IEC_60559_FUNCS_EXT__ 1
| #define __STDC_WANT_IEC_60559_TYPES_EXT__ 1
| #define __STDC_WANT_LIB_EXT2__ 1
| #define __STDC_WANT_MATH_SPEC_FUNCS__ 1
| #define _TANDEM_SOURCE 1
| #define __EXTENSIONS__ 1
| #define MAKE_CXX "g++ -std=gnu++11"
| #define HAVE_ALLOCA_H 1
| #define HAVE_ALLOCA 1
| #define eaccess access
| #ifndef __x86_64__
| #define __x86_64__ 1
| #endif
| #ifndef __x86_64__
| #define __x86_64__ 1
| #endif
| #define HAVE_ALLOCA 1
| #define GNULIB_TEST_GETLOADAVG 1
| #define HAVE_CFPREFERENCESCOPYAPPVALUE 1
| #define HAVE_CFLOCALECOPYCURRENT 1
| #define HAVE_DIRENT_H 1
| #define HAVE_STDLIB_H 1
| #define HAVE_STRING_H 1
| #define HAVE_STRINGS_H 1
| #define HAVE_LOCALE_H 1
| #define HAVE_UNISTD_H 1
| #define HAVE_LIMITS_H 1
| #define HAVE_MEMORY_H 1
| #define HAVE_SYS_PARAM_H 1
| #define HAVE_SYS_RESOURCE_H 1
| #define HAVE_SYS_TIMEB_H 1
| #define HAVE_SYS_TIME_H 1
| #define HAVE_SYS_SELECT_H 1
| #define HAVE_SYS_FILE_H 1
| #define HAVE_FCNTL_H 1
| #define HAVE_SPAWN_H 1
| #define HAVE_UNSIGNED_LONG_LONG_INT 1
| #define HAVE_LONG_LONG_INT 1
| #define HAVE_INTMAX_T 1
| #define HAVE_UINTMAX_T 1
| /* end confdefs.h.  */
| #include <signal.h>
| 
| int
| main (void)
| {
| if (sizeof ((sig_atomic_t)))
| 	    return 0;
|   ;
|   return 0;
| }
configure:13207: result: yes
configure:13226: checking for nanoseconds field of struct stat
configure:13256: gcc -c -g -O2  -DST_MTIM_NSEC=st_mtim.tv_nsec conftest.c >&5
conftest.c:82:18: error: no member named 'st_mtim' in 'struct stat'
struct stat s; s.ST_MTIM_NSEC;
               ~ ^
<command line>:1:22: note: expanded from macro 'ST_MTIM_NSEC'
#define ST_MTIM_NSEC st_mtim.tv_nsec
                     ^
1 error generated.
configure:13256: $? = 1
configure: failed program was:
| /* confdefs.h */
| #define PACKAGE_NAME "GNU Make"
| #define PACKAGE_TARNAME "make"
| #define PACKAGE_VERSION "4.4.1"
| #define PACKAGE_STRING "GNU Make 4.4.1"
| #define PACKAGE_BUGREPORT "bug-make@gnu.org"
| #define PACKAGE_URL "https://www.gnu.org/software/make/"
| #define PACKAGE "make"
| #define VERSION "4.4.1"
| #define HAVE_STDIO_H 1
| #define HAVE_STDLIB_H 1
| #define HAVE_STRING_H 1
| #define HAVE_INTTYPES_H 1
| #define HAVE_STDINT_H 1
| #define HAVE_STRINGS_H 1
| #define HAVE_SYS_STAT_H 1
| #define HAVE_SYS_TYPES_H 1
| #define HAVE_UNISTD_H 1
| #define HAVE_WCHAR_H 1
| #define HAVE_SYS_PARAM_H 1
| #define HAVE_STDBOOL_H 1
| #define STDC_HEADERS 1
| #define _ALL_SOURCE 1
| #define _DARWIN_C_SOURCE 1
| #define _GNU_SOURCE 1
| #define _HPUX_ALT_XOPEN_SOCKET_API 1
| #define _NETBSD_SOURCE 1
| #define _OPENBSD_SOURCE 1
| #define _POSIX_PTHREAD_SEMANTICS 1
| #define __STDC_WANT_IEC_60559_ATTRIBS_EXT__ 1
| #define __STDC_WANT_IEC_60559_BFP_EXT__ 1
| #define __STDC_WANT_IEC_60559_DFP_EXT__ 1
| #define __STDC_WANT_IEC_60559_EXT__ 1
| #define __STDC_WANT_IEC_60559_FUNCS_EXT__ 1
| #define __STDC_WANT_IEC_60559_TYPES_EXT__ 1
| #define __STDC_WANT_LIB_EXT2__ 1
| #define __STDC_WANT_MATH_SPEC_FUNCS__ 1
| #define _TANDEM_SOURCE 1
| #define __EXTENSIONS__ 1
| #define MAKE_CXX "g++ -std=gnu++11"
| #define HAVE_ALLOCA_H 1
| #define HAVE_ALLOCA 1
| #define eaccess access
| #ifndef __x86_64__
| #define __x86_64__ 1
| #endif
| #ifndef __x86_64__
| #define __x86_64__ 1
| #endif
| #define HAVE_ALLOCA 1
| #define GNULIB_TEST_GETLOADAVG 1
| #define HAVE_CFPREFERENCESCOPYAPPVALUE 1
| #define HAVE_CFLOCALECOPYCURRENT 1
| #define HAVE_DIRENT_H 1
| #define HAVE_STDLIB_H 1
| #define HAVE_STRING_H 1
| #define HAVE_STRINGS_H 1
| #define HAVE_LOCALE_H 1
| #define HAVE_UNISTD_H 1
| #define HAVE_LIMITS_H 1
| #define HAVE_MEMORY_H 1
| #define HAVE_SYS_PARAM_H 1
| #define HAVE_SYS_RESOURCE_H 1
| #define HAVE_SYS_TIMEB_H 1
| #define HAVE_SYS_TIME_H 1
| #define HAVE_SYS_SELECT_H 1
| #define HAVE_SYS_FILE_H 1
| #define HAVE_FCNTL_H 1
| #define HAVE_SPAWN_H 1
| #define HAVE_UNSIGNED_LONG_LONG_INT 1
| #define HAVE_LONG_LONG_INT 1
| #define HAVE_INTMAX_T 1
| #define HAVE_UINTMAX_T 1
| #define HAVE_SIG_ATOMIC_T 1
| /* end confdefs.h.  */
| #include <sys/types.h>
| #include <sys/stat.h>
| 
| int
| main (void)
| {
| struct stat s; s.ST_MTIM_NSEC;
|   ;
|   return 0;
| }
configure:13256: gcc -c -g -O2  -DST_MTIM_NSEC=st_mtim._tv_nsec conftest.c >&5
conftest.c:82:18: error: no member named 'st_mtim' in 'struct stat'
struct stat s; s.ST_MTIM_NSEC;
               ~ ^
<command line>:1:22: note: expanded from macro 'ST_MTIM_NSEC'
#define ST_MTIM_NSEC st_mtim._tv_nsec
                     ^
1 error generated.
configure:13256: $? = 1
configure: failed program was:
| /* confdefs.h */
| #define PACKAGE_NAME "GNU Make"
| #define PACKAGE_TARNAME "make"
| #define PACKAGE_VERSION "4.4.1"
| #define PACKAGE_STRING "GNU Make 4.4.1"
| #define PACKAGE_BUGREPORT "bug-make@gnu.org"
| #define PACKAGE_URL "https://www.gnu.org/software/make/"
| #define PACKAGE "make"
| #define VERSION "4.4.1"
| #define HAVE_STDIO_H 1
| #define HAVE_STDLIB_H 1
| #define HAVE_STRING_H 1
| #define HAVE_INTTYPES_H 1
| #define HAVE_STDINT_H 1
| #define HAVE_STRINGS_H 1
| #define HAVE_SYS_STAT_H 1
| #define HAVE_SYS_TYPES_H 1
| #define HAVE_UNISTD_H 1
| #define HAVE_WCHAR_H 1
| #define HAVE_SYS_PARAM_H 1
| #define HAVE_STDBOOL_H 1
| #define STDC_HEADERS 1
| #define _ALL_SOURCE 1
| #define _DARWIN_C_SOURCE 1
| #define _GNU_SOURCE 1
| #define _HPUX_ALT_XOPEN_SOCKET_API 1
| #define _NETBSD_SOURCE 1
| #define _OPENBSD_SOURCE 1
| #define _POSIX_PTHREAD_SEMANTICS 1
| #define __STDC_WANT_IEC_60559_ATTRIBS_EXT__ 1
| #define __STDC_WANT_IEC_60559_BFP_EXT__ 1
| #define __STDC_WANT_IEC_60559_DFP_EXT__ 1
| #define __STDC_WANT_IEC_60559_EXT__ 1
| #define __STDC_WANT_IEC_60559_FUNCS_EXT__ 1
| #define __STDC_WANT_IEC_60559_TYPES_EXT__ 1
| #define __STDC_WANT_LIB_EXT2__ 1
| #define __STDC_WANT_MATH_SPEC_FUNCS__ 1
| #define _TANDEM_SOURCE 1
| #define __EXTENSIONS__ 1
| #define MAKE_CXX "g++ -std=gnu++11"
| #define HAVE_ALLOCA_H 1
| #define HAVE_ALLOCA 1
| #define eaccess access
| #ifndef __x86_64__
| #define __x86_64__ 1
| #endif
| #ifndef __x86_64__
| #define __x86_64__ 1
| #endif
| #define HAVE_ALLOCA 1
| #define GNULIB_TEST_GETLOADAVG 1
| #define HAVE_CFPREFERENCESCOPYAPPVALUE 1
| #define HAVE_CFLOCALECOPYCURRENT 1
| #define HAVE_DIRENT_H 1
| #define HAVE_STDLIB_H 1
| #define HAVE_STRING_H 1
| #define HAVE_STRINGS_H 1
| #define HAVE_LOCALE_H 1
| #define HAVE_UNISTD_H 1
| #define HAVE_LIMITS_H 1
| #define HAVE_MEMORY_H 1
| #define HAVE_SYS_PARAM_H 1
| #define HAVE_SYS_RESOURCE_H 1
| #define HAVE_SYS_TIMEB_H 1
| #define HAVE_SYS_TIME_H 1
| #define HAVE_SYS_SELECT_H 1
| #define HAVE_SYS_FILE_H 1
| #define HAVE_FCNTL_H 1
| #define HAVE_SPAWN_H 1
| #define HAVE_UNSIGNED_LONG_LONG_INT 1
| #define HAVE_LONG_LONG_INT 1
| #define HAVE_INTMAX_T 1
| #define HAVE_UINTMAX_T 1
| #define HAVE_SIG_ATOMIC_T 1
| /* end confdefs.h.  */
| #include <sys/types.h>
| #include <sys/stat.h>
| 
| int
| main (void)
| {
| struct stat s; s.ST_MTIM_NSEC;
|   ;
|   return 0;
| }
configure:13256: gcc -c -g -O2  -DST_MTIM_NSEC=st_mtim.st__tim.tv_nsec conftest.c >&5
conftest.c:82:18: error: no member named 'st_mtim' in 'struct stat'
struct stat s; s.ST_MTIM_NSEC;
               ~ ^
<command line>:1:22: note: expanded from macro 'ST_MTIM_NSEC'
#define ST_MTIM_NSEC st_mtim.st__tim.tv_nsec
                     ^
1 error generated.
configure:13256: $? = 1
configure: failed program was:
| /* confdefs.h */
| #define PACKAGE_NAME "GNU Make"
| #define PACKAGE_TARNAME "make"
| #define PACKAGE_VERSION "4.4.1"
| #define PACKAGE_STRING "GNU Make 4.4.1"
| #define PACKAGE_BUGREPORT "bug-make@gnu.org"
| #define PACKAGE_URL "https://www.gnu.org/software/make/"
| #define PACKAGE "make"
| #define VERSION "4.4.1"
| #define HAVE_STDIO_H 1
| #define HAVE_STDLIB_H 1
| #define HAVE_STRING_H 1
| #define HAVE_INTTYPES_H 1
| #define HAVE_STDINT_H 1
| #define HAVE_STRINGS_H 1
| #define HAVE_SYS_STAT_H 1
| #define HAVE_SYS_TYPES_H 1
| #define HAVE_UNISTD_H 1
| #define HAVE_WCHAR_H 1
| #define HAVE_SYS_PARAM_H 1
| #define HAVE_STDBOOL_H 1
| #define STDC_HEADERS 1
| #define _ALL_SOURCE 1
| #define _DARWIN_C_SOURCE 1
| #define _GNU_SOURCE 1
| #define _HPUX_ALT_XOPEN_SOCKET_API 1
| #define _NETBSD_SOURCE 1
| #define _OPENBSD_SOURCE 1
| #define _POSIX_PTHREAD_SEMANTICS 1
| #define __STDC_WANT_IEC_60559_ATTRIBS_EXT__ 1
| #define __STDC_WANT_IEC_60559_BFP_EXT__ 1
| #define __STDC_WANT_IEC_60559_DFP_EXT__ 1
| #define __STDC_WANT_IEC_60559_EXT__ 1
| #define __STDC_WANT_IEC_60559_FUNCS_EXT__ 1
| #define __STDC_WANT_IEC_60559_TYPES_EXT__ 1
| #define __STDC_WANT_LIB_EXT2__ 1
| #define __STDC_WANT_MATH_SPEC_FUNCS__ 1
| #define _TANDEM_SOURCE 1
| #define __EXTENSIONS__ 1
| #define MAKE_CXX "g++ -std=gnu++11"
| #define HAVE_ALLOCA_H 1
| #define HAVE_ALLOCA 1
| #define eaccess access
| #ifndef __x86_64__
| #define __x86_64__ 1
| #endif
| #ifndef __x86_64__
| #define __x86_64__ 1
| #endif
| #define HAVE_ALLOCA 1
| #define GNULIB_TEST_GETLOADAVG 1
| #define HAVE_CFPREFERENCESCOPYAPPVALUE 1
| #define HAVE_CFLOCALECOPYCURRENT 1
| #define HAVE_DIRENT_H 1
| #define HAVE_STDLIB_H 1
| #define HAVE_STRING_H 1
| #define HAVE_STRINGS_H 1
| #define HAVE_LOCALE_H 1
| #define HAVE_UNISTD_H 1
| #define HAVE_LIMITS_H 1
| #define HAVE_MEMORY_H 1
| #define HAVE_SYS_PARAM_H 1
| #define HAVE_SYS_RESOURCE_H 1
| #define HAVE_SYS_TIMEB_H 1
| #define HAVE_SYS_TIME_H 1
| #define HAVE_SYS_SELECT_H 1
| #define HAVE_SYS_FILE_H 1
| #define HAVE_FCNTL_H 1
| #define HAVE_SPAWN_H 1
| #define HAVE_UNSIGNED_LONG_LONG_INT 1
| #define HAVE_LONG_LONG_INT 1
| #define HAVE_INTMAX_T 1
| #define HAVE_UINTMAX_T 1
| #define HAVE_SIG_ATOMIC_T 1
| /* end confdefs.h.  */
| #include <sys/types.h>
| #include <sys/stat.h>
| 
| int
| main (void)
| {
| struct stat s; s.ST_MTIM_NSEC;
|   ;
|   return 0;
| }
configure:13256: gcc -c -g -O2  -DST_MTIM_NSEC=st_mtime_n conftest.c >&5
conftest.c:82:18: error: no member named 'st_mtime_n' in 'struct stat'
struct stat s; s.ST_MTIM_NSEC;
               ~ ^
<command line>:1:22: note: expanded from macro 'ST_MTIM_NSEC'
#define ST_MTIM_NSEC st_mtime_n
                     ^
1 error generated.
configure:13256: $? = 1
configure: failed program was:
| /* confdefs.h */
| #define PACKAGE_NAME "GNU Make"
| #define PACKAGE_TARNAME "make"
| #define PACKAGE_VERSION "4.4.1"
| #define PACKAGE_STRING "GNU Make 4.4.1"
| #define PACKAGE_BUGREPORT "bug-make@gnu.org"
| #define PACKAGE_URL "https://www.gnu.org/software/make/"
| #define PACKAGE "make"
| #define VERSION "4.4.1"
| #define HAVE_STDIO_H 1
| #define HAVE_STDLIB_H 1
| #define HAVE_STRING_H 1
| #define HAVE_INTTYPES_H 1
| #define HAVE_STDINT_H 1
| #define HAVE_STRINGS_H 1
| #define HAVE_SYS_STAT_H 1
| #define HAVE_SYS_TYPES_H 1
| #define HAVE_UNISTD_H 1
| #define HAVE_WCHAR_H 1
| #define HAVE_SYS_PARAM_H 1
| #define HAVE_STDBOOL_H 1
| #define STDC_HEADERS 1
| #define _ALL_SOURCE 1
| #define _DARWIN_C_SOURCE 1
| #define _GNU_SOURCE 1
| #define _HPUX_ALT_XOPEN_SOCKET_API 1
| #define _NETBSD_SOURCE 1
| #define _OPENBSD_SOURCE 1
| #define _POSIX_PTHREAD_SEMANTICS 1
| #define __STDC_WANT_IEC_60559_ATTRIBS_EXT__ 1
| #define __STDC_WANT_IEC_60559_BFP_EXT__ 1
| #define __STDC_WANT_IEC_60559_DFP_EXT__ 1
| #define __STDC_WANT_IEC_60559_EXT__ 1
| #define __STDC_WANT_IEC_60559_FUNCS_EXT__ 1
| #define __STDC_WANT_IEC_60559_TYPES_EXT__ 1
| #define __STDC_WANT_LIB_EXT2__ 1
| #define __STDC_WANT_MATH_SPEC_FUNCS__ 1
| #define _TANDEM_SOURCE 1
| #define __EXTENSIONS__ 1
| #define MAKE_CXX "g++ -std=gnu++11"
| #define HAVE_ALLOCA_H 1
| #define HAVE_ALLOCA 1
| #define eaccess access
| #ifndef __x86_64__
| #define __x86_64__ 1
| #endif
| #ifndef __x86_64__
| #define __x86_64__ 1
| #endif
| #define HAVE_ALLOCA 1
| #define GNULIB_TEST_GETLOADAVG 1
| #define HAVE_CFPREFERENCESCOPYAPPVALUE 1
| #define HAVE_CFLOCALECOPYCURRENT 1
| #define HAVE_DIRENT_H 1
| #define HAVE_STDLIB_H 1
| #define HAVE_STRING_H 1
| #define HAVE_STRINGS_H 1
| #define HAVE_LOCALE_H 1
| #define HAVE_UNISTD_H 1
| #define HAVE_LIMITS_H 1
| #define HAVE_MEMORY_H 1
| #define HAVE_SYS_PARAM_H 1
| #define HAVE_SYS_RESOURCE_H 1
| #define HAVE_SYS_TIMEB_H 1
| #define HAVE_SYS_TIME_H 1
| #define HAVE_SYS_SELECT_H 1
| #define HAVE_SYS_FILE_H 1
| #define HAVE_FCNTL_H 1
| #define HAVE_SPAWN_H 1
| #define HAVE_UNSIGNED_LONG_LONG_INT 1
| #define HAVE_LONG_LONG_INT 1
| #define HAVE_INTMAX_T 1
| #define HAVE_UINTMAX_T 1
| #define HAVE_SIG_ATOMIC_T 1
| /* end confdefs.h.  */
| #include <sys/types.h>
| #include <sys/stat.h>
| 
| int
| main (void)
| {
| struct stat s; s.ST_MTIM_NSEC;
|   ;
|   return 0;
| }
configure:13256: gcc -c -g -O2  -DST_MTIM_NSEC=st_mtimespec.tv_nsec conftest.c >&5
configure:13256: $? = 0
configure:13266: result: st_mtimespec.tv_nsec
configure:13276: checking whether to use high resolution file timestamps
configure:13299: gcc -c -g -O2  conftest.c >&5
configure:13299: $? = 0
configure:13308: result: yes
configure:13325: checking for library containing clock_gettime
configure:13361: gcc -o conftest -g -O2   conftest.c  >&5
configure:13361: $? = 0
configure:13383: result: none required
configure:13405: checking for standard gettimeofday
configure:13426: gcc -o conftest -g -O2   conftest.c  >&5
configure:13426: $? = 0
configure:13426: ./conftest
configure:13426: $? = 0
configure:13440: result: yes
configure:13450: checking for strtoll
configure:13450: gcc -o conftest -g -O2   conftest.c  >&5
conftest.c:96:6: warning: incompatible redeclaration of library function 'strtoll' [-Wincompatible-library-redeclaration]
char strtoll (void);
     ^
conftest.c:96:6: note: 'strtoll' is a builtin with type 'long long (const char *, char **, int)'
1 warning generated.
configure:13450: $? = 0
configure:13450: result: yes
configure:13456: checking for strdup
configure:13456: gcc -o conftest -g -O2   conftest.c  >&5
conftest.c:97:6: warning: incompatible redeclaration of library function 'strdup' [-Wincompatible-library-redeclaration]
char strdup (void);
     ^
conftest.c:97:6: note: 'strdup' is a builtin with type 'char *(const char *)'
1 warning generated.
configure:13456: $? = 0
configure:13456: result: yes
configure:13462: checking for strndup
configure:13462: gcc -o conftest -g -O2   conftest.c  >&5
conftest.c:98:6: warning: incompatible redeclaration of library function 'strndup' [-Wincompatible-library-redeclaration]
char strndup (void);
     ^
conftest.c:98:6: note: 'strndup' is a builtin with type 'char *(const char *, unsigned long)'
1 warning generated.
configure:13462: $? = 0
configure:13462: result: yes
configure:13468: checking for stpcpy
configure:13468: gcc -o conftest -g -O2   conftest.c  >&5
conftest.c:99:6: warning: incompatible redeclaration of library function 'stpcpy' [-Wincompatible-library-redeclaration]
char stpcpy (void);
     ^
conftest.c:99:6: note: 'stpcpy' is a builtin with type 'char *(char *, const char *)'
1 warning generated.
configure:13468: $? = 0
configure:13468: result: yes
configure:13474: checking for memrchr
configure:13474: gcc -o conftest -g -O2   conftest.c  >&5
Undefined symbols for architecture x86_64:
  "_memrchr", referenced from:
      _main in conftest-3d0cff.o
ld: symbol(s) not found for architecture x86_64
clang: error: linker command failed with exit code 1 (use -v to see invocation)
configure:13474: $? = 1
configure: failed program was:
| /* confdefs.h */
| #define PACKAGE_NAME "GNU Make"
| #define PACKAGE_TARNAME "make"
| #define PACKAGE_VERSION "4.4.1"
| #define PACKAGE_STRING "GNU Make 4.4.1"
| #define PACKAGE_BUGREPORT "bug-make@gnu.org"
| #define PACKAGE_URL "https://www.gnu.org/software/make/"
| #define PACKAGE "make"
| #define VERSION "4.4.1"
| #define HAVE_STDIO_H 1
| #define HAVE_STDLIB_H 1
| #define HAVE_STRING_H 1
| #define HAVE_INTTYPES_H 1
| #define HAVE_STDINT_H 1
| #define HAVE_STRINGS_H 1
| #define HAVE_SYS_STAT_H 1
| #define HAVE_SYS_TYPES_H 1
| #define HAVE_UNISTD_H 1
| #define HAVE_WCHAR_H 1
| #define HAVE_SYS_PARAM_H 1
| #define HAVE_STDBOOL_H 1
| #define STDC_HEADERS 1
| #define _ALL_SOURCE 1
| #define _DARWIN_C_SOURCE 1
| #define _GNU_SOURCE 1
| #define _HPUX_ALT_XOPEN_SOCKET_API 1
| #define _NETBSD_SOURCE 1
| #define _OPENBSD_SOURCE 1
| #define _POSIX_PTHREAD_SEMANTICS 1
| #define __STDC_WANT_IEC_60559_ATTRIBS_EXT__ 1
| #define __STDC_WANT_IEC_60559_BFP_EXT__ 1
| #define __STDC_WANT_IEC_60559_DFP_EXT__ 1
| #define __STDC_WANT_IEC_60559_EXT__ 1
| #define __STDC_WANT_IEC_60559_FUNCS_EXT__ 1
| #define __STDC_WANT_IEC_60559_TYPES_EXT__ 1
| #define __STDC_WANT_LIB_EXT2__ 1
| #define __STDC_WANT_MATH_SPEC_FUNCS__ 1
| #define _TANDEM_SOURCE 1
| #define __EXTENSIONS__ 1
| #define MAKE_CXX "g++ -std=gnu++11"
| #define HAVE_ALLOCA_H 1
| #define HAVE_ALLOCA 1
| #define eaccess access
| #ifndef __x86_64__
| #define __x86_64__ 1
| #endif
| #ifndef __x86_64__
| #define __x86_64__ 1
| #endif
| #define HAVE_ALLOCA 1
| #define GNULIB_TEST_GETLOADAVG 1
| #define HAVE_CFPREFERENCESCOPYAPPVALUE 1
| #define HAVE_CFLOCALECOPYCURRENT 1
| #define HAVE_DIRENT_H 1
| #define HAVE_STDLIB_H 1
| #define HAVE_STRING_H 1
| #define HAVE_STRINGS_H 1
| #define HAVE_LOCALE_H 1
| #define HAVE_UNISTD_H 1
| #define HAVE_LIMITS_H 1
| #define HAVE_MEMORY_H 1
| #define HAVE_SYS_PARAM_H 1
| #define HAVE_SYS_RESOURCE_H 1
| #define HAVE_SYS_TIMEB_H 1
| #define HAVE_SYS_TIME_H 1
| #define HAVE_SYS_SELECT_H 1
| #define HAVE_SYS_FILE_H 1
| #define HAVE_FCNTL_H 1
| #define HAVE_SPAWN_H 1
| #define HAVE_UNSIGNED_LONG_LONG_INT 1
| #define HAVE_LONG_LONG_INT 1
| #define HAVE_INTMAX_T 1
| #define HAVE_UINTMAX_T 1
| #define HAVE_SIG_ATOMIC_T 1
| #define ST_MTIM_NSEC st_mtimespec.tv_nsec
| #define FILE_TIMESTAMP_HI_RES 1
| #define HAVE_CLOCK_GETTIME 1
| #define HAVE_GETTIMEOFDAY 1
| #define HAVE_STRTOLL 1
| #define HAVE_STRDUP 1
| #define HAVE_STRNDUP 1
| #define HAVE_STPCPY 1
| /* end confdefs.h.  */
| /* Define memrchr to an innocuous variant, in case <limits.h> declares memrchr.
|    For example, HP-UX 11i <limits.h> declares gettimeofday.  */
| #define memrchr innocuous_memrchr
| 
| /* System header to define __stub macros and hopefully few prototypes,
|    which can conflict with char memrchr (void); below.  */
| 
| #include <limits.h>
| #undef memrchr
| 
| /* Override any GCC internal prototype to avoid an error.
|    Use char because int might match the return type of a GCC
|    builtin and then its argument prototype would still apply.  */
| #ifdef __cplusplus
| extern "C"
| #endif
| char memrchr (void);
| /* The GNU C library defines this for functions which it implements
|     to always fail with ENOSYS.  Some functions are actually named
|     something starting with __ and the normal name is an alias.  */
| #if defined __stub_memrchr || defined __stub___memrchr
| choke me
| #endif
| 
| int
| main (void)
| {
| return memrchr ();
|   ;
|   return 0;
| }
configure:13474: result: no
configure:13480: checking for mempcpy
configure:13480: gcc -o conftest -g -O2   conftest.c  >&5
conftest.c:100:6: warning: incompatible redeclaration of library function 'mempcpy' [-Wincompatible-library-redeclaration]
char mempcpy (void);
     ^
conftest.c:100:6: note: 'mempcpy' is a builtin with type 'void *(void *, const void *, unsigned long)'
1 warning generated.
Undefined symbols for architecture x86_64:
  "_mempcpy", referenced from:
      _main in conftest-9fcf40.o
ld: symbol(s) not found for architecture x86_64
clang: error: linker command failed with exit code 1 (use -v to see invocation)
configure:13480: $? = 1
configure: failed program was:
| /* confdefs.h */
| #define PACKAGE_NAME "GNU Make"
| #define PACKAGE_TARNAME "make"
| #define PACKAGE_VERSION "4.4.1"
| #define PACKAGE_STRING "GNU Make 4.4.1"
| #define PACKAGE_BUGREPORT "bug-make@gnu.org"
| #define PACKAGE_URL "https://www.gnu.org/software/make/"
| #define PACKAGE "make"
| #define VERSION "4.4.1"
| #define HAVE_STDIO_H 1
| #define HAVE_STDLIB_H 1
| #define HAVE_STRING_H 1
| #define HAVE_INTTYPES_H 1
| #define HAVE_STDINT_H 1
| #define HAVE_STRINGS_H 1
| #define HAVE_SYS_STAT_H 1
| #define HAVE_SYS_TYPES_H 1
| #define HAVE_UNISTD_H 1
| #define HAVE_WCHAR_H 1
| #define HAVE_SYS_PARAM_H 1
| #define HAVE_STDBOOL_H 1
| #define STDC_HEADERS 1
| #define _ALL_SOURCE 1
| #define _DARWIN_C_SOURCE 1
| #define _GNU_SOURCE 1
| #define _HPUX_ALT_XOPEN_SOCKET_API 1
| #define _NETBSD_SOURCE 1
| #define _OPENBSD_SOURCE 1
| #define _POSIX_PTHREAD_SEMANTICS 1
| #define __STDC_WANT_IEC_60559_ATTRIBS_EXT__ 1
| #define __STDC_WANT_IEC_60559_BFP_EXT__ 1
| #define __STDC_WANT_IEC_60559_DFP_EXT__ 1
| #define __STDC_WANT_IEC_60559_EXT__ 1
| #define __STDC_WANT_IEC_60559_FUNCS_EXT__ 1
| #define __STDC_WANT_IEC_60559_TYPES_EXT__ 1
| #define __STDC_WANT_LIB_EXT2__ 1
| #define __STDC_WANT_MATH_SPEC_FUNCS__ 1
| #define _TANDEM_SOURCE 1
| #define __EXTENSIONS__ 1
| #define MAKE_CXX "g++ -std=gnu++11"
| #define HAVE_ALLOCA_H 1
| #define HAVE_ALLOCA 1
| #define eaccess access
| #ifndef __x86_64__
| #define __x86_64__ 1
| #endif
| #ifndef __x86_64__
| #define __x86_64__ 1
| #endif
| #define HAVE_ALLOCA 1
| #define GNULIB_TEST_GETLOADAVG 1
| #define HAVE_CFPREFERENCESCOPYAPPVALUE 1
| #define HAVE_CFLOCALECOPYCURRENT 1
| #define HAVE_DIRENT_H 1
| #define HAVE_STDLIB_H 1
| #define HAVE_STRING_H 1
| #define HAVE_STRINGS_H 1
| #define HAVE_LOCALE_H 1
| #define HAVE_UNISTD_H 1
| #define HAVE_LIMITS_H 1
| #define HAVE_MEMORY_H 1
| #define HAVE_SYS_PARAM_H 1
| #define HAVE_SYS_RESOURCE_H 1
| #define HAVE_SYS_TIMEB_H 1
| #define HAVE_SYS_TIME_H 1
| #define HAVE_SYS_SELECT_H 1
| #define HAVE_SYS_FILE_H 1
| #define HAVE_FCNTL_H 1
| #define HAVE_SPAWN_H 1
| #define HAVE_UNSIGNED_LONG_LONG_INT 1
| #define HAVE_LONG_LONG_INT 1
| #define HAVE_INTMAX_T 1
| #define HAVE_UINTMAX_T 1
| #define HAVE_SIG_ATOMIC_T 1
| #define ST_MTIM_NSEC st_mtimespec.tv_nsec
| #define FILE_TIMESTAMP_HI_RES 1
| #define HAVE_CLOCK_GETTIME 1
| #define HAVE_GETTIMEOFDAY 1
| #define HAVE_STRTOLL 1
| #define HAVE_STRDUP 1
| #define HAVE_STRNDUP 1
| #define HAVE_STPCPY 1
| /* end confdefs.h.  */
| /* Define mempcpy to an innocuous variant, in case <limits.h> declares mempcpy.
|    For example, HP-UX 11i <limits.h> declares gettimeofday.  */
| #define mempcpy innocuous_mempcpy
| 
| /* System header to define __stub macros and hopefully few prototypes,
|    which can conflict with char mempcpy (void); below.  */
| 
| #include <limits.h>
| #undef mempcpy
| 
| /* Override any GCC internal prototype to avoid an error.
|    Use char because int might match the return type of a GCC
|    builtin and then its argument prototype would still apply.  */
| #ifdef __cplusplus
| extern "C"
| #endif
| char mempcpy (void);
| /* The GNU C library defines this for functions which it implements
|     to always fail with ENOSYS.  Some functions are actually named
|     something starting with __ and the normal name is an alias.  */
| #if defined __stub_mempcpy || defined __stub___mempcpy
| choke me
| #endif
| 
| int
| main (void)
| {
| return mempcpy ();
|   ;
|   return 0;
| }
configure:13480: result: no
configure:13486: checking for umask
configure:13486: gcc -o conftest -g -O2   conftest.c  >&5
configure:13486: $? = 0
configure:13486: result: yes
configure:13492: checking for mkstemp
configure:13492: gcc -o conftest -g -O2   conftest.c  >&5
configure:13492: $? = 0
configure:13492: result: yes
configure:13498: checking for mktemp
configure:13498: gcc -o conftest -g -O2   conftest.c  >&5
configure:13498: $? = 0
configure:13498: result: yes
configure:13504: checking for fdopen
configure:13504: gcc -o conftest -g -O2   conftest.c  >&5
configure:13504: $? = 0
configure:13504: result: yes
configure:13510: checking for dup
configure:13510: gcc -o conftest -g -O2   conftest.c  >&5
configure:13510: $? = 0
configure:13510: result: yes
configure:13516: checking for dup2
configure:13516: gcc -o conftest -g -O2   conftest.c  >&5
configure:13516: $? = 0
configure:13516: result: yes
configure:13522: checking for getcwd
configure:13522: gcc -o conftest -g -O2   conftest.c  >&5
configure:13522: $? = 0
configure:13522: result: yes
configure:13528: checking for realpath
configure:13528: gcc -o conftest -g -O2   conftest.c  >&5
configure:13528: $? = 0
configure:13528: result: yes
configure:13534: checking for sigsetmask
configure:13534: gcc -o conftest -g -O2   conftest.c  >&5
configure:13534: $? = 0
configure:13534: result: yes
configure:13540: checking for sigaction
configure:13540: gcc -o conftest -g -O2   conftest.c  >&5
configure:13540: $? = 0
configure:13540: result: yes
configure:13546: checking for getgroups
configure:13546: gcc -o conftest -g -O2   conftest.c  >&5
configure:13546: $? = 0
configure:13546: result: yes
configure:13552: checking for seteuid
configure:13552: gcc -o conftest -g -O2   conftest.c  >&5
configure:13552: $? = 0
configure:13552: result: yes
configure:13558: checking for setegid
configure:13558: gcc -o conftest -g -O2   conftest.c  >&5
configure:13558: $? = 0
configure:13558: result: yes
configure:13564: checking for setlinebuf
configure:13564: gcc -o conftest -g -O2   conftest.c  >&5
configure:13564: $? = 0
configure:13564: result: yes
configure:13570: checking for setreuid
configure:13570: gcc -o conftest -g -O2   conftest.c  >&5
configure:13570: $? = 0
configure:13570: result: yes
configure:13576: checking for setregid
configure:13576: gcc -o conftest -g -O2   conftest.c  >&5
configure:13576: $? = 0
configure:13576: result: yes
configure:13582: checking for mkfifo
configure:13582: gcc -o conftest -g -O2   conftest.c  >&5
configure:13582: $? = 0
configure:13582: result: yes
configure:13588: checking for getrlimit
configure:13588: gcc -o conftest -g -O2   conftest.c  >&5
configure:13588: $? = 0
configure:13588: result: yes
configure:13594: checking for setrlimit
configure:13594: gcc -o conftest -g -O2   conftest.c  >&5
configure:13594: $? = 0
configure:13594: result: yes
configure:13600: checking for setvbuf
configure:13600: gcc -o conftest -g -O2   conftest.c  >&5
configure:13600: $? = 0
configure:13600: result: yes
configure:13606: checking for pipe
configure:13606: gcc -o conftest -g -O2   conftest.c  >&5
configure:13606: $? = 0
configure:13606: result: yes
configure:13612: checking for strerror
configure:13612: gcc -o conftest -g -O2   conftest.c  >&5
conftest.c:121:6: warning: incompatible redeclaration of library function 'strerror' [-Wincompatible-library-redeclaration]
char strerror (void);
     ^
conftest.c:121:6: note: 'strerror' is a builtin with type 'char *(int)'
1 warning generated.
configure:13612: $? = 0
configure:13612: result: yes
configure:13618: checking for strsignal
configure:13618: gcc -o conftest -g -O2   conftest.c  >&5
configure:13618: $? = 0
configure:13618: result: yes
configure:13624: checking for lstat
configure:13624: gcc -o conftest -g -O2   conftest.c  >&5
configure:13624: $? = 0
configure:13624: result: yes
configure:13630: checking for readlink
configure:13630: gcc -o conftest -g -O2   conftest.c  >&5
configure:13630: $? = 0
configure:13630: result: yes
configure:13636: checking for atexit
configure:13636: gcc -o conftest -g -O2   conftest.c  >&5
configure:13636: $? = 0
configure:13636: result: yes
configure:13642: checking for isatty
configure:13642: gcc -o conftest -g -O2   conftest.c  >&5
configure:13642: $? = 0
configure:13642: result: yes
configure:13648: checking for ttyname
configure:13648: gcc -o conftest -g -O2   conftest.c  >&5
configure:13648: $? = 0
configure:13648: result: yes
configure:13654: checking for pselect
configure:13654: gcc -o conftest -g -O2   conftest.c  >&5
configure:13654: $? = 0
configure:13654: result: yes
configure:13660: checking for posix_spawn
configure:13660: gcc -o conftest -g -O2   conftest.c  >&5
configure:13660: $? = 0
configure:13660: result: yes
configure:13666: checking for posix_spawnattr_setsigmask
configure:13666: gcc -o conftest -g -O2   conftest.c  >&5
configure:13666: $? = 0
configure:13666: result: yes
configure:13677: checking whether bsd_signal is declared
configure:13677: gcc -c -g -O2   conftest.c >&5 -Werror=implicit-function-declaration
configure:13677: $? = 0
configure:13677: result: yes
configure:13695: checking for fork
configure:13695: gcc -o conftest -g -O2   conftest.c  >&5
configure:13695: $? = 0
configure:13695: result: yes
configure:13695: checking for vfork
configure:13695: gcc -o conftest -g -O2   conftest.c  >&5
conftest.c:133:6: warning: incompatible redeclaration of library function 'vfork' [-Wincompatible-library-redeclaration]
char vfork (void);
     ^
conftest.c:133:6: note: 'vfork' is a builtin with type 'int (void)'
1 warning generated.
configure:13695: $? = 0
configure:13695: result: yes
configure:13708: checking for working fork
configure:13732: gcc -o conftest -g -O2   conftest.c  >&5
configure:13732: $? = 0
configure:13732: ./conftest
configure:13732: $? = 0
configure:13746: result: yes
configure:13767: checking for working vfork
configure:13899: result: yes
configure:13928: checking for strcasecmp
configure:13928: gcc -o conftest -g -O2   conftest.c  >&5
conftest.c:136:6: warning: incompatible redeclaration of library function 'strcasecmp' [-Wincompatible-library-redeclaration]
char strcasecmp (void);
     ^
conftest.c:136:6: note: 'strcasecmp' is a builtin with type 'int (const char *, const char *)'
1 warning generated.
configure:13928: $? = 0
configure:13928: result: yes
configure:13934: checking for strncasecmp
configure:13934: gcc -o conftest -g -O2   conftest.c  >&5
conftest.c:137:6: warning: incompatible redeclaration of library function 'strncasecmp' [-Wincompatible-library-redeclaration]
char strncasecmp (void);
     ^
conftest.c:137:6: note: 'strncasecmp' is a builtin with type 'int (const char *, const char *, unsigned long)'
1 warning generated.
configure:13934: $? = 0
configure:13934: result: yes
configure:13940: checking for strcmpi
configure:13940: gcc -o conftest -g -O2   conftest.c  >&5
Undefined symbols for architecture x86_64:
  "_strcmpi", referenced from:
      _main in conftest-82ba46.o
ld: symbol(s) not found for architecture x86_64
clang: error: linker command failed with exit code 1 (use -v to see invocation)
configure:13940: $? = 1
configure: failed program was:
| /* confdefs.h */
| #define PACKAGE_NAME "GNU Make"
| #define PACKAGE_TARNAME "make"
| #define PACKAGE_VERSION "4.4.1"
| #define PACKAGE_STRING "GNU Make 4.4.1"
| #define PACKAGE_BUGREPORT "bug-make@gnu.org"
| #define PACKAGE_URL "https://www.gnu.org/software/make/"
| #define PACKAGE "make"
| #define VERSION "4.4.1"
| #define HAVE_STDIO_H 1
| #define HAVE_STDLIB_H 1
| #define HAVE_STRING_H 1
| #define HAVE_INTTYPES_H 1
| #define HAVE_STDINT_H 1
| #define HAVE_STRINGS_H 1
| #define HAVE_SYS_STAT_H 1
| #define HAVE_SYS_TYPES_H 1
| #define HAVE_UNISTD_H 1
| #define HAVE_WCHAR_H 1
| #define HAVE_SYS_PARAM_H 1
| #define HAVE_STDBOOL_H 1
| #define STDC_HEADERS 1
| #define _ALL_SOURCE 1
| #define _DARWIN_C_SOURCE 1
| #define _GNU_SOURCE 1
| #define _HPUX_ALT_XOPEN_SOCKET_API 1
| #define _NETBSD_SOURCE 1
| #define _OPENBSD_SOURCE 1
| #define _POSIX_PTHREAD_SEMANTICS 1
| #define __STDC_WANT_IEC_60559_ATTRIBS_EXT__ 1
| #define __STDC_WANT_IEC_60559_BFP_EXT__ 1
| #define __STDC_WANT_IEC_60559_DFP_EXT__ 1
| #define __STDC_WANT_IEC_60559_EXT__ 1
| #define __STDC_WANT_IEC_60559_FUNCS_EXT__ 1
| #define __STDC_WANT_IEC_60559_TYPES_EXT__ 1
| #define __STDC_WANT_LIB_EXT2__ 1
| #define __STDC_WANT_MATH_SPEC_FUNCS__ 1
| #define _TANDEM_SOURCE 1
| #define __EXTENSIONS__ 1
| #define MAKE_CXX "g++ -std=gnu++11"
| #define HAVE_ALLOCA_H 1
| #define HAVE_ALLOCA 1
| #define eaccess access
| #ifndef __x86_64__
| #define __x86_64__ 1
| #endif
| #ifndef __x86_64__
| #define __x86_64__ 1
| #endif
| #define HAVE_ALLOCA 1
| #define GNULIB_TEST_GETLOADAVG 1
| #define HAVE_CFPREFERENCESCOPYAPPVALUE 1
| #define HAVE_CFLOCALECOPYCURRENT 1
| #define HAVE_DIRENT_H 1
| #define HAVE_STDLIB_H 1
| #define HAVE_STRING_H 1
| #define HAVE_STRINGS_H 1
| #define HAVE_LOCALE_H 1
| #define HAVE_UNISTD_H 1
| #define HAVE_LIMITS_H 1
| #define HAVE_MEMORY_H 1
| #define HAVE_SYS_PARAM_H 1
| #define HAVE_SYS_RESOURCE_H 1
| #define HAVE_SYS_TIMEB_H 1
| #define HAVE_SYS_TIME_H 1
| #define HAVE_SYS_SELECT_H 1
| #define HAVE_SYS_FILE_H 1
| #define HAVE_FCNTL_H 1
| #define HAVE_SPAWN_H 1
| #define HAVE_UNSIGNED_LONG_LONG_INT 1
| #define HAVE_LONG_LONG_INT 1
| #define HAVE_INTMAX_T 1
| #define HAVE_UINTMAX_T 1
| #define HAVE_SIG_ATOMIC_T 1
| #define ST_MTIM_NSEC st_mtimespec.tv_nsec
| #define FILE_TIMESTAMP_HI_RES 1
| #define HAVE_CLOCK_GETTIME 1
| #define HAVE_GETTIMEOFDAY 1
| #define HAVE_STRTOLL 1
| #define HAVE_STRDUP 1
| #define HAVE_STRNDUP 1
| #define HAVE_STPCPY 1
| #define HAVE_UMASK 1
| #define HAVE_MKSTEMP 1
| #define HAVE_MKTEMP 1
| #define HAVE_FDOPEN 1
| #define HAVE_DUP 1
| #define HAVE_DUP2 1
| #define HAVE_GETCWD 1
| #define HAVE_REALPATH 1
| #define HAVE_SIGSETMASK 1
| #define HAVE_SIGACTION 1
| #define HAVE_GETGROUPS 1
| #define HAVE_SETEUID 1
| #define HAVE_SETEGID 1
| #define HAVE_SETLINEBUF 1
| #define HAVE_SETREUID 1
| #define HAVE_SETREGID 1
| #define HAVE_MKFIFO 1
| #define HAVE_GETRLIMIT 1
| #define HAVE_SETRLIMIT 1
| #define HAVE_SETVBUF 1
| #define HAVE_PIPE 1
| #define HAVE_STRERROR 1
| #define HAVE_STRSIGNAL 1
| #define HAVE_LSTAT 1
| #define HAVE_READLINK 1
| #define HAVE_ATEXIT 1
| #define HAVE_ISATTY 1
| #define HAVE_TTYNAME 1
| #define HAVE_PSELECT 1
| #define HAVE_POSIX_SPAWN 1
| #define HAVE_POSIX_SPAWNATTR_SETSIGMASK 1
| #define HAVE_DECL_BSD_SIGNAL 1
| #define HAVE_FORK 1
| #define HAVE_VFORK 1
| #define HAVE_WORKING_VFORK 1
| #define HAVE_WORKING_FORK 1
| #define HAVE_STRCASECMP 1
| #define HAVE_STRNCASECMP 1
| /* end confdefs.h.  */
| /* Define strcmpi to an innocuous variant, in case <limits.h> declares strcmpi.
|    For example, HP-UX 11i <limits.h> declares gettimeofday.  */
| #define strcmpi innocuous_strcmpi
| 
| /* System header to define __stub macros and hopefully few prototypes,
|    which can conflict with char strcmpi (void); below.  */
| 
| #include <limits.h>
| #undef strcmpi
| 
| /* Override any GCC internal prototype to avoid an error.
|    Use char because int might match the return type of a GCC
|    builtin and then its argument prototype would still apply.  */
| #ifdef __cplusplus
| extern "C"
| #endif
| char strcmpi (void);
| /* The GNU C library defines this for functions which it implements
|     to always fail with ENOSYS.  Some functions are actually named
|     something starting with __ and the normal name is an alias.  */
| #if defined __stub_strcmpi || defined __stub___strcmpi
| choke me
| #endif
| 
| int
| main (void)
| {
| return strcmpi ();
|   ;
|   return 0;
| }
configure:13940: result: no
configure:13946: checking for strncmpi
configure:13946: gcc -o conftest -g -O2   conftest.c  >&5
Undefined symbols for architecture x86_64:
  "_strncmpi", referenced from:
      _main in conftest-3c51be.o
ld: symbol(s) not found for architecture x86_64
clang: error: linker command failed with exit code 1 (use -v to see invocation)
configure:13946: $? = 1
configure: failed program was:
| /* confdefs.h */
| #define PACKAGE_NAME "GNU Make"
| #define PACKAGE_TARNAME "make"
| #define PACKAGE_VERSION "4.4.1"
| #define PACKAGE_STRING "GNU Make 4.4.1"
| #define PACKAGE_BUGREPORT "bug-make@gnu.org"
| #define PACKAGE_URL "https://www.gnu.org/software/make/"
| #define PACKAGE "make"
| #define VERSION "4.4.1"
| #define HAVE_STDIO_H 1
| #define HAVE_STDLIB_H 1
| #define HAVE_STRING_H 1
| #define HAVE_INTTYPES_H 1
| #define HAVE_STDINT_H 1
| #define HAVE_STRINGS_H 1
| #define HAVE_SYS_STAT_H 1
| #define HAVE_SYS_TYPES_H 1
| #define HAVE_UNISTD_H 1
| #define HAVE_WCHAR_H 1
| #define HAVE_SYS_PARAM_H 1
| #define HAVE_STDBOOL_H 1
| #define STDC_HEADERS 1
| #define _ALL_SOURCE 1
| #define _DARWIN_C_SOURCE 1
| #define _GNU_SOURCE 1
| #define _HPUX_ALT_XOPEN_SOCKET_API 1
| #define _NETBSD_SOURCE 1
| #define _OPENBSD_SOURCE 1
| #define _POSIX_PTHREAD_SEMANTICS 1
| #define __STDC_WANT_IEC_60559_ATTRIBS_EXT__ 1
| #define __STDC_WANT_IEC_60559_BFP_EXT__ 1
| #define __STDC_WANT_IEC_60559_DFP_EXT__ 1
| #define __STDC_WANT_IEC_60559_EXT__ 1
| #define __STDC_WANT_IEC_60559_FUNCS_EXT__ 1
| #define __STDC_WANT_IEC_60559_TYPES_EXT__ 1
| #define __STDC_WANT_LIB_EXT2__ 1
| #define __STDC_WANT_MATH_SPEC_FUNCS__ 1
| #define _TANDEM_SOURCE 1
| #define __EXTENSIONS__ 1
| #define MAKE_CXX "g++ -std=gnu++11"
| #define HAVE_ALLOCA_H 1
| #define HAVE_ALLOCA 1
| #define eaccess access
| #ifndef __x86_64__
| #define __x86_64__ 1
| #endif
| #ifndef __x86_64__
| #define __x86_64__ 1
| #endif
| #define HAVE_ALLOCA 1
| #define GNULIB_TEST_GETLOADAVG 1
| #define HAVE_CFPREFERENCESCOPYAPPVALUE 1
| #define HAVE_CFLOCALECOPYCURRENT 1
| #define HAVE_DIRENT_H 1
| #define HAVE_STDLIB_H 1
| #define HAVE_STRING_H 1
| #define HAVE_STRINGS_H 1
| #define HAVE_LOCALE_H 1
| #define HAVE_UNISTD_H 1
| #define HAVE_LIMITS_H 1
| #define HAVE_MEMORY_H 1
| #define HAVE_SYS_PARAM_H 1
| #define HAVE_SYS_RESOURCE_H 1
| #define HAVE_SYS_TIMEB_H 1
| #define HAVE_SYS_TIME_H 1
| #define HAVE_SYS_SELECT_H 1
| #define HAVE_SYS_FILE_H 1
| #define HAVE_FCNTL_H 1
| #define HAVE_SPAWN_H 1
| #define HAVE_UNSIGNED_LONG_LONG_INT 1
| #define HAVE_LONG_LONG_INT 1
| #define HAVE_INTMAX_T 1
| #define HAVE_UINTMAX_T 1
| #define HAVE_SIG_ATOMIC_T 1
| #define ST_MTIM_NSEC st_mtimespec.tv_nsec
| #define FILE_TIMESTAMP_HI_RES 1
| #define HAVE_CLOCK_GETTIME 1
| #define HAVE_GETTIMEOFDAY 1
| #define HAVE_STRTOLL 1
| #define HAVE_STRDUP 1
| #define HAVE_STRNDUP 1
| #define HAVE_STPCPY 1
| #define HAVE_UMASK 1
| #define HAVE_MKSTEMP 1
| #define HAVE_MKTEMP 1
| #define HAVE_FDOPEN 1
| #define HAVE_DUP 1
| #define HAVE_DUP2 1
| #define HAVE_GETCWD 1
| #define HAVE_REALPATH 1
| #define HAVE_SIGSETMASK 1
| #define HAVE_SIGACTION 1
| #define HAVE_GETGROUPS 1
| #define HAVE_SETEUID 1
| #define HAVE_SETEGID 1
| #define HAVE_SETLINEBUF 1
| #define HAVE_SETREUID 1
| #define HAVE_SETREGID 1
| #define HAVE_MKFIFO 1
| #define HAVE_GETRLIMIT 1
| #define HAVE_SETRLIMIT 1
| #define HAVE_SETVBUF 1
| #define HAVE_PIPE 1
| #define HAVE_STRERROR 1
| #define HAVE_STRSIGNAL 1
| #define HAVE_LSTAT 1
| #define HAVE_READLINK 1
| #define HAVE_ATEXIT 1
| #define HAVE_ISATTY 1
| #define HAVE_TTYNAME 1
| #define HAVE_PSELECT 1
| #define HAVE_POSIX_SPAWN 1
| #define HAVE_POSIX_SPAWNATTR_SETSIGMASK 1
| #define HAVE_DECL_BSD_SIGNAL 1
| #define HAVE_FORK 1
| #define HAVE_VFORK 1
| #define HAVE_WORKING_VFORK 1
| #define HAVE_WORKING_FORK 1
| #define HAVE_STRCASECMP 1
| #define HAVE_STRNCASECMP 1
| /* end confdefs.h.  */
| /* Define strncmpi to an innocuous variant, in case <limits.h> declares strncmpi.
|    For example, HP-UX 11i <limits.h> declares gettimeofday.  */
| #define strncmpi innocuous_strncmpi
| 
| /* System header to define __stub macros and hopefully few prototypes,
|    which can conflict with char strncmpi (void); below.  */
| 
| #include <limits.h>
| #undef strncmpi
| 
| /* Override any GCC internal prototype to avoid an error.
|    Use char because int might match the return type of a GCC
|    builtin and then its argument prototype would still apply.  */
| #ifdef __cplusplus
| extern "C"
| #endif
| char strncmpi (void);
| /* The GNU C library defines this for functions which it implements
|     to always fail with ENOSYS.  Some functions are actually named
|     something starting with __ and the normal name is an alias.  */
| #if defined __stub_strncmpi || defined __stub___strncmpi
| choke me
| #endif
| 
| int
| main (void)
| {
| return strncmpi ();
|   ;
|   return 0;
| }
configure:13946: result: no
configure:13952: checking for stricmp
configure:13952: gcc -o conftest -g -O2   conftest.c  >&5
Undefined symbols for architecture x86_64:
  "_stricmp", referenced from:
      _main in conftest-0c9d02.o
ld: symbol(s) not found for architecture x86_64
clang: error: linker command failed with exit code 1 (use -v to see invocation)
configure:13952: $? = 1
configure: failed program was:
| /* confdefs.h */
| #define PACKAGE_NAME "GNU Make"
| #define PACKAGE_TARNAME "make"
| #define PACKAGE_VERSION "4.4.1"
| #define PACKAGE_STRING "GNU Make 4.4.1"
| #define PACKAGE_BUGREPORT "bug-make@gnu.org"
| #define PACKAGE_URL "https://www.gnu.org/software/make/"
| #define PACKAGE "make"
| #define VERSION "4.4.1"
| #define HAVE_STDIO_H 1
| #define HAVE_STDLIB_H 1
| #define HAVE_STRING_H 1
| #define HAVE_INTTYPES_H 1
| #define HAVE_STDINT_H 1
| #define HAVE_STRINGS_H 1
| #define HAVE_SYS_STAT_H 1
| #define HAVE_SYS_TYPES_H 1
| #define HAVE_UNISTD_H 1
| #define HAVE_WCHAR_H 1
| #define HAVE_SYS_PARAM_H 1
| #define HAVE_STDBOOL_H 1
| #define STDC_HEADERS 1
| #define _ALL_SOURCE 1
| #define _DARWIN_C_SOURCE 1
| #define _GNU_SOURCE 1
| #define _HPUX_ALT_XOPEN_SOCKET_API 1
| #define _NETBSD_SOURCE 1
| #define _OPENBSD_SOURCE 1
| #define _POSIX_PTHREAD_SEMANTICS 1
| #define __STDC_WANT_IEC_60559_ATTRIBS_EXT__ 1
| #define __STDC_WANT_IEC_60559_BFP_EXT__ 1
| #define __STDC_WANT_IEC_60559_DFP_EXT__ 1
| #define __STDC_WANT_IEC_60559_EXT__ 1
| #define __STDC_WANT_IEC_60559_FUNCS_EXT__ 1
| #define __STDC_WANT_IEC_60559_TYPES_EXT__ 1
| #define __STDC_WANT_LIB_EXT2__ 1
| #define __STDC_WANT_MATH_SPEC_FUNCS__ 1
| #define _TANDEM_SOURCE 1
| #define __EXTENSIONS__ 1
| #define MAKE_CXX "g++ -std=gnu++11"
| #define HAVE_ALLOCA_H 1
| #define HAVE_ALLOCA 1
| #define eaccess access
| #ifndef __x86_64__
| #define __x86_64__ 1
| #endif
| #ifndef __x86_64__
| #define __x86_64__ 1
| #endif
| #define HAVE_ALLOCA 1
| #define GNULIB_TEST_GETLOADAVG 1
| #define HAVE_CFPREFERENCESCOPYAPPVALUE 1
| #define HAVE_CFLOCALECOPYCURRENT 1
| #define HAVE_DIRENT_H 1
| #define HAVE_STDLIB_H 1
| #define HAVE_STRING_H 1
| #define HAVE_STRINGS_H 1
| #define HAVE_LOCALE_H 1
| #define HAVE_UNISTD_H 1
| #define HAVE_LIMITS_H 1
| #define HAVE_MEMORY_H 1
| #define HAVE_SYS_PARAM_H 1
| #define HAVE_SYS_RESOURCE_H 1
| #define HAVE_SYS_TIMEB_H 1
| #define HAVE_SYS_TIME_H 1
| #define HAVE_SYS_SELECT_H 1
| #define HAVE_SYS_FILE_H 1
| #define HAVE_FCNTL_H 1
| #define HAVE_SPAWN_H 1
| #define HAVE_UNSIGNED_LONG_LONG_INT 1
| #define HAVE_LONG_LONG_INT 1
| #define HAVE_INTMAX_T 1
| #define HAVE_UINTMAX_T 1
| #define HAVE_SIG_ATOMIC_T 1
| #define ST_MTIM_NSEC st_mtimespec.tv_nsec
| #define FILE_TIMESTAMP_HI_RES 1
| #define HAVE_CLOCK_GETTIME 1
| #define HAVE_GETTIMEOFDAY 1
| #define HAVE_STRTOLL 1
| #define HAVE_STRDUP 1
| #define HAVE_STRNDUP 1
| #define HAVE_STPCPY 1
| #define HAVE_UMASK 1
| #define HAVE_MKSTEMP 1
| #define HAVE_MKTEMP 1
| #define HAVE_FDOPEN 1
| #define HAVE_DUP 1
| #define HAVE_DUP2 1
| #define HAVE_GETCWD 1
| #define HAVE_REALPATH 1
| #define HAVE_SIGSETMASK 1
| #define HAVE_SIGACTION 1
| #define HAVE_GETGROUPS 1
| #define HAVE_SETEUID 1
| #define HAVE_SETEGID 1
| #define HAVE_SETLINEBUF 1
| #define HAVE_SETREUID 1
| #define HAVE_SETREGID 1
| #define HAVE_MKFIFO 1
| #define HAVE_GETRLIMIT 1
| #define HAVE_SETRLIMIT 1
| #define HAVE_SETVBUF 1
| #define HAVE_PIPE 1
| #define HAVE_STRERROR 1
| #define HAVE_STRSIGNAL 1
| #define HAVE_LSTAT 1
| #define HAVE_READLINK 1
| #define HAVE_ATEXIT 1
| #define HAVE_ISATTY 1
| #define HAVE_TTYNAME 1
| #define HAVE_PSELECT 1
| #define HAVE_POSIX_SPAWN 1
| #define HAVE_POSIX_SPAWNATTR_SETSIGMASK 1
| #define HAVE_DECL_BSD_SIGNAL 1
| #define HAVE_FORK 1
| #define HAVE_VFORK 1
| #define HAVE_WORKING_VFORK 1
| #define HAVE_WORKING_FORK 1
| #define HAVE_STRCASECMP 1
| #define HAVE_STRNCASECMP 1
| /* end confdefs.h.  */
| /* Define stricmp to an innocuous variant, in case <limits.h> declares stricmp.
|    For example, HP-UX 11i <limits.h> declares gettimeofday.  */
| #define stricmp innocuous_stricmp
| 
| /* System header to define __stub macros and hopefully few prototypes,
|    which can conflict with char stricmp (void); below.  */
| 
| #include <limits.h>
| #undef stricmp
| 
| /* Override any GCC internal prototype to avoid an error.
|    Use char because int might match the return type of a GCC
|    builtin and then its argument prototype would still apply.  */
| #ifdef __cplusplus
| extern "C"
| #endif
| char stricmp (void);
| /* The GNU C library defines this for functions which it implements
|     to always fail with ENOSYS.  Some functions are actually named
|     something starting with __ and the normal name is an alias.  */
| #if defined __stub_stricmp || defined __stub___stricmp
| choke me
| #endif
| 
| int
| main (void)
| {
| return stricmp ();
|   ;
|   return 0;
| }
configure:13952: result: no
configure:13958: checking for strnicmp
configure:13958: gcc -o conftest -g -O2   conftest.c  >&5
Undefined symbols for architecture x86_64:
  "_strnicmp", referenced from:
      _main in conftest-88ec91.o
ld: symbol(s) not found for architecture x86_64
clang: error: linker command failed with exit code 1 (use -v to see invocation)
configure:13958: $? = 1
configure: failed program was:
| /* confdefs.h */
| #define PACKAGE_NAME "GNU Make"
| #define PACKAGE_TARNAME "make"
| #define PACKAGE_VERSION "4.4.1"
| #define PACKAGE_STRING "GNU Make 4.4.1"
| #define PACKAGE_BUGREPORT "bug-make@gnu.org"
| #define PACKAGE_URL "https://www.gnu.org/software/make/"
| #define PACKAGE "make"
| #define VERSION "4.4.1"
| #define HAVE_STDIO_H 1
| #define HAVE_STDLIB_H 1
| #define HAVE_STRING_H 1
| #define HAVE_INTTYPES_H 1
| #define HAVE_STDINT_H 1
| #define HAVE_STRINGS_H 1
| #define HAVE_SYS_STAT_H 1
| #define HAVE_SYS_TYPES_H 1
| #define HAVE_UNISTD_H 1
| #define HAVE_WCHAR_H 1
| #define HAVE_SYS_PARAM_H 1
| #define HAVE_STDBOOL_H 1
| #define STDC_HEADERS 1
| #define _ALL_SOURCE 1
| #define _DARWIN_C_SOURCE 1
| #define _GNU_SOURCE 1
| #define _HPUX_ALT_XOPEN_SOCKET_API 1
| #define _NETBSD_SOURCE 1
| #define _OPENBSD_SOURCE 1
| #define _POSIX_PTHREAD_SEMANTICS 1
| #define __STDC_WANT_IEC_60559_ATTRIBS_EXT__ 1
| #define __STDC_WANT_IEC_60559_BFP_EXT__ 1
| #define __STDC_WANT_IEC_60559_DFP_EXT__ 1
| #define __STDC_WANT_IEC_60559_EXT__ 1
| #define __STDC_WANT_IEC_60559_FUNCS_EXT__ 1
| #define __STDC_WANT_IEC_60559_TYPES_EXT__ 1
| #define __STDC_WANT_LIB_EXT2__ 1
| #define __STDC_WANT_MATH_SPEC_FUNCS__ 1
| #define _TANDEM_SOURCE 1
| #define __EXTENSIONS__ 1
| #define MAKE_CXX "g++ -std=gnu++11"
| #define HAVE_ALLOCA_H 1
| #define HAVE_ALLOCA 1
| #define eaccess access
| #ifndef __x86_64__
| #define __x86_64__ 1
| #endif
| #ifndef __x86_64__
| #define __x86_64__ 1
| #endif
| #define HAVE_ALLOCA 1
| #define GNULIB_TEST_GETLOADAVG 1
| #define HAVE_CFPREFERENCESCOPYAPPVALUE 1
| #define HAVE_CFLOCALECOPYCURRENT 1
| #define HAVE_DIRENT_H 1
| #define HAVE_STDLIB_H 1
| #define HAVE_STRING_H 1
| #define HAVE_STRINGS_H 1
| #define HAVE_LOCALE_H 1
| #define HAVE_UNISTD_H 1
| #define HAVE_LIMITS_H 1
| #define HAVE_MEMORY_H 1
| #define HAVE_SYS_PARAM_H 1
| #define HAVE_SYS_RESOURCE_H 1
| #define HAVE_SYS_TIMEB_H 1
| #define HAVE_SYS_TIME_H 1
| #define HAVE_SYS_SELECT_H 1
| #define HAVE_SYS_FILE_H 1
| #define HAVE_FCNTL_H 1
| #define HAVE_SPAWN_H 1
| #define HAVE_UNSIGNED_LONG_LONG_INT 1
| #define HAVE_LONG_LONG_INT 1
| #define HAVE_INTMAX_T 1
| #define HAVE_UINTMAX_T 1
| #define HAVE_SIG_ATOMIC_T 1
| #define ST_MTIM_NSEC st_mtimespec.tv_nsec
| #define FILE_TIMESTAMP_HI_RES 1
| #define HAVE_CLOCK_GETTIME 1
| #define HAVE_GETTIMEOFDAY 1
| #define HAVE_STRTOLL 1
| #define HAVE_STRDUP 1
| #define HAVE_STRNDUP 1
| #define HAVE_STPCPY 1
| #define HAVE_UMASK 1
| #define HAVE_MKSTEMP 1
| #define HAVE_MKTEMP 1
| #define HAVE_FDOPEN 1
| #define HAVE_DUP 1
| #define HAVE_DUP2 1
| #define HAVE_GETCWD 1
| #define HAVE_REALPATH 1
| #define HAVE_SIGSETMASK 1
| #define HAVE_SIGACTION 1
| #define HAVE_GETGROUPS 1
| #define HAVE_SETEUID 1
| #define HAVE_SETEGID 1
| #define HAVE_SETLINEBUF 1
| #define HAVE_SETREUID 1
| #define HAVE_SETREGID 1
| #define HAVE_MKFIFO 1
| #define HAVE_GETRLIMIT 1
| #define HAVE_SETRLIMIT 1
| #define HAVE_SETVBUF 1
| #define HAVE_PIPE 1
| #define HAVE_STRERROR 1
| #define HAVE_STRSIGNAL 1
| #define HAVE_LSTAT 1
| #define HAVE_READLINK 1
| #define HAVE_ATEXIT 1
| #define HAVE_ISATTY 1
| #define HAVE_TTYNAME 1
| #define HAVE_PSELECT 1
| #define HAVE_POSIX_SPAWN 1
| #define HAVE_POSIX_SPAWNATTR_SETSIGMASK 1
| #define HAVE_DECL_BSD_SIGNAL 1
| #define HAVE_FORK 1
| #define HAVE_VFORK 1
| #define HAVE_WORKING_VFORK 1
| #define HAVE_WORKING_FORK 1
| #define HAVE_STRCASECMP 1
| #define HAVE_STRNCASECMP 1
| /* end confdefs.h.  */
| /* Define strnicmp to an innocuous variant, in case <limits.h> declares strnicmp.
|    For example, HP-UX 11i <limits.h> declares gettimeofday.  */
| #define strnicmp innocuous_strnicmp
| 
| /* System header to define __stub macros and hopefully few prototypes,
|    which can conflict with char strnicmp (void); below.  */
| 
| #include <limits.h>
| #undef strnicmp
| 
| /* Override any GCC internal prototype to avoid an error.
|    Use char because int might match the return type of a GCC
|    builtin and then its argument prototype would still apply.  */
| #ifdef __cplusplus
| extern "C"
| #endif
| char strnicmp (void);
| /* The GNU C library defines this for functions which it implements
|     to always fail with ENOSYS.  Some functions are actually named
|     something starting with __ and the normal name is an alias.  */
| #if defined __stub_strnicmp || defined __stub___strnicmp
| choke me
| #endif
| 
| int
| main (void)
| {
| return strnicmp ();
|   ;
|   return 0;
| }
configure:13958: result: no
configure:13967: checking for working strcoll
configure:13995: gcc -o conftest -g -O2   conftest.c  >&5
configure:13995: $? = 0
configure:13995: ./conftest
configure:13995: $? = 0
configure:14009: result: yes
configure:14017: checking whether closedir returns void
configure:14038: gcc -c -g -O2  conftest.c >&5
configure:14038: $? = 0
configure:14048: result: no
configure:14060: checking for struct dirent.d_type
configure:14060: gcc -c -g -O2  conftest.c >&5
configure:14060: $? = 0
configure:14060: result: yes
configure:14159: checking for pkg-config
configure:14182: found /usr/local/bin/pkg-config
configure:14195: result: /usr/local/bin/pkg-config
configure:14220: checking pkg-config is at least version 0.9.0
configure:14223: result: yes
configure:14237: checking for GNU Guile
configure:14241: $PKG_CONFIG --exists --print-errors "guile-$v"
Package guile-3.0 was not found in the pkg-config search path.
Perhaps you should add the directory containing `guile-3.0.pc'
to the PKG_CONFIG_PATH environment variable
No package 'guile-3.0' found
configure:14244: $? = 1
configure:14241: $PKG_CONFIG --exists --print-errors "guile-$v"
Package guile-2.2 was not found in the pkg-config search path.
Perhaps you should add the directory containing `guile-2.2.pc'
to the PKG_CONFIG_PATH environment variable
No package 'guile-2.2' found
configure:14244: $? = 1
configure:14241: $PKG_CONFIG --exists --print-errors "guile-$v"
Package guile-2.0 was not found in the pkg-config search path.
Perhaps you should add the directory containing `guile-2.0.pc'
to the PKG_CONFIG_PATH environment variable
No package 'guile-2.0' found
configure:14244: $? = 1
configure:14241: $PKG_CONFIG --exists --print-errors "guile-$v"
Package guile-1.8 was not found in the pkg-config search path.
Perhaps you should add the directory containing `guile-1.8.pc'
to the PKG_CONFIG_PATH environment variable
No package 'guile-1.8' found
configure:14244: $? = 1
configure:14249: result: no
configure:14420: checking whether sys_siglist is declared
configure:14420: gcc -c -g -O2   conftest.c >&5 -Werror=implicit-function-declaration
configure:14420: $? = 0
configure:14420: result: yes
configure:14436: checking whether _sys_siglist is declared
configure:14436: gcc -c -g -O2   conftest.c >&5 -Werror=implicit-function-declaration
conftest.c:167:10: error: use of undeclared identifier '_sys_siglist'
  (void) _sys_siglist;
         ^
1 error generated.
configure:14436: $? = 1
configure: failed program was:
| /* confdefs.h */
| #define PACKAGE_NAME "GNU Make"
| #define PACKAGE_TARNAME "make"
| #define PACKAGE_VERSION "4.4.1"
| #define PACKAGE_STRING "GNU Make 4.4.1"
| #define PACKAGE_BUGREPORT "bug-make@gnu.org"
| #define PACKAGE_URL "https://www.gnu.org/software/make/"
| #define PACKAGE "make"
| #define VERSION "4.4.1"
| #define HAVE_STDIO_H 1
| #define HAVE_STDLIB_H 1
| #define HAVE_STRING_H 1
| #define HAVE_INTTYPES_H 1
| #define HAVE_STDINT_H 1
| #define HAVE_STRINGS_H 1
| #define HAVE_SYS_STAT_H 1
| #define HAVE_SYS_TYPES_H 1
| #define HAVE_UNISTD_H 1
| #define HAVE_WCHAR_H 1
| #define HAVE_SYS_PARAM_H 1
| #define HAVE_STDBOOL_H 1
| #define STDC_HEADERS 1
| #define _ALL_SOURCE 1
| #define _DARWIN_C_SOURCE 1
| #define _GNU_SOURCE 1
| #define _HPUX_ALT_XOPEN_SOCKET_API 1
| #define _NETBSD_SOURCE 1
| #define _OPENBSD_SOURCE 1
| #define _POSIX_PTHREAD_SEMANTICS 1
| #define __STDC_WANT_IEC_60559_ATTRIBS_EXT__ 1
| #define __STDC_WANT_IEC_60559_BFP_EXT__ 1
| #define __STDC_WANT_IEC_60559_DFP_EXT__ 1
| #define __STDC_WANT_IEC_60559_EXT__ 1
| #define __STDC_WANT_IEC_60559_FUNCS_EXT__ 1
| #define __STDC_WANT_IEC_60559_TYPES_EXT__ 1
| #define __STDC_WANT_LIB_EXT2__ 1
| #define __STDC_WANT_MATH_SPEC_FUNCS__ 1
| #define _TANDEM_SOURCE 1
| #define __EXTENSIONS__ 1
| #define MAKE_CXX "g++ -std=gnu++11"
| #define HAVE_ALLOCA_H 1
| #define HAVE_ALLOCA 1
| #define eaccess access
| #ifndef __x86_64__
| #define __x86_64__ 1
| #endif
| #ifndef __x86_64__
| #define __x86_64__ 1
| #endif
| #define HAVE_ALLOCA 1
| #define GNULIB_TEST_GETLOADAVG 1
| #define HAVE_CFPREFERENCESCOPYAPPVALUE 1
| #define HAVE_CFLOCALECOPYCURRENT 1
| #define HAVE_DIRENT_H 1
| #define HAVE_STDLIB_H 1
| #define HAVE_STRING_H 1
| #define HAVE_STRINGS_H 1
| #define HAVE_LOCALE_H 1
| #define HAVE_UNISTD_H 1
| #define HAVE_LIMITS_H 1
| #define HAVE_MEMORY_H 1
| #define HAVE_SYS_PARAM_H 1
| #define HAVE_SYS_RESOURCE_H 1
| #define HAVE_SYS_TIMEB_H 1
| #define HAVE_SYS_TIME_H 1
| #define HAVE_SYS_SELECT_H 1
| #define HAVE_SYS_FILE_H 1
| #define HAVE_FCNTL_H 1
| #define HAVE_SPAWN_H 1
| #define HAVE_UNSIGNED_LONG_LONG_INT 1
| #define HAVE_LONG_LONG_INT 1
| #define HAVE_INTMAX_T 1
| #define HAVE_UINTMAX_T 1
| #define HAVE_SIG_ATOMIC_T 1
| #define ST_MTIM_NSEC st_mtimespec.tv_nsec
| #define FILE_TIMESTAMP_HI_RES 1
| #define HAVE_CLOCK_GETTIME 1
| #define HAVE_GETTIMEOFDAY 1
| #define HAVE_STRTOLL 1
| #define HAVE_STRDUP 1
| #define HAVE_STRNDUP 1
| #define HAVE_STPCPY 1
| #define HAVE_UMASK 1
| #define HAVE_MKSTEMP 1
| #define HAVE_MKTEMP 1
| #define HAVE_FDOPEN 1
| #define HAVE_DUP 1
| #define HAVE_DUP2 1
| #define HAVE_GETCWD 1
| #define HAVE_REALPATH 1
| #define HAVE_SIGSETMASK 1
| #define HAVE_SIGACTION 1
| #define HAVE_GETGROUPS 1
| #define HAVE_SETEUID 1
| #define HAVE_SETEGID 1
| #define HAVE_SETLINEBUF 1
| #define HAVE_SETREUID 1
| #define HAVE_SETREGID 1
| #define HAVE_MKFIFO 1
| #define HAVE_GETRLIMIT 1
| #define HAVE_SETRLIMIT 1
| #define HAVE_SETVBUF 1
| #define HAVE_PIPE 1
| #define HAVE_STRERROR 1
| #define HAVE_STRSIGNAL 1
| #define HAVE_LSTAT 1
| #define HAVE_READLINK 1
| #define HAVE_ATEXIT 1
| #define HAVE_ISATTY 1
| #define HAVE_TTYNAME 1
| #define HAVE_PSELECT 1
| #define HAVE_POSIX_SPAWN 1
| #define HAVE_POSIX_SPAWNATTR_SETSIGMASK 1
| #define HAVE_DECL_BSD_SIGNAL 1
| #define HAVE_FORK 1
| #define HAVE_VFORK 1
| #define HAVE_WORKING_VFORK 1
| #define HAVE_WORKING_FORK 1
| #define HAVE_STRCASECMP 1
| #define HAVE_STRNCASECMP 1
| #define HAVE_STRCOLL 1
| #define HAVE_STRUCT_DIRENT_D_TYPE 1
| #define HAVE_DECL_SYS_SIGLIST 1
| /* end confdefs.h.  */
| #include <stddef.h>
| #ifdef HAVE_STDIO_H
| # include <stdio.h>
| #endif
| #ifdef HAVE_STDLIB_H
| # include <stdlib.h>
| #endif
| #ifdef HAVE_STRING_H
| # include <string.h>
| #endif
| #ifdef HAVE_INTTYPES_H
| # include <inttypes.h>
| #endif
| #ifdef HAVE_STDINT_H
| # include <stdint.h>
| #endif
| #ifdef HAVE_STRINGS_H
| # include <strings.h>
| #endif
| #ifdef HAVE_SYS_TYPES_H
| # include <sys/types.h>
| #endif
| #ifdef HAVE_SYS_STAT_H
| # include <sys/stat.h>
| #endif
| #ifdef HAVE_UNISTD_H
| # include <unistd.h>
| #endif
| #include <signal.h>
| /* NetBSD declares sys_siglist in unistd.h.  */
| #if HAVE_UNISTD_H
| # include <unistd.h>
| #endif
| 
| 
| int
| main (void)
| {
| #ifndef _sys_siglist
| #ifdef __cplusplus
|   (void) _sys_siglist;
| #else
|   (void) _sys_siglist;
| #endif
| #endif
| 
|   ;
|   return 0;
| }
configure:14436: result: no
configure:14452: checking whether __sys_siglist is declared
configure:14452: gcc -c -g -O2   conftest.c >&5 -Werror=implicit-function-declaration
conftest.c:168:10: error: use of undeclared identifier '__sys_siglist'
  (void) __sys_siglist;
         ^
1 error generated.
configure:14452: $? = 1
configure: failed program was:
| /* confdefs.h */
| #define PACKAGE_NAME "GNU Make"
| #define PACKAGE_TARNAME "make"
| #define PACKAGE_VERSION "4.4.1"
| #define PACKAGE_STRING "GNU Make 4.4.1"
| #define PACKAGE_BUGREPORT "bug-make@gnu.org"
| #define PACKAGE_URL "https://www.gnu.org/software/make/"
| #define PACKAGE "make"
| #define VERSION "4.4.1"
| #define HAVE_STDIO_H 1
| #define HAVE_STDLIB_H 1
| #define HAVE_STRING_H 1
| #define HAVE_INTTYPES_H 1
| #define HAVE_STDINT_H 1
| #define HAVE_STRINGS_H 1
| #define HAVE_SYS_STAT_H 1
| #define HAVE_SYS_TYPES_H 1
| #define HAVE_UNISTD_H 1
| #define HAVE_WCHAR_H 1
| #define HAVE_SYS_PARAM_H 1
| #define HAVE_STDBOOL_H 1
| #define STDC_HEADERS 1
| #define _ALL_SOURCE 1
| #define _DARWIN_C_SOURCE 1
| #define _GNU_SOURCE 1
| #define _HPUX_ALT_XOPEN_SOCKET_API 1
| #define _NETBSD_SOURCE 1
| #define _OPENBSD_SOURCE 1
| #define _POSIX_PTHREAD_SEMANTICS 1
| #define __STDC_WANT_IEC_60559_ATTRIBS_EXT__ 1
| #define __STDC_WANT_IEC_60559_BFP_EXT__ 1
| #define __STDC_WANT_IEC_60559_DFP_EXT__ 1
| #define __STDC_WANT_IEC_60559_EXT__ 1
| #define __STDC_WANT_IEC_60559_FUNCS_EXT__ 1
| #define __STDC_WANT_IEC_60559_TYPES_EXT__ 1
| #define __STDC_WANT_LIB_EXT2__ 1
| #define __STDC_WANT_MATH_SPEC_FUNCS__ 1
| #define _TANDEM_SOURCE 1
| #define __EXTENSIONS__ 1
| #define MAKE_CXX "g++ -std=gnu++11"
| #define HAVE_ALLOCA_H 1
| #define HAVE_ALLOCA 1
| #define eaccess access
| #ifndef __x86_64__
| #define __x86_64__ 1
| #endif
| #ifndef __x86_64__
| #define __x86_64__ 1
| #endif
| #define HAVE_ALLOCA 1
| #define GNULIB_TEST_GETLOADAVG 1
| #define HAVE_CFPREFERENCESCOPYAPPVALUE 1
| #define HAVE_CFLOCALECOPYCURRENT 1
| #define HAVE_DIRENT_H 1
| #define HAVE_STDLIB_H 1
| #define HAVE_STRING_H 1
| #define HAVE_STRINGS_H 1
| #define HAVE_LOCALE_H 1
| #define HAVE_UNISTD_H 1
| #define HAVE_LIMITS_H 1
| #define HAVE_MEMORY_H 1
| #define HAVE_SYS_PARAM_H 1
| #define HAVE_SYS_RESOURCE_H 1
| #define HAVE_SYS_TIMEB_H 1
| #define HAVE_SYS_TIME_H 1
| #define HAVE_SYS_SELECT_H 1
| #define HAVE_SYS_FILE_H 1
| #define HAVE_FCNTL_H 1
| #define HAVE_SPAWN_H 1
| #define HAVE_UNSIGNED_LONG_LONG_INT 1
| #define HAVE_LONG_LONG_INT 1
| #define HAVE_INTMAX_T 1
| #define HAVE_UINTMAX_T 1
| #define HAVE_SIG_ATOMIC_T 1
| #define ST_MTIM_NSEC st_mtimespec.tv_nsec
| #define FILE_TIMESTAMP_HI_RES 1
| #define HAVE_CLOCK_GETTIME 1
| #define HAVE_GETTIMEOFDAY 1
| #define HAVE_STRTOLL 1
| #define HAVE_STRDUP 1
| #define HAVE_STRNDUP 1
| #define HAVE_STPCPY 1
| #define HAVE_UMASK 1
| #define HAVE_MKSTEMP 1
| #define HAVE_MKTEMP 1
| #define HAVE_FDOPEN 1
| #define HAVE_DUP 1
| #define HAVE_DUP2 1
| #define HAVE_GETCWD 1
| #define HAVE_REALPATH 1
| #define HAVE_SIGSETMASK 1
| #define HAVE_SIGACTION 1
| #define HAVE_GETGROUPS 1
| #define HAVE_SETEUID 1
| #define HAVE_SETEGID 1
| #define HAVE_SETLINEBUF 1
| #define HAVE_SETREUID 1
| #define HAVE_SETREGID 1
| #define HAVE_MKFIFO 1
| #define HAVE_GETRLIMIT 1
| #define HAVE_SETRLIMIT 1
| #define HAVE_SETVBUF 1
| #define HAVE_PIPE 1
| #define HAVE_STRERROR 1
| #define HAVE_STRSIGNAL 1
| #define HAVE_LSTAT 1
| #define HAVE_READLINK 1
| #define HAVE_ATEXIT 1
| #define HAVE_ISATTY 1
| #define HAVE_TTYNAME 1
| #define HAVE_PSELECT 1
| #define HAVE_POSIX_SPAWN 1
| #define HAVE_POSIX_SPAWNATTR_SETSIGMASK 1
| #define HAVE_DECL_BSD_SIGNAL 1
| #define HAVE_FORK 1
| #define HAVE_VFORK 1
| #define HAVE_WORKING_VFORK 1
| #define HAVE_WORKING_FORK 1
| #define HAVE_STRCASECMP 1
| #define HAVE_STRNCASECMP 1
| #define HAVE_STRCOLL 1
| #define HAVE_STRUCT_DIRENT_D_TYPE 1
| #define HAVE_DECL_SYS_SIGLIST 1
| #define HAVE_DECL__SYS_SIGLIST 0
| /* end confdefs.h.  */
| #include <stddef.h>
| #ifdef HAVE_STDIO_H
| # include <stdio.h>
| #endif
| #ifdef HAVE_STDLIB_H
| # include <stdlib.h>
| #endif
| #ifdef HAVE_STRING_H
| # include <string.h>
| #endif
| #ifdef HAVE_INTTYPES_H
| # include <inttypes.h>
| #endif
| #ifdef HAVE_STDINT_H
| # include <stdint.h>
| #endif
| #ifdef HAVE_STRINGS_H
| # include <strings.h>
| #endif
| #ifdef HAVE_SYS_TYPES_H
| # include <sys/types.h>
| #endif
| #ifdef HAVE_SYS_STAT_H
| # include <sys/stat.h>
| #endif
| #ifdef HAVE_UNISTD_H
| # include <unistd.h>
| #endif
| #include <signal.h>
| /* NetBSD declares sys_siglist in unistd.h.  */
| #if HAVE_UNISTD_H
| # include <unistd.h>
| #endif
| 
| 
| int
| main (void)
| {
| #ifndef __sys_siglist
| #ifdef __cplusplus
|   (void) __sys_siglist;
| #else
|   (void) __sys_siglist;
| #endif
| #endif
| 
|   ;
|   return 0;
| }
configure:14452: result: no
configure:14472: checking for sys/wait.h
configure:14472: gcc -c -g -O2  conftest.c >&5
configure:14472: $? = 0
configure:14472: result: yes
configure:14480: checking for waitpid
configure:14480: gcc -o conftest -g -O2   conftest.c  >&5
configure:14480: $? = 0
configure:14480: result: yes
configure:14486: checking for wait3
configure:14486: gcc -o conftest -g -O2   conftest.c  >&5
configure:14486: $? = 0
configure:14486: result: yes
configure:14493: checking for union wait
configure:14526: gcc -o conftest -g -O2   conftest.c  >&5
conftest.c:135:41: warning: incompatible pointer types passing 'union wait *' to parameter of type 'int *' [-Wincompatible-pointer-types]
union wait status; int pid; pid = wait (&status);
                                        ^~~~~~~
/Library/Developer/CommandLineTools/SDKs/MacOSX.sdk/usr/include/sys/wait.h:248:19: note: passing argument to parameter here
pid_t   wait(int *) __DARWIN_ALIAS_C(wait);
                  ^
conftest.c:143:16: error: expected ';' after expression
        -- blow chunks here --
               ^
               ;
conftest.c:143:12: error: use of undeclared identifier 'blow'
        -- blow chunks here --
           ^
conftest.c:143:17: error: use of undeclared identifier 'chunks'
        -- blow chunks here --
                ^
1 warning and 3 errors generated.
configure:14526: $? = 1
configure: failed program was:
| /* confdefs.h */
| #define PACKAGE_NAME "GNU Make"
| #define PACKAGE_TARNAME "make"
| #define PACKAGE_VERSION "4.4.1"
| #define PACKAGE_STRING "GNU Make 4.4.1"
| #define PACKAGE_BUGREPORT "bug-make@gnu.org"
| #define PACKAGE_URL "https://www.gnu.org/software/make/"
| #define PACKAGE "make"
| #define VERSION "4.4.1"
| #define HAVE_STDIO_H 1
| #define HAVE_STDLIB_H 1
| #define HAVE_STRING_H 1
| #define HAVE_INTTYPES_H 1
| #define HAVE_STDINT_H 1
| #define HAVE_STRINGS_H 1
| #define HAVE_SYS_STAT_H 1
| #define HAVE_SYS_TYPES_H 1
| #define HAVE_UNISTD_H 1
| #define HAVE_WCHAR_H 1
| #define HAVE_SYS_PARAM_H 1
| #define HAVE_STDBOOL_H 1
| #define STDC_HEADERS 1
| #define _ALL_SOURCE 1
| #define _DARWIN_C_SOURCE 1
| #define _GNU_SOURCE 1
| #define _HPUX_ALT_XOPEN_SOCKET_API 1
| #define _NETBSD_SOURCE 1
| #define _OPENBSD_SOURCE 1
| #define _POSIX_PTHREAD_SEMANTICS 1
| #define __STDC_WANT_IEC_60559_ATTRIBS_EXT__ 1
| #define __STDC_WANT_IEC_60559_BFP_EXT__ 1
| #define __STDC_WANT_IEC_60559_DFP_EXT__ 1
| #define __STDC_WANT_IEC_60559_EXT__ 1
| #define __STDC_WANT_IEC_60559_FUNCS_EXT__ 1
| #define __STDC_WANT_IEC_60559_TYPES_EXT__ 1
| #define __STDC_WANT_LIB_EXT2__ 1
| #define __STDC_WANT_MATH_SPEC_FUNCS__ 1
| #define _TANDEM_SOURCE 1
| #define __EXTENSIONS__ 1
| #define MAKE_CXX "g++ -std=gnu++11"
| #define HAVE_ALLOCA_H 1
| #define HAVE_ALLOCA 1
| #define eaccess access
| #ifndef __x86_64__
| #define __x86_64__ 1
| #endif
| #ifndef __x86_64__
| #define __x86_64__ 1
| #endif
| #define HAVE_ALLOCA 1
| #define GNULIB_TEST_GETLOADAVG 1
| #define HAVE_CFPREFERENCESCOPYAPPVALUE 1
| #define HAVE_CFLOCALECOPYCURRENT 1
| #define HAVE_DIRENT_H 1
| #define HAVE_STDLIB_H 1
| #define HAVE_STRING_H 1
| #define HAVE_STRINGS_H 1
| #define HAVE_LOCALE_H 1
| #define HAVE_UNISTD_H 1
| #define HAVE_LIMITS_H 1
| #define HAVE_MEMORY_H 1
| #define HAVE_SYS_PARAM_H 1
| #define HAVE_SYS_RESOURCE_H 1
| #define HAVE_SYS_TIMEB_H 1
| #define HAVE_SYS_TIME_H 1
| #define HAVE_SYS_SELECT_H 1
| #define HAVE_SYS_FILE_H 1
| #define HAVE_FCNTL_H 1
| #define HAVE_SPAWN_H 1
| #define HAVE_UNSIGNED_LONG_LONG_INT 1
| #define HAVE_LONG_LONG_INT 1
| #define HAVE_INTMAX_T 1
| #define HAVE_UINTMAX_T 1
| #define HAVE_SIG_ATOMIC_T 1
| #define ST_MTIM_NSEC st_mtimespec.tv_nsec
| #define FILE_TIMESTAMP_HI_RES 1
| #define HAVE_CLOCK_GETTIME 1
| #define HAVE_GETTIMEOFDAY 1
| #define HAVE_STRTOLL 1
| #define HAVE_STRDUP 1
| #define HAVE_STRNDUP 1
| #define HAVE_STPCPY 1
| #define HAVE_UMASK 1
| #define HAVE_MKSTEMP 1
| #define HAVE_MKTEMP 1
| #define HAVE_FDOPEN 1
| #define HAVE_DUP 1
| #define HAVE_DUP2 1
| #define HAVE_GETCWD 1
| #define HAVE_REALPATH 1
| #define HAVE_SIGSETMASK 1
| #define HAVE_SIGACTION 1
| #define HAVE_GETGROUPS 1
| #define HAVE_SETEUID 1
| #define HAVE_SETEGID 1
| #define HAVE_SETLINEBUF 1
| #define HAVE_SETREUID 1
| #define HAVE_SETREGID 1
| #define HAVE_MKFIFO 1
| #define HAVE_GETRLIMIT 1
| #define HAVE_SETRLIMIT 1
| #define HAVE_SETVBUF 1
| #define HAVE_PIPE 1
| #define HAVE_STRERROR 1
| #define HAVE_STRSIGNAL 1
| #define HAVE_LSTAT 1
| #define HAVE_READLINK 1
| #define HAVE_ATEXIT 1
| #define HAVE_ISATTY 1
| #define HAVE_TTYNAME 1
| #define HAVE_PSELECT 1
| #define HAVE_POSIX_SPAWN 1
| #define HAVE_POSIX_SPAWNATTR_SETSIGMASK 1
| #define HAVE_DECL_BSD_SIGNAL 1
| #define HAVE_FORK 1
| #define HAVE_VFORK 1
| #define HAVE_WORKING_VFORK 1
| #define HAVE_WORKING_FORK 1
| #define HAVE_STRCASECMP 1
| #define HAVE_STRNCASECMP 1
| #define HAVE_STRCOLL 1
| #define HAVE_STRUCT_DIRENT_D_TYPE 1
| #define HAVE_DECL_SYS_SIGLIST 1
| #define HAVE_DECL__SYS_SIGLIST 0
| #define HAVE_DECL___SYS_SIGLIST 0
| #define HAVE_SYS_WAIT_H 1
| #define HAVE_WAITPID 1
| #define HAVE_WAIT3 1
| /* end confdefs.h.  */
| #include <sys/types.h>
| #include <sys/wait.h>
| int
| main (void)
| {
| union wait status; int pid; pid = wait (&status);
| #ifdef WEXITSTATUS
| /* Some POSIXoid systems have both the new-style macros and the old
|    union wait type, and they do not work together.  If union wait
|    conflicts with WEXITSTATUS et al, we don't want to use it at all.  */
|         if (WEXITSTATUS (status) != 0) pid = -1;
| #ifdef WTERMSIG
|         /* If we have WEXITSTATUS and WTERMSIG, just use them on ints.  */
|         -- blow chunks here --
| #endif
| #endif
| #ifdef HAVE_WAITPID
|         /* Make sure union wait works with waitpid.  */
|         pid = waitpid (-1, &status, 0);
| #endif
| 
|   ;
|   return 0;
| }
configure:14538: result: no
configure:15065: checking for SA_RESTART
configure:15083: gcc -c -g -O2  conftest.c >&5
configure:15083: $? = 0
configure:15093: result: yes
configure:15132: checking whether dlopen is declared
configure:15132: gcc -c -g -O2   conftest.c >&5 -Werror=implicit-function-declaration
configure:15132: $? = 0
configure:15132: result: yes
configure:15142: checking whether dlsym is declared
configure:15142: gcc -c -g -O2   conftest.c >&5 -Werror=implicit-function-declaration
configure:15142: $? = 0
configure:15142: result: yes
configure:15152: checking whether dlerror is declared
configure:15152: gcc -c -g -O2   conftest.c >&5 -Werror=implicit-function-declaration
configure:15152: $? = 0
configure:15152: result: yes
configure:15185: checking for library containing dlopen
configure:15221: gcc -o conftest -g -O2   conftest.c  >&5
configure:15221: $? = 0
configure:15243: result: none required
configure:15275: checking if the linker accepts -Wl,--export-dynamic
configure:15283: gcc -o conftest -g -O2   -Wl,--export-dynamic conftest.c  >&5
ld: unknown option: --export-dynamic
clang: error: linker command failed with exit code 1 (use -v to see invocation)
configure:15283: $? = 1
configure: failed program was:
| /* confdefs.h */
| #define PACKAGE_NAME "GNU Make"
| #define PACKAGE_TARNAME "make"
| #define PACKAGE_VERSION "4.4.1"
| #define PACKAGE_STRING "GNU Make 4.4.1"
| #define PACKAGE_BUGREPORT "bug-make@gnu.org"
| #define PACKAGE_URL "https://www.gnu.org/software/make/"
| #define PACKAGE "make"
| #define VERSION "4.4.1"
| #define HAVE_STDIO_H 1
| #define HAVE_STDLIB_H 1
| #define HAVE_STRING_H 1
| #define HAVE_INTTYPES_H 1
| #define HAVE_STDINT_H 1
| #define HAVE_STRINGS_H 1
| #define HAVE_SYS_STAT_H 1
| #define HAVE_SYS_TYPES_H 1
| #define HAVE_UNISTD_H 1
| #define HAVE_WCHAR_H 1
| #define HAVE_SYS_PARAM_H 1
| #define HAVE_STDBOOL_H 1
| #define STDC_HEADERS 1
| #define _ALL_SOURCE 1
| #define _DARWIN_C_SOURCE 1
| #define _GNU_SOURCE 1
| #define _HPUX_ALT_XOPEN_SOCKET_API 1
| #define _NETBSD_SOURCE 1
| #define _OPENBSD_SOURCE 1
| #define _POSIX_PTHREAD_SEMANTICS 1
| #define __STDC_WANT_IEC_60559_ATTRIBS_EXT__ 1
| #define __STDC_WANT_IEC_60559_BFP_EXT__ 1
| #define __STDC_WANT_IEC_60559_DFP_EXT__ 1
| #define __STDC_WANT_IEC_60559_EXT__ 1
| #define __STDC_WANT_IEC_60559_FUNCS_EXT__ 1
| #define __STDC_WANT_IEC_60559_TYPES_EXT__ 1
| #define __STDC_WANT_LIB_EXT2__ 1
| #define __STDC_WANT_MATH_SPEC_FUNCS__ 1
| #define _TANDEM_SOURCE 1
| #define __EXTENSIONS__ 1
| #define MAKE_CXX "g++ -std=gnu++11"
| #define HAVE_ALLOCA_H 1
| #define HAVE_ALLOCA 1
| #define eaccess access
| #ifndef __x86_64__
| #define __x86_64__ 1
| #endif
| #ifndef __x86_64__
| #define __x86_64__ 1
| #endif
| #define HAVE_ALLOCA 1
| #define GNULIB_TEST_GETLOADAVG 1
| #define HAVE_CFPREFERENCESCOPYAPPVALUE 1
| #define HAVE_CFLOCALECOPYCURRENT 1
| #define HAVE_DIRENT_H 1
| #define HAVE_STDLIB_H 1
| #define HAVE_STRING_H 1
| #define HAVE_STRINGS_H 1
| #define HAVE_LOCALE_H 1
| #define HAVE_UNISTD_H 1
| #define HAVE_LIMITS_H 1
| #define HAVE_MEMORY_H 1
| #define HAVE_SYS_PARAM_H 1
| #define HAVE_SYS_RESOURCE_H 1
| #define HAVE_SYS_TIMEB_H 1
| #define HAVE_SYS_TIME_H 1
| #define HAVE_SYS_SELECT_H 1
| #define HAVE_SYS_FILE_H 1
| #define HAVE_FCNTL_H 1
| #define HAVE_SPAWN_H 1
| #define HAVE_UNSIGNED_LONG_LONG_INT 1
| #define HAVE_LONG_LONG_INT 1
| #define HAVE_INTMAX_T 1
| #define HAVE_UINTMAX_T 1
| #define HAVE_SIG_ATOMIC_T 1
| #define ST_MTIM_NSEC st_mtimespec.tv_nsec
| #define FILE_TIMESTAMP_HI_RES 1
| #define HAVE_CLOCK_GETTIME 1
| #define HAVE_GETTIMEOFDAY 1
| #define HAVE_STRTOLL 1
| #define HAVE_STRDUP 1
| #define HAVE_STRNDUP 1
| #define HAVE_STPCPY 1
| #define HAVE_UMASK 1
| #define HAVE_MKSTEMP 1
| #define HAVE_MKTEMP 1
| #define HAVE_FDOPEN 1
| #define HAVE_DUP 1
| #define HAVE_DUP2 1
| #define HAVE_GETCWD 1
| #define HAVE_REALPATH 1
| #define HAVE_SIGSETMASK 1
| #define HAVE_SIGACTION 1
| #define HAVE_GETGROUPS 1
| #define HAVE_SETEUID 1
| #define HAVE_SETEGID 1
| #define HAVE_SETLINEBUF 1
| #define HAVE_SETREUID 1
| #define HAVE_SETREGID 1
| #define HAVE_MKFIFO 1
| #define HAVE_GETRLIMIT 1
| #define HAVE_SETRLIMIT 1
| #define HAVE_SETVBUF 1
| #define HAVE_PIPE 1
| #define HAVE_STRERROR 1
| #define HAVE_STRSIGNAL 1
| #define HAVE_LSTAT 1
| #define HAVE_READLINK 1
| #define HAVE_ATEXIT 1
| #define HAVE_ISATTY 1
| #define HAVE_TTYNAME 1
| #define HAVE_PSELECT 1
| #define HAVE_POSIX_SPAWN 1
| #define HAVE_POSIX_SPAWNATTR_SETSIGMASK 1
| #define HAVE_DECL_BSD_SIGNAL 1
| #define HAVE_FORK 1
| #define HAVE_VFORK 1
| #define HAVE_WORKING_VFORK 1
| #define HAVE_WORKING_FORK 1
| #define HAVE_STRCASECMP 1
| #define HAVE_STRNCASECMP 1
| #define HAVE_STRCOLL 1
| #define HAVE_STRUCT_DIRENT_D_TYPE 1
| #define HAVE_DECL_SYS_SIGLIST 1
| #define HAVE_DECL__SYS_SIGLIST 0
| #define HAVE_DECL___SYS_SIGLIST 0
| #define HAVE_SYS_WAIT_H 1
| #define HAVE_WAITPID 1
| #define HAVE_WAIT3 1
| #define HAVE_SA_RESTART 1
| #define MAKE_JOBSERVER 1
| #define HAVE_DECL_DLOPEN 1
| #define HAVE_DECL_DLSYM 1
| #define HAVE_DECL_DLERROR 1
| #define MAKE_LOAD 1
| /* end confdefs.h.  */
| int main(){}
configure:15290: result: no
configure:15292: checking if the linker accepts -rdynamic
configure:15299: gcc -o conftest -g -O2   -rdynamic conftest.c  >&5
configure:15299: $? = 0
configure:15301: result: yes
configure:15352: checking for posix_spawn that fails synchronously
configure:15375: gcc -o conftest -g -O2   conftest.c  >&5
configure:15375: $? = 0
configure:15375: ./conftest
configure:15375: $? = 0
configure:15389: result: yes
configure:15405: checking for location of SCCS get command
configure:15422: result: get
configure:15528: checking if malloc debugging is wanted
configure:15547: result: no
configure:15765: checking that generated files are newer than configure
configure:15771: result: done
configure:15891: creating ./config.status

## ---------------- ##
## Cache variables. ##
## ---------------- ##

ac_cv_build=x86_64-apple-darwin22.6.0
ac_cv_c_bigendian=no
ac_cv_c_compiler_gnu=yes
ac_cv_c_const=yes
ac_cv_c_undeclared_builtin_options='none needed'
ac_cv_cxx_compiler_gnu=yes
ac_cv_dos_paths=no
ac_cv_env_CCC_set=
ac_cv_env_CCC_value=
ac_cv_env_CC_set=
ac_cv_env_CC_value=
ac_cv_env_CFLAGS_set=
ac_cv_env_CFLAGS_value=
ac_cv_env_CPPFLAGS_set=
ac_cv_env_CPPFLAGS_value=
ac_cv_env_CPP_set=
ac_cv_env_CPP_value=
ac_cv_env_CXXFLAGS_set=
ac_cv_env_CXXFLAGS_value=
ac_cv_env_CXX_set=
ac_cv_env_CXX_value=
ac_cv_env_GUILE_CFLAGS_set=
ac_cv_env_GUILE_CFLAGS_value=
ac_cv_env_GUILE_LIBS_set=
ac_cv_env_GUILE_LIBS_value=
ac_cv_env_LDFLAGS_set=
ac_cv_env_LDFLAGS_value=
ac_cv_env_LIBS_set=
ac_cv_env_LIBS_value=
ac_cv_env_PKG_CONFIG_LIBDIR_set=
ac_cv_env_PKG_CONFIG_LIBDIR_value=
ac_cv_env_PKG_CONFIG_PATH_set=
ac_cv_env_PKG_CONFIG_PATH_value=
ac_cv_env_PKG_CONFIG_set=
ac_cv_env_PKG_CONFIG_value=
ac_cv_env_build_alias_set=
ac_cv_env_build_alias_value=
ac_cv_env_host_alias_set=
ac_cv_env_host_alias_value=
ac_cv_env_target_alias_set=
ac_cv_env_target_alias_value=
ac_cv_func_alloca_works=yes
ac_cv_func_atexit=yes
ac_cv_func_closedir_void=no
ac_cv_func_dup2=yes
ac_cv_func_dup=yes
ac_cv_func_eaccess=no
ac_cv_func_fdopen=yes
ac_cv_func_fork=yes
ac_cv_func_fork_works=yes
ac_cv_func_getcwd=yes
ac_cv_func_getgroups=yes
ac_cv_func_getloadavg=yes
ac_cv_func_getrlimit=yes
ac_cv_func_gettimeofday=yes
ac_cv_func_isatty=yes
ac_cv_func_lstat=yes
ac_cv_func_mempcpy=no
ac_cv_func_memrchr=no
ac_cv_func_mkfifo=yes
ac_cv_func_mkstemp=yes
ac_cv_func_mktemp=yes
ac_cv_func_pipe=yes
ac_cv_func_posix_spawn=yes
ac_cv_func_posix_spawnattr_setsigmask=yes
ac_cv_func_pselect=yes
ac_cv_func_readlink=yes
ac_cv_func_realpath=yes
ac_cv_func_setegid=yes
ac_cv_func_seteuid=yes
ac_cv_func_setlinebuf=yes
ac_cv_func_setregid=yes
ac_cv_func_setreuid=yes
ac_cv_func_setrlimit=yes
ac_cv_func_setvbuf=yes
ac_cv_func_sigaction=yes
ac_cv_func_sigsetmask=yes
ac_cv_func_stpcpy=yes
ac_cv_func_strcasecmp=yes
ac_cv_func_strcmpi=no
ac_cv_func_strcoll_works=yes
ac_cv_func_strdup=yes
ac_cv_func_strerror=yes
ac_cv_func_stricmp=no
ac_cv_func_strncasecmp=yes
ac_cv_func_strncmpi=no
ac_cv_func_strndup=yes
ac_cv_func_strnicmp=no
ac_cv_func_strsignal=yes
ac_cv_func_strtoll=yes
ac_cv_func_ttyname=yes
ac_cv_func_umask=yes
ac_cv_func_vfork=yes
ac_cv_func_vfork_works=yes
ac_cv_func_wait3=yes
ac_cv_func_waitpid=yes
ac_cv_have_decl___sys_siglist=no
ac_cv_have_decl__sys_siglist=no
ac_cv_have_decl_bsd_signal=yes
ac_cv_have_decl_dlerror=yes
ac_cv_have_decl_dlopen=yes
ac_cv_have_decl_dlsym=yes
ac_cv_have_decl_getloadavg=yes
ac_cv_have_decl_sys_siglist=yes
ac_cv_header_dirent_dirent_h=yes
ac_cv_header_fcntl_h=yes
ac_cv_header_inttypes_h=yes
ac_cv_header_limits_h=yes
ac_cv_header_locale_h=yes
ac_cv_header_memory_h=yes
ac_cv_header_minix_config_h=no
ac_cv_header_spawn_h=yes
ac_cv_header_stat_broken=no
ac_cv_header_stdbool_h=yes
ac_cv_header_stdint_h=yes
ac_cv_header_stdio_h=yes
ac_cv_header_stdlib_h=yes
ac_cv_header_string_h=yes
ac_cv_header_strings_h=yes
ac_cv_header_sys_file_h=yes
ac_cv_header_sys_loadavg_h=no
ac_cv_header_sys_param_h=yes
ac_cv_header_sys_resource_h=yes
ac_cv_header_sys_select_h=yes
ac_cv_header_sys_stat_h=yes
ac_cv_header_sys_time_h=yes
ac_cv_header_sys_timeb_h=yes
ac_cv_header_sys_types_h=yes
ac_cv_header_sys_wait_h=yes
ac_cv_header_unistd_h=yes
ac_cv_header_vfork_h=no
ac_cv_header_wchar_h=yes
ac_cv_host=x86_64-apple-darwin22.6.0
ac_cv_member_struct_dirent_d_type=yes
ac_cv_objext=o
ac_cv_path_EGREP_TRADITIONAL='/usr/bin/grep -E'
ac_cv_path_GMSGFMT=/usr/local/bin/msgfmt
ac_cv_path_MSGFMT=/usr/local/bin/msgfmt
ac_cv_path_MSGMERGE=/usr/local/bin/msgmerge
ac_cv_path_SED=/usr/local/bin/gsed
ac_cv_path_XGETTEXT=/usr/local/bin/xgettext
ac_cv_path_ac_pt_PKG_CONFIG=/usr/local/bin/pkg-config
ac_cv_path_install='/usr/local/bin/ginstall -c'
ac_cv_path_mkdir=/usr/local/bin/gmkdir
ac_cv_prog_AR=ar
ac_cv_prog_AWK=awk
ac_cv_prog_CPP='gcc -E'
ac_cv_prog_PERL=perl
ac_cv_prog_ac_ct_AR=ar
ac_cv_prog_ac_ct_CC=gcc
ac_cv_prog_ac_ct_CXX=g++
ac_cv_prog_ac_ct_RANLIB=ranlib
ac_cv_prog_cc_c11=
ac_cv_prog_cc_g=yes
ac_cv_prog_cc_stdc=
ac_cv_prog_cxx_cxx11=-std=gnu++11
ac_cv_prog_cxx_g=yes
ac_cv_prog_cxx_stdcxx=-std=gnu++11
ac_cv_prog_make_make_set=yes
ac_cv_safe_to_define___extensions__=yes
ac_cv_search_clock_gettime='none required'
ac_cv_search_dlopen='none required'
ac_cv_search_getpwnam='none required'
ac_cv_search_opendir='none required'
ac_cv_search_strerror='none required'
ac_cv_should_define__xopen_source=no
ac_cv_struct_st_mtim_nsec=st_mtimespec.tv_nsec
ac_cv_sys_largefile_opts='none needed'
ac_cv_type_gid_t=yes
ac_cv_type_intmax_t=yes
ac_cv_type_long_long_int=yes
ac_cv_type_off_t=yes
ac_cv_type_pid_t=yes
ac_cv_type_sig_atomic_t=yes
ac_cv_type_size_t=yes
ac_cv_type_ssize_t=yes
ac_cv_type_uid_t=yes
ac_cv_type_uintmax_t=yes
ac_cv_type_unsigned_long_long_int=yes
ac_cv_working_alloca_h=yes
acl_cv_hardcode_direct=no
acl_cv_hardcode_libdir_flag_spec=
acl_cv_hardcode_libdir_separator=
acl_cv_hardcode_minus_L=no
acl_cv_libext=a
acl_cv_libname_spec='lib$name'
acl_cv_library_names_spec='$libname$shrext'
acl_cv_path_LD=/Library/Developer/CommandLineTools/usr/bin/ld
acl_cv_prog_gnu_ld=no
acl_cv_rpath=done
acl_cv_shlibext=dylib
acl_cv_wl=-Wl,
am_cv_CC_dependencies_compiler_type=gcc3
am_cv_CXX_dependencies_compiler_type=gcc3
am_cv_make_support_nested_variables=yes
am_cv_prog_cc_c_o=yes
gl_cv_c_amsterdam_compiler=no
gl_cv_c_bool=no
gl_cv_cc_wallow=-Wno-error
gl_cv_compiler_check_decl_option=-Werror=implicit-function-declaration
gl_cv_compiler_clang=yes
gl_cv_host_cpu_c_abi=x86_64
gl_cv_rpl_alloca=yes
gt_cv_func_CFLocaleCopyCurrent=yes
gt_cv_func_CFPreferencesCopyAppValue=yes
make_cv_file_timestamp_hi_res=yes
make_cv_job_server=yes
make_cv_load=yes
make_cv_path_sccs_get=get
make_cv_posix_spawn=yes
make_cv_sa_restart=yes
make_cv_synchronous_posix_spawn=yes
make_cv_sys_gnu_glob=no
make_cv_union_wait=no

## ----------------- ##
## Output variables. ##
## ----------------- ##

ACLOCAL='${SHELL} '\''/Users/rita/github/zig.make/build-aux/missing'\'' aclocal-1.16'
ALLOCA=''
ALLOCA_H='alloca.h'
AMDEPBACKSLASH='\'
AMDEP_FALSE='#'
AMDEP_TRUE=''
AMTAR='$${TAR-tar}'
AM_BACKSLASH='\'
AM_DEFAULT_V='$(AM_DEFAULT_VERBOSITY)'
AM_DEFAULT_VERBOSITY='1'
AM_LDFLAGS='-rdynamic'
AM_V='$(V)'
AR='ar'
ARFLAGS='cr'
AUTOCONF='${SHELL} '\''/Users/rita/github/zig.make/build-aux/missing'\'' autoconf'
AUTOHEADER='${SHELL} '\''/Users/rita/github/zig.make/build-aux/missing'\'' autoheader'
AUTOMAKE='${SHELL} '\''/Users/rita/github/zig.make/build-aux/missing'\'' automake-1.16'
AWK='awk'
CC='gcc'
CCDEPMODE='depmode=gcc3'
CFLAGS='-g -O2'
CPP='gcc -E'
CPPFLAGS=''
CSCOPE='cscope'
CTAGS='ctags'
CXX='g++ -std=gnu++11'
CXXDEPMODE='depmode=gcc3'
CXXFLAGS='-g -O2'
CYGPATH_W='echo'
DEFS='-DHAVE_CONFIG_H'
DEPDIR='.deps'
ECHO_C='\c'
ECHO_N=''
ECHO_T=''
ETAGS='etags'
EXEEXT=''
GETLOADAVG_LIBS=''
GETTEXT_MACRO_VERSION='0.19'
GL_CFLAG_ALLOW_WARNINGS='-Wno-error'
GL_CFLAG_GNULIB_WARNINGS=' -Wno-cast-qual -Wno-conversion -Wno-float-equal -Wno-sign-compare -Wno-undef -Wno-unused-function -Wno-unused-parameter -Wno-float-conversion -Wimplicit-fallthrough -Wno-pedantic -Wno-sign-conversion -Wno-type-limits'
GL_COND_LIBTOOL_FALSE=''
GL_COND_LIBTOOL_TRUE='#'
GL_COND_OBJ_GETLOADAVG_FALSE=''
GL_COND_OBJ_GETLOADAVG_TRUE='#'
GL_GENERATE_ALLOCA_H_FALSE='#'
GL_GENERATE_ALLOCA_H_TRUE=''
GL_GNULIB_GETLOADAVG='1'
GMSGFMT='/usr/local/bin/msgfmt'
GMSGFMT_015='/usr/local/bin/msgfmt'
GUILE_CFLAGS=''
GUILE_LIBS=''
HAVE_ALLOCA_H='1'
HAVE_DECL_GETLOADAVG='1'
HAVE_GUILE_FALSE=''
HAVE_GUILE_TRUE='#'
HOST_CPU='x86_64'
HOST_CPU_C_ABI='x86_64'
INSTALL_DATA='${INSTALL} -m 644'
INSTALL_PROGRAM='${INSTALL}'
INSTALL_SCRIPT='${INSTALL}'
INSTALL_STRIP_PROGRAM='$(install_sh) -c -s'
INTLLIBS=''
INTL_MACOSX_LIBS='-Wl,-framework -Wl,CoreFoundation'
KNOWN_PREFIX_FALSE='#'
KNOWN_PREFIX_TRUE=''
LDFLAGS=''
LIBGNU_LIBDEPS=''
LIBGNU_LTLIBDEPS=''
LIBICONV='-liconv'
LIBINTL=''
LIBOBJS=''
LIBS=''
LTLIBICONV='-liconv'
LTLIBINTL=''
LTLIBOBJS=''
MAKEINFO='${SHELL} '\''/Users/rita/github/zig.make/build-aux/missing'\'' makeinfo'
MAKE_HOST='x86_64-apple-darwin22.6.0'
MKDIR_P='/usr/local/bin/gmkdir -p'
MSGFMT='/usr/local/bin/msgfmt'
MSGFMT_015='/usr/local/bin/msgfmt'
MSGMERGE='/usr/local/bin/msgmerge'
OBJEXT='o'
PACKAGE='make'
PACKAGE_BUGREPORT='bug-make@gnu.org'
PACKAGE_NAME='GNU Make'
PACKAGE_STRING='GNU Make 4.4.1'
PACKAGE_TARNAME='make'
PACKAGE_URL='https://www.gnu.org/software/make/'
PACKAGE_VERSION='4.4.1'
PATH_SEPARATOR=':'
PERL='perl'
PKG_CONFIG='/usr/local/bin/pkg-config'
PKG_CONFIG_LIBDIR=''
PKG_CONFIG_PATH=''
POSUB=''
RANLIB='ranlib'
REMOTE='stub'
SED='/usr/local/bin/gsed'
SET_MAKE=''
SHELL='/bin/sh'
STRIP=''
USE_CUSTOMS_FALSE=''
USE_CUSTOMS_TRUE='#'
USE_NLS='no'
USE_SYSTEM_GLOB='no'
USE_SYSTEM_GLOB_FALSE=''
USE_SYSTEM_GLOB_TRUE='#'
VERSION='4.4.1'
WINDOWSENV_FALSE=''
WINDOWSENV_TRUE='#'
XGETTEXT='/usr/local/bin/xgettext'
XGETTEXT_015='/usr/local/bin/xgettext'
XGETTEXT_EXTRA_OPTIONS=''
ac_ct_CC='gcc'
ac_ct_CXX='g++'
am__EXEEXT_FALSE=''
am__EXEEXT_TRUE='#'
am__fastdepCC_FALSE='#'
am__fastdepCC_TRUE=''
am__fastdepCXX_FALSE='#'
am__fastdepCXX_TRUE=''
am__include='include'
am__isrc=''
am__leading_dot='.'
am__nodep='_no'
am__quote=''
am__tar='$${TAR-tar} chof - "$$tardir"'
am__untar='$${TAR-tar} xf -'
bindir='${exec_prefix}/bin'
build='x86_64-apple-darwin22.6.0'
build_alias=''
build_cpu='x86_64'
build_os='darwin22.6.0'
build_vendor='apple'
datadir='${datarootdir}'
datarootdir='${prefix}/share'
docdir='${datarootdir}/doc/${PACKAGE_TARNAME}'
dvidir='${docdir}'
exec_prefix='${prefix}'
gl_LIBOBJDEPS=''
gl_LIBOBJS=''
gl_LTLIBOBJS=''
gltests_LIBOBJDEPS=''
gltests_LIBOBJS=''
gltests_LTLIBOBJS=''
gltests_WITNESS='IN_MAKE_GNULIB_TESTS'
host='x86_64-apple-darwin22.6.0'
host_alias=''
host_cpu='x86_64'
host_os='darwin22.6.0'
host_vendor='apple'
htmldir='${docdir}'
includedir='${prefix}/include'
infodir='${datarootdir}/info'
install_sh='${SHELL} /Users/rita/github/zig.make/build-aux/install-sh'
libdir='${exec_prefix}/lib'
libexecdir='${exec_prefix}/libexec'
localedir='${datarootdir}/locale'
localstatedir='${prefix}/var'
mandir='${datarootdir}/man'
mkdir_p='$(MKDIR_P)'
oldincludedir='/usr/include'
pdfdir='${docdir}'
prefix='/usr/local'
program_transform_name='s,x,x,'
psdir='${docdir}'
runstatedir='${localstatedir}/run'
sbindir='${exec_prefix}/sbin'
sharedstatedir='${prefix}/com'
sysconfdir='${prefix}/etc'
target_alias=''

## ------------------- ##
## File substitutions. ##
## ------------------- ##

MAINT_MAKEFILE='/dev/null'

## ----------- ##
## confdefs.h. ##
## ----------- ##

/* confdefs.h */
#define PACKAGE_NAME "GNU Make"
#define PACKAGE_TARNAME "make"
#define PACKAGE_VERSION "4.4.1"
#define PACKAGE_STRING "GNU Make 4.4.1"
#define PACKAGE_BUGREPORT "bug-make@gnu.org"
#define PACKAGE_URL "https://www.gnu.org/software/make/"
#define PACKAGE "make"
#define VERSION "4.4.1"
#define HAVE_STDIO_H 1
#define HAVE_STDLIB_H 1
#define HAVE_STRING_H 1
#define HAVE_INTTYPES_H 1
#define HAVE_STDINT_H 1
#define HAVE_STRINGS_H 1
#define HAVE_SYS_STAT_H 1
#define HAVE_SYS_TYPES_H 1
#define HAVE_UNISTD_H 1
#define HAVE_WCHAR_H 1
#define HAVE_SYS_PARAM_H 1
#define HAVE_STDBOOL_H 1
#define STDC_HEADERS 1
#define _ALL_SOURCE 1
#define _DARWIN_C_SOURCE 1
#define _GNU_SOURCE 1
#define _HPUX_ALT_XOPEN_SOCKET_API 1
#define _NETBSD_SOURCE 1
#define _OPENBSD_SOURCE 1
#define _POSIX_PTHREAD_SEMANTICS 1
#define __STDC_WANT_IEC_60559_ATTRIBS_EXT__ 1
#define __STDC_WANT_IEC_60559_BFP_EXT__ 1
#define __STDC_WANT_IEC_60559_DFP_EXT__ 1
#define __STDC_WANT_IEC_60559_EXT__ 1
#define __STDC_WANT_IEC_60559_FUNCS_EXT__ 1
#define __STDC_WANT_IEC_60559_TYPES_EXT__ 1
#define __STDC_WANT_LIB_EXT2__ 1
#define __STDC_WANT_MATH_SPEC_FUNCS__ 1
#define _TANDEM_SOURCE 1
#define __EXTENSIONS__ 1
#define MAKE_CXX "g++ -std=gnu++11"
#define HAVE_ALLOCA_H 1
#define HAVE_ALLOCA 1
#define eaccess access
#ifndef __x86_64__
#define __x86_64__ 1
#endif
#ifndef __x86_64__
#define __x86_64__ 1
#endif
#define HAVE_ALLOCA 1
#define GNULIB_TEST_GETLOADAVG 1
#define HAVE_CFPREFERENCESCOPYAPPVALUE 1
#define HAVE_CFLOCALECOPYCURRENT 1
#define HAVE_DIRENT_H 1
#define HAVE_STDLIB_H 1
#define HAVE_STRING_H 1
#define HAVE_STRINGS_H 1
#define HAVE_LOCALE_H 1
#define HAVE_UNISTD_H 1
#define HAVE_LIMITS_H 1
#define HAVE_MEMORY_H 1
#define HAVE_SYS_PARAM_H 1
#define HAVE_SYS_RESOURCE_H 1
#define HAVE_SYS_TIMEB_H 1
#define HAVE_SYS_TIME_H 1
#define HAVE_SYS_SELECT_H 1
#define HAVE_SYS_FILE_H 1
#define HAVE_FCNTL_H 1
#define HAVE_SPAWN_H 1
#define HAVE_UNSIGNED_LONG_LONG_INT 1
#define HAVE_LONG_LONG_INT 1
#define HAVE_INTMAX_T 1
#define HAVE_UINTMAX_T 1
#define HAVE_SIG_ATOMIC_T 1
#define ST_MTIM_NSEC st_mtimespec.tv_nsec
#define FILE_TIMESTAMP_HI_RES 1
#define HAVE_CLOCK_GETTIME 1
#define HAVE_GETTIMEOFDAY 1
#define HAVE_STRTOLL 1
#define HAVE_STRDUP 1
#define HAVE_STRNDUP 1
#define HAVE_STPCPY 1
#define HAVE_UMASK 1
#define HAVE_MKSTEMP 1
#define HAVE_MKTEMP 1
#define HAVE_FDOPEN 1
#define HAVE_DUP 1
#define HAVE_DUP2 1
#define HAVE_GETCWD 1
#define HAVE_REALPATH 1
#define HAVE_SIGSETMASK 1
#define HAVE_SIGACTION 1
#define HAVE_GETGROUPS 1
#define HAVE_SETEUID 1
#define HAVE_SETEGID 1
#define HAVE_SETLINEBUF 1
#define HAVE_SETREUID 1
#define HAVE_SETREGID 1
#define HAVE_MKFIFO 1
#define HAVE_GETRLIMIT 1
#define HAVE_SETRLIMIT 1
#define HAVE_SETVBUF 1
#define HAVE_PIPE 1
#define HAVE_STRERROR 1
#define HAVE_STRSIGNAL 1
#define HAVE_LSTAT 1
#define HAVE_READLINK 1
#define HAVE_ATEXIT 1
#define HAVE_ISATTY 1
#define HAVE_TTYNAME 1
#define HAVE_PSELECT 1
#define HAVE_POSIX_SPAWN 1
#define HAVE_POSIX_SPAWNATTR_SETSIGMASK 1
#define HAVE_DECL_BSD_SIGNAL 1
#define HAVE_FORK 1
#define HAVE_VFORK 1
#define HAVE_WORKING_VFORK 1
#define HAVE_WORKING_FORK 1
#define HAVE_STRCASECMP 1
#define HAVE_STRNCASECMP 1
#define HAVE_STRCOLL 1
#define HAVE_STRUCT_DIRENT_D_TYPE 1
#define HAVE_DECL_SYS_SIGLIST 1
#define HAVE_DECL__SYS_SIGLIST 0
#define HAVE_DECL___SYS_SIGLIST 0
#define HAVE_SYS_WAIT_H 1
#define HAVE_WAITPID 1
#define HAVE_WAIT3 1
#define HAVE_SA_RESTART 1
#define MAKE_JOBSERVER 1
#define HAVE_DECL_DLOPEN 1
#define HAVE_DECL_DLSYM 1
#define HAVE_DECL_DLERROR 1
#define MAKE_LOAD 1
#define MAKE_SYMLINKS 1
#define USE_POSIX_SPAWN 1
#define SCCS_GET "get"
#define MAKE_HOST "x86_64-apple-darwin22.6.0"
#define PATH_SEPARATOR_CHAR ':'
#define HAVE_DECL_GETLOADAVG 1
#define MK_CONFIGURE 1

configure: exit 0

## ---------------------- ##
## Running config.status. ##
## ---------------------- ##

This file was extended by GNU Make config.status 4.4.1, which was
generated by GNU Autoconf 2.72.  Invocation command line was

  CONFIG_FILES    = 
  CONFIG_HEADERS  = 
  CONFIG_LINKS    = 
  CONFIG_COMMANDS = 
  $ ./config.status 

on ritadeiMac.local

config.status:1096: creating build.cfg
config.status:1096: creating tests/config-flags.pm
config.status:1096: creating Makefile
config.status:1096: creating lib/Makefile
config.status:1096: creating doc/Makefile
config.status:1096: creating po/Makefile.in
config.status:1096: creating src/config.h
config.status:1361: executing depfiles commands
config.status:1438: cd .       && sed -e '/# am--include-marker/d' Makefile         | make -f - am--depfiles
make[1]: Nothing to be done for `am--depfiles'.
config.status:1443: $? = 0
config.status:1438: cd lib       && sed -e '/# am--include-marker/d' Makefile         | make -f - am--depfiles
make[1]: Nothing to be done for `am--depfiles'.
config.status:1443: $? = 0
config.status:1361: executing po-directories commands
